{"C:\\Projects\\1000ravier-mobileapp\\src\\App.tsx": {"path":"C:\\Projects\\1000ravier-mobileapp\\src\\App.tsx","statementMap":{"0":{"start":{"line":1,"column":0},"end":{"line":1,"column":39}},"1":{"start":{"line":2,"column":0},"end":{"line":2,"column":61}},"2":{"start":{"line":3,"column":0},"end":{"line":3,"column":68}},"3":{"start":{"line":4,"column":0},"end":{"line":4,"column":64}},"4":{"start":{"line":5,"column":0},"end":{"line":5,"column":37}},"5":{"start":{"line":6,"column":0},"end":{"line":6,"column":60}},"6":{"start":{"line":7,"column":0},"end":{"line":7,"column":59}},"7":{"start":{"line":8,"column":0},"end":{"line":8,"column":42}},"8":{"start":{"line":9,"column":0},"end":{"line":9,"column":51}},"9":{"start":{"line":10,"column":0},"end":{"line":10,"column":151}},"10":{"start":{"line":12,"column":0},"end":{"line":12,"column":41}},"11":{"start":{"line":13,"column":0},"end":{"line":13,"column":55}},"12":{"start":{"line":14,"column":0},"end":{"line":14,"column":57}},"13":{"start":{"line":15,"column":0},"end":{"line":15,"column":63}},"14":{"start":{"line":16,"column":0},"end":{"line":16,"column":57}},"15":{"start":{"line":17,"column":0},"end":{"line":17,"column":64}},"16":{"start":{"line":18,"column":0},"end":{"line":18,"column":58}},"17":{"start":{"line":19,"column":0},"end":{"line":19,"column":32}},"18":{"start":{"line":20,"column":0},"end":{"line":20,"column":53}},"19":{"start":{"line":24,"column":0},"end":{"line":24,"column":36}},"20":{"start":{"line":26,"column":19},"end":{"line":58,"column":1}},"21":{"start":{"line":27,"column":21},"end":{"line":27,"column":31}},"22":{"start":{"line":28,"column":30},"end":{"line":28,"column":75}},"23":{"start":{"line":28,"column":64},"end":{"line":28,"column":74}},"24":{"start":{"line":31,"column":2},"end":{"line":46,"column":5}},"25":{"start":{"line":36,"column":6},"end":{"line":38,"column":7}},"26":{"start":{"line":48,"column":2},"end":{"line":57,"column":4}},"27":{"start":{"line":60,"column":12},"end":{"line":104,"column":1}},"28":{"start":{"line":61,"column":38},"end":{"line":61,"column":58}},"29":{"start":{"line":63,"column":24},"end":{"line":69,"column":4}},"30":{"start":{"line":71,"column":2},"end":{"line":85,"column":20}},"31":{"start":{"line":72,"column":17},"end":{"line":82,"column":5}},"32":{"start":{"line":73,"column":6},"end":{"line":73,"column":31}},"33":{"start":{"line":73,"column":24},"end":{"line":73,"column":31}},"34":{"start":{"line":76,"column":6},"end":{"line":78,"column":15}},"35":{"start":{"line":77,"column":8},"end":{"line":77,"column":29}},"36":{"start":{"line":81,"column":6},"end":{"line":81,"column":37}},"37":{"start":{"line":84,"column":4},"end":{"line":84,"column":11}},"38":{"start":{"line":87,"column":2},"end":{"line":89,"column":3}},"39":{"start":{"line":88,"column":4},"end":{"line":88,"column":36}},"40":{"start":{"line":91,"column":2},"end":{"line":103,"column":4}},"41":{"start":{"line":106,"column":0},"end":{"line":106,"column":19}}},"fnMap":{"0":{"name":"(anonymous_9)","decl":{"start":{"line":26,"column":19},"end":{"line":26,"column":22}},"loc":{"start":{"line":26,"column":24},"end":{"line":58,"column":1}}},"1":{"name":"(anonymous_10)","decl":{"start":{"line":28,"column":42},"end":{"line":28,"column":43}},"loc":{"start":{"line":28,"column":64},"end":{"line":28,"column":74}}},"2":{"name":"(anonymous_11)","decl":{"start":{"line":33,"column":21},"end":{"line":33,"column":22}},"loc":{"start":{"line":33,"column":31},"end":{"line":39,"column":5}}},"3":{"name":"(anonymous_12)","decl":{"start":{"line":40,"column":28},"end":{"line":40,"column":29}},"loc":{"start":{"line":40,"column":45},"end":{"line":42,"column":5}}},"4":{"name":"(anonymous_13)","decl":{"start":{"line":43,"column":26},"end":{"line":43,"column":27}},"loc":{"start":{"line":43,"column":39},"end":{"line":45,"column":5}}},"5":{"name":"(anonymous_14)","decl":{"start":{"line":60,"column":12},"end":{"line":60,"column":15}},"loc":{"start":{"line":60,"column":17},"end":{"line":104,"column":1}}},"6":{"name":"(anonymous_15)","decl":{"start":{"line":71,"column":12},"end":{"line":71,"column":15}},"loc":{"start":{"line":71,"column":17},"end":{"line":85,"column":3}}},"7":{"name":"(anonymous_16)","decl":{"start":{"line":72,"column":17},"end":{"line":72,"column":22}},"loc":{"start":{"line":72,"column":28},"end":{"line":82,"column":5}}},"8":{"name":"(anonymous_17)","decl":{"start":{"line":76,"column":17},"end":{"line":76,"column":20}},"loc":{"start":{"line":76,"column":22},"end":{"line":78,"column":7}}}},"branchMap":{"0":{"loc":{"start":{"line":36,"column":6},"end":{"line":38,"column":7}},"type":"if","locations":[{"start":{"line":36,"column":6},"end":{"line":38,"column":7}}]},"1":{"loc":{"start":{"line":52,"column":28},"end":{"line":52,"column":53}},"type":"cond-expr","locations":[{"start":{"line":52,"column":37},"end":{"line":52,"column":44}},{"start":{"line":52,"column":47},"end":{"line":52,"column":53}}]},"2":{"loc":{"start":{"line":73,"column":6},"end":{"line":73,"column":31}},"type":"if","locations":[{"start":{"line":73,"column":6},"end":{"line":73,"column":31}}]},"3":{"loc":{"start":{"line":87,"column":2},"end":{"line":89,"column":3}},"type":"if","locations":[{"start":{"line":87,"column":2},"end":{"line":89,"column":3}}]},"4":{"loc":{"start":{"line":87,"column":6},"end":{"line":87,"column":32}},"type":"binary-expr","locations":[{"start":{"line":87,"column":6},"end":{"line":87,"column":18}},{"start":{"line":87,"column":22},"end":{"line":87,"column":32}}]}},"s":{"0":0,"1":0,"2":0,"3":0,"4":0,"5":0,"6":0,"7":0,"8":0,"9":0,"10":0,"11":0,"12":0,"13":0,"14":0,"15":0,"16":0,"17":0,"18":0,"19":0,"20":0,"21":0,"22":0,"23":0,"24":0,"25":0,"26":0,"27":0,"28":0,"29":0,"30":0,"31":0,"32":0,"33":0,"34":0,"35":0,"36":0,"37":0,"38":0,"39":0,"40":0,"41":0},"f":{"0":0,"1":0,"2":0,"3":0,"4":0,"5":0,"6":0,"7":0,"8":0},"b":{"0":[0],"1":[0,0],"2":[0],"3":[0],"4":[0,0]}}
,"C:\\Projects\\1000ravier-mobileapp\\src\\components\\ErrorBoundary.tsx": {"path":"C:\\Projects\\1000ravier-mobileapp\\src\\components\\ErrorBoundary.tsx","statementMap":{"0":{"start":{"line":1,"column":0},"end":{"line":1,"column":63}},"1":{"start":{"line":2,"column":0},"end":{"line":2,"column":84}},"2":{"start":{"line":3,"column":0},"end":{"line":3,"column":51}},"3":{"start":{"line":4,"column":0},"end":{"line":4,"column":62}},"4":{"start":{"line":5,"column":0},"end":{"line":5,"column":39}},"5":{"start":{"line":25,"column":4},"end":{"line":25,"column":17}},"6":{"start":{"line":26,"column":4},"end":{"line":30,"column":6}},"7":{"start":{"line":34,"column":4},"end":{"line":34,"column":30}},"8":{"start":{"line":39,"column":4},"end":{"line":42,"column":7}},"9":{"start":{"line":45,"column":4},"end":{"line":45,"column":43}},"10":{"start":{"line":51,"column":16},"end":{"line":57,"column":3}},"11":{"start":{"line":52,"column":4},"end":{"line":56,"column":7}},"12":{"start":{"line":59,"column":17},"end":{"line":63,"column":3}},"13":{"start":{"line":62,"column":4},"end":{"line":62,"column":23}},"14":{"start":{"line":66,"column":4},"end":{"line":112,"column":5}},"15":{"start":{"line":68,"column":6},"end":{"line":70,"column":7}},"16":{"start":{"line":69,"column":8},"end":{"line":69,"column":35}},"17":{"start":{"line":73,"column":6},"end":{"line":111,"column":8}},"18":{"start":{"line":114,"column":4},"end":{"line":114,"column":31}},"19":{"start":{"line":23,"column":0},"end":{"line":23,"column":13}},"20":{"start":{"line":118,"column":15},"end":{"line":208,"column":2}}},"fnMap":{"0":{"name":"(anonymous_9)","decl":{"start":{"line":24,"column":2},"end":{"line":24,"column":14}},"loc":{"start":{"line":24,"column":39},"end":{"line":31,"column":3}}},"1":{"name":"(anonymous_10)","decl":{"start":{"line":33,"column":2},"end":{"line":33,"column":8}},"loc":{"start":{"line":33,"column":46},"end":{"line":35,"column":3}}},"2":{"name":"(anonymous_11)","decl":{"start":{"line":37,"column":2},"end":{"line":37,"column":19}},"loc":{"start":{"line":37,"column":54},"end":{"line":49,"column":3}}},"3":{"name":"(anonymous_12)","decl":{"start":{"line":51,"column":16},"end":{"line":51,"column":19}},"loc":{"start":{"line":51,"column":21},"end":{"line":57,"column":3}}},"4":{"name":"(anonymous_13)","decl":{"start":{"line":59,"column":17},"end":{"line":59,"column":20}},"loc":{"start":{"line":59,"column":22},"end":{"line":63,"column":3}}},"5":{"name":"(anonymous_14)","decl":{"start":{"line":65,"column":2},"end":{"line":65,"column":8}},"loc":{"start":{"line":65,"column":8},"end":{"line":115,"column":3}}}},"branchMap":{"0":{"loc":{"start":{"line":66,"column":4},"end":{"line":112,"column":5}},"type":"if","locations":[{"start":{"line":66,"column":4},"end":{"line":112,"column":5}}]},"1":{"loc":{"start":{"line":68,"column":6},"end":{"line":70,"column":7}},"type":"if","locations":[{"start":{"line":68,"column":6},"end":{"line":70,"column":7}}]},"2":{"loc":{"start":{"line":85,"column":13},"end":{"line":92,"column":null}},"type":"binary-expr","locations":[{"start":{"line":85,"column":13},"end":{"line":85,"column":20}},{"start":{"line":85,"column":24},"end":{"line":85,"column":40}},{"start":{"line":86,"column":14},"end":{"line":91,"column":null}}]},"3":{"loc":{"start":{"line":89,"column":17},"end":{"line":90,"column":null}},"type":"binary-expr","locations":[{"start":{"line":89,"column":17},"end":{"line":89,"column":37}},{"start":{"line":90,"column":18},"end":{"line":90,"column":94}}]}},"s":{"0":0,"1":0,"2":0,"3":0,"4":0,"5":0,"6":0,"7":0,"8":0,"9":0,"10":0,"11":0,"12":0,"13":0,"14":0,"15":0,"16":0,"17":0,"18":0,"19":0,"20":0},"f":{"0":0,"1":0,"2":0,"3":0,"4":0,"5":0},"b":{"0":[0],"1":[0],"2":[0,0,0],"3":[0,0]}}
,"C:\\Projects\\1000ravier-mobileapp\\src\\components\\LoadingScreen.tsx": {"path":"C:\\Projects\\1000ravier-mobileapp\\src\\components\\LoadingScreen.tsx","statementMap":{"0":{"start":{"line":1,"column":0},"end":{"line":1,"column":26}},"1":{"start":{"line":2,"column":0},"end":{"line":2,"column":65}},"2":{"start":{"line":3,"column":0},"end":{"line":3,"column":39}},"3":{"start":{"line":5,"column":29},"end":{"line":11,"column":1}},"4":{"start":{"line":6,"column":2},"end":{"line":10,"column":4}},"5":{"start":{"line":5,"column":13},"end":{"line":5,"column":29}},"6":{"start":{"line":13,"column":15},"end":{"line":20,"column":2}}},"fnMap":{"0":{"name":"(anonymous_1)","decl":{"start":{"line":5,"column":29},"end":{"line":5,"column":32}},"loc":{"start":{"line":5,"column":34},"end":{"line":11,"column":1}}}},"branchMap":{},"s":{"0":0,"1":0,"2":0,"3":0,"4":0,"5":0,"6":0},"f":{"0":0},"b":{}}
,"C:\\Projects\\1000ravier-mobileapp\\src\\components\\SplashScreen.tsx": {"path":"C:\\Projects\\1000ravier-mobileapp\\src\\components\\SplashScreen.tsx","statementMap":{"0":{"start":{"line":1,"column":0},"end":{"line":1,"column":47}},"1":{"start":{"line":2,"column":0},"end":{"line":2,"column":74}},"2":{"start":{"line":3,"column":0},"end":{"line":3,"column":52}},"3":{"start":{"line":4,"column":0},"end":{"line":4,"column":49}},"4":{"start":{"line":6,"column":0},"end":{"line":6,"column":37}},"5":{"start":{"line":8,"column":24},"end":{"line":8,"column":48}},"6":{"start":{"line":10,"column":36},"end":{"line":129,"column":1}},"7":{"start":{"line":11,"column":19},"end":{"line":11,"column":56}},"8":{"start":{"line":12,"column":20},"end":{"line":12,"column":59}},"9":{"start":{"line":13,"column":20},"end":{"line":13,"column":58}},"10":{"start":{"line":15,"column":2},"end":{"line":36,"column":9}},"11":{"start":{"line":16,"column":4},"end":{"line":35,"column":15}},"12":{"start":{"line":38,"column":2},"end":{"line":128,"column":4}},"13":{"start":{"line":48,"column":10},"end":{"line":60,"column":null}},"14":{"start":{"line":10,"column":13},"end":{"line":10,"column":36}},"15":{"start":{"line":131,"column":15},"end":{"line":268,"column":2}}},"fnMap":{"0":{"name":"(anonymous_9)","decl":{"start":{"line":10,"column":36},"end":{"line":10,"column":39}},"loc":{"start":{"line":10,"column":41},"end":{"line":129,"column":1}}},"1":{"name":"(anonymous_10)","decl":{"start":{"line":15,"column":12},"end":{"line":15,"column":15}},"loc":{"start":{"line":15,"column":17},"end":{"line":36,"column":3}}},"2":{"name":"(anonymous_11)","decl":{"start":{"line":47,"column":28},"end":{"line":47,"column":29}},"loc":{"start":{"line":48,"column":10},"end":{"line":60,"column":null}}}},"branchMap":{},"s":{"0":0,"1":0,"2":0,"3":0,"4":0,"5":0,"6":0,"7":0,"8":0,"9":0,"10":0,"11":0,"12":0,"13":0,"14":0,"15":0},"f":{"0":0,"1":0,"2":0},"b":{}}
,"C:\\Projects\\1000ravier-mobileapp\\src\\components\\achievements\\AchievementNotification.tsx": {"path":"C:\\Projects\\1000ravier-mobileapp\\src\\components\\achievements\\AchievementNotification.tsx","statementMap":{"0":{"start":{"line":1,"column":0},"end":{"line":1,"column":49}},"1":{"start":{"line":2,"column":0},"end":{"line":2,"column":null}},"2":{"start":{"line":11,"column":0},"end":{"line":11,"column":54}},"3":{"start":{"line":12,"column":0},"end":{"line":12,"column":51}},"4":{"start":{"line":13,"column":0},"end":{"line":13,"column":39}},"5":{"start":{"line":15,"column":0},"end":{"line":15,"column":57}},"6":{"start":{"line":17,"column":26},"end":{"line":17,"column":50}},"7":{"start":{"line":26,"column":79},"end":{"line":286,"column":1}},"8":{"start":{"line":32,"column":20},"end":{"line":32,"column":57}},"9":{"start":{"line":33,"column":19},"end":{"line":33,"column":56}},"10":{"start":{"line":34,"column":24},"end":{"line":41,"column":11}},"11":{"start":{"line":35,"column":42},"end":{"line":40,"column":6}},"12":{"start":{"line":43,"column":2},"end":{"line":78,"column":16}},"13":{"start":{"line":44,"column":4},"end":{"line":77,"column":5}},"14":{"start":{"line":45,"column":6},"end":{"line":45,"column":24}},"15":{"start":{"line":48,"column":6},"end":{"line":60,"column":17}},"16":{"start":{"line":63,"column":6},"end":{"line":65,"column":7}},"17":{"start":{"line":64,"column":8},"end":{"line":64,"column":26}},"18":{"start":{"line":68,"column":20},"end":{"line":70,"column":14}},"19":{"start":{"line":69,"column":8},"end":{"line":69,"column":22}},"20":{"start":{"line":72,"column":6},"end":{"line":72,"column":39}},"21":{"start":{"line":72,"column":19},"end":{"line":72,"column":38}},"22":{"start":{"line":74,"column":6},"end":{"line":74,"column":28}},"23":{"start":{"line":75,"column":6},"end":{"line":75,"column":27}},"24":{"start":{"line":76,"column":6},"end":{"line":76,"column":22}},"25":{"start":{"line":80,"column":26},"end":{"line":110,"column":3}},"26":{"start":{"line":81,"column":23},"end":{"line":107,"column":6}},"27":{"start":{"line":82,"column":22},"end":{"line":82,"column":51}},"28":{"start":{"line":83,"column":27},"end":{"line":83,"column":46}},"29":{"start":{"line":85,"column":6},"end":{"line":106,"column":9}},"30":{"start":{"line":109,"column":4},"end":{"line":109,"column":45}},"31":{"start":{"line":112,"column":24},"end":{"line":119,"column":3}},"32":{"start":{"line":113,"column":4},"end":{"line":118,"column":7}},"33":{"start":{"line":114,"column":6},"end":{"line":114,"column":25}},"34":{"start":{"line":115,"column":6},"end":{"line":115,"column":25}},"35":{"start":{"line":116,"column":6},"end":{"line":116,"column":30}},"36":{"start":{"line":117,"column":6},"end":{"line":117,"column":31}},"37":{"start":{"line":121,"column":22},"end":{"line":136,"column":3}},"38":{"start":{"line":122,"column":4},"end":{"line":135,"column":7}},"39":{"start":{"line":134,"column":6},"end":{"line":134,"column":16}},"40":{"start":{"line":138,"column":25},"end":{"line":150,"column":3}},"41":{"start":{"line":139,"column":4},"end":{"line":149,"column":5}},"42":{"start":{"line":141,"column":8},"end":{"line":141,"column":74}},"43":{"start":{"line":143,"column":8},"end":{"line":143,"column":70}},"44":{"start":{"line":145,"column":8},"end":{"line":145,"column":64}},"45":{"start":{"line":148,"column":8},"end":{"line":148,"column":70}},"46":{"start":{"line":152,"column":25},"end":{"line":164,"column":3}},"47":{"start":{"line":153,"column":4},"end":{"line":163,"column":5}},"48":{"start":{"line":155,"column":8},"end":{"line":155,"column":26}},"49":{"start":{"line":157,"column":8},"end":{"line":157,"column":24}},"50":{"start":{"line":159,"column":8},"end":{"line":159,"column":24}},"51":{"start":{"line":162,"column":8},"end":{"line":162,"column":28}},"52":{"start":{"line":166,"column":2},"end":{"line":285,"column":4}},"53":{"start":{"line":178,"column":14},"end":{"line":202,"column":null}},"54":{"start":{"line":26,"column":13},"end":{"line":26,"column":79}},"55":{"start":{"line":288,"column":15},"end":{"line":416,"column":2}}},"fnMap":{"0":{"name":"(anonymous_9)","decl":{"start":{"line":26,"column":79},"end":{"line":26,"column":80}},"loc":{"start":{"line":31,"column":5},"end":{"line":286,"column":1}}},"1":{"name":"(anonymous_10)","decl":{"start":{"line":35,"column":35},"end":{"line":35,"column":38}},"loc":{"start":{"line":35,"column":42},"end":{"line":40,"column":6}}},"2":{"name":"(anonymous_11)","decl":{"start":{"line":43,"column":12},"end":{"line":43,"column":15}},"loc":{"start":{"line":43,"column":17},"end":{"line":78,"column":3}}},"3":{"name":"(anonymous_12)","decl":{"start":{"line":68,"column":31},"end":{"line":68,"column":34}},"loc":{"start":{"line":68,"column":36},"end":{"line":70,"column":7}}},"4":{"name":"(anonymous_13)","decl":{"start":{"line":72,"column":13},"end":{"line":72,"column":16}},"loc":{"start":{"line":72,"column":19},"end":{"line":72,"column":38}}},"5":{"name":"(anonymous_14)","decl":{"start":{"line":80,"column":26},"end":{"line":80,"column":29}},"loc":{"start":{"line":80,"column":31},"end":{"line":110,"column":3}}},"6":{"name":"(anonymous_15)","decl":{"start":{"line":81,"column":41},"end":{"line":81,"column":42}},"loc":{"start":{"line":81,"column":57},"end":{"line":107,"column":5}}},"7":{"name":"(anonymous_16)","decl":{"start":{"line":112,"column":24},"end":{"line":112,"column":27}},"loc":{"start":{"line":112,"column":29},"end":{"line":119,"column":3}}},"8":{"name":"(anonymous_17)","decl":{"start":{"line":113,"column":26},"end":{"line":113,"column":27}},"loc":{"start":{"line":113,"column":35},"end":{"line":118,"column":5}}},"9":{"name":"(anonymous_18)","decl":{"start":{"line":121,"column":22},"end":{"line":121,"column":25}},"loc":{"start":{"line":121,"column":27},"end":{"line":136,"column":3}}},"10":{"name":"(anonymous_19)","decl":{"start":{"line":133,"column":13},"end":{"line":133,"column":16}},"loc":{"start":{"line":133,"column":18},"end":{"line":135,"column":5}}},"11":{"name":"(anonymous_20)","decl":{"start":{"line":138,"column":25},"end":{"line":138,"column":46}},"loc":{"start":{"line":138,"column":48},"end":{"line":150,"column":3}}},"12":{"name":"(anonymous_21)","decl":{"start":{"line":152,"column":25},"end":{"line":152,"column":28}},"loc":{"start":{"line":152,"column":30},"end":{"line":164,"column":3}}},"13":{"name":"(anonymous_22)","decl":{"start":{"line":177,"column":31},"end":{"line":177,"column":32}},"loc":{"start":{"line":178,"column":14},"end":{"line":202,"column":null}}}},"branchMap":{"0":{"loc":{"start":{"line":30,"column":2},"end":{"line":30,"column":21}},"type":"default-arg","locations":[{"start":{"line":30,"column":17},"end":{"line":30,"column":21}}]},"1":{"loc":{"start":{"line":44,"column":4},"end":{"line":77,"column":5}},"type":"if","locations":[{"start":{"line":44,"column":4},"end":{"line":77,"column":5}},{"start":{"line":73,"column":11},"end":{"line":77,"column":5}}]},"2":{"loc":{"start":{"line":63,"column":6},"end":{"line":65,"column":7}},"type":"if","locations":[{"start":{"line":63,"column":6},"end":{"line":65,"column":7}}]},"3":{"loc":{"start":{"line":139,"column":4},"end":{"line":149,"column":5}},"type":"switch","locations":[{"start":{"line":140,"column":6},"end":{"line":141,"column":74}},{"start":{"line":142,"column":6},"end":{"line":143,"column":70}},{"start":{"line":144,"column":6},"end":{"line":145,"column":64}},{"start":{"line":146,"column":6},"end":{"line":146,"column":20}},{"start":{"line":147,"column":6},"end":{"line":148,"column":70}}]},"4":{"loc":{"start":{"line":153,"column":4},"end":{"line":163,"column":5}},"type":"switch","locations":[{"start":{"line":154,"column":6},"end":{"line":155,"column":26}},{"start":{"line":156,"column":6},"end":{"line":157,"column":24}},{"start":{"line":158,"column":6},"end":{"line":159,"column":24}},{"start":{"line":160,"column":6},"end":{"line":160,"column":20}},{"start":{"line":161,"column":6},"end":{"line":162,"column":28}}]},"5":{"loc":{"start":{"line":175,"column":9},"end":{"line":205,"column":null}},"type":"binary-expr","locations":[{"start":{"line":175,"column":9},"end":{"line":175,"column":21}},{"start":{"line":175,"column":25},"end":{"line":175,"column":32}},{"start":{"line":176,"column":10},"end":{"line":204,"column":null}}]},"6":{"loc":{"start":{"line":257,"column":15},"end":{"line":261,"column":null}},"type":"binary-expr","locations":[{"start":{"line":257,"column":15},"end":{"line":257,"column":42}},{"start":{"line":258,"column":16},"end":{"line":260,"column":null}}]},"7":{"loc":{"start":{"line":263,"column":15},"end":{"line":267,"column":null}},"type":"binary-expr","locations":[{"start":{"line":263,"column":15},"end":{"line":263,"column":37}},{"start":{"line":264,"column":16},"end":{"line":266,"column":null}}]},"8":{"loc":{"start":{"line":269,"column":15},"end":{"line":273,"column":null}},"type":"binary-expr","locations":[{"start":{"line":269,"column":15},"end":{"line":269,"column":40}},{"start":{"line":270,"column":16},"end":{"line":272,"column":null}}]}},"s":{"0":0,"1":0,"2":0,"3":0,"4":0,"5":0,"6":0,"7":0,"8":0,"9":0,"10":0,"11":0,"12":0,"13":0,"14":0,"15":0,"16":0,"17":0,"18":0,"19":0,"20":0,"21":0,"22":0,"23":0,"24":0,"25":0,"26":0,"27":0,"28":0,"29":0,"30":0,"31":0,"32":0,"33":0,"34":0,"35":0,"36":0,"37":0,"38":0,"39":0,"40":0,"41":0,"42":0,"43":0,"44":0,"45":0,"46":0,"47":0,"48":0,"49":0,"50":0,"51":0,"52":0,"53":0,"54":0,"55":0},"f":{"0":0,"1":0,"2":0,"3":0,"4":0,"5":0,"6":0,"7":0,"8":0,"9":0,"10":0,"11":0,"12":0,"13":0},"b":{"0":[0],"1":[0,0],"2":[0],"3":[0,0,0,0,0],"4":[0,0,0,0,0],"5":[0,0,0],"6":[0,0],"7":[0,0],"8":[0,0]}}
,"C:\\Projects\\1000ravier-mobileapp\\src\\components\\ads\\AdComponents.tsx": {"path":"C:\\Projects\\1000ravier-mobileapp\\src\\components\\ads\\AdComponents.tsx","statementMap":{"0":{"start":{"line":1,"column":0},"end":{"line":1,"column":49}},"1":{"start":{"line":2,"column":0},"end":{"line":2,"column":null}},"2":{"start":{"line":10,"column":0},"end":{"line":10,"column":53}},"3":{"start":{"line":11,"column":0},"end":{"line":11,"column":44}},"4":{"start":{"line":13,"column":0},"end":{"line":13,"column":43}},"5":{"start":{"line":15,"column":0},"end":{"line":15,"column":null}},"6":{"start":{"line":28,"column":49},"end":{"line":36,"column":1}},"7":{"start":{"line":29,"column":2},"end":{"line":35,"column":4}},"8":{"start":{"line":28,"column":13},"end":{"line":28,"column":49}},"9":{"start":{"line":47,"column":65},"end":{"line":194,"column":1}},"10":{"start":{"line":54,"column":19},"end":{"line":54,"column":45}},"11":{"start":{"line":62,"column":6},"end":{"line":62,"column":50}},"12":{"start":{"line":62,"column":40},"end":{"line":62,"column":49}},"13":{"start":{"line":64,"column":36},"end":{"line":64,"column":51}},"14":{"start":{"line":66,"column":2},"end":{"line":74,"column":53}},"15":{"start":{"line":68,"column":4},"end":{"line":68,"column":37}},"16":{"start":{"line":71,"column":4},"end":{"line":73,"column":5}},"17":{"start":{"line":72,"column":6},"end":{"line":72,"column":33}},"18":{"start":{"line":76,"column":2},"end":{"line":81,"column":41}},"19":{"start":{"line":78,"column":4},"end":{"line":80,"column":5}},"20":{"start":{"line":79,"column":6},"end":{"line":79,"column":39}},"21":{"start":{"line":83,"column":24},"end":{"line":123,"column":3}},"22":{"start":{"line":84,"column":4},"end":{"line":87,"column":5}},"23":{"start":{"line":85,"column":6},"end":{"line":85,"column":77}},"24":{"start":{"line":86,"column":6},"end":{"line":86,"column":13}},"25":{"start":{"line":89,"column":4},"end":{"line":102,"column":5}},"26":{"start":{"line":90,"column":6},"end":{"line":100,"column":8}},"27":{"start":{"line":96,"column":27},"end":{"line":96,"column":53}},"28":{"start":{"line":101,"column":6},"end":{"line":101,"column":13}},"29":{"start":{"line":104,"column":4},"end":{"line":122,"column":5}},"30":{"start":{"line":105,"column":6},"end":{"line":105,"column":25}},"31":{"start":{"line":106,"column":6},"end":{"line":106,"column":30}},"32":{"start":{"line":107,"column":6},"end":{"line":107,"column":48}},"33":{"start":{"line":109,"column":6},"end":{"line":119,"column":8}},"34":{"start":{"line":115,"column":27},"end":{"line":115,"column":53}},"35":{"start":{"line":121,"column":6},"end":{"line":121,"column":26}},"36":{"start":{"line":125,"column":24},"end":{"line":134,"column":3}},"37":{"start":{"line":126,"column":4},"end":{"line":133,"column":5}},"38":{"start":{"line":128,"column":8},"end":{"line":128,"column":34}},"39":{"start":{"line":130,"column":8},"end":{"line":130,"column":34}},"40":{"start":{"line":132,"column":8},"end":{"line":132,"column":35}},"41":{"start":{"line":136,"column":22},"end":{"line":145,"column":3}},"42":{"start":{"line":137,"column":4},"end":{"line":144,"column":5}},"43":{"start":{"line":139,"column":8},"end":{"line":139,"column":18}},"44":{"start":{"line":141,"column":8},"end":{"line":141,"column":18}},"45":{"start":{"line":143,"column":8},"end":{"line":143,"column":18}},"46":{"start":{"line":147,"column":22},"end":{"line":156,"column":3}},"47":{"start":{"line":148,"column":4},"end":{"line":155,"column":5}},"48":{"start":{"line":150,"column":8},"end":{"line":150,"column":38}},"49":{"start":{"line":152,"column":8},"end":{"line":152,"column":38}},"50":{"start":{"line":154,"column":8},"end":{"line":154,"column":39}},"51":{"start":{"line":158,"column":20},"end":{"line":158,"column":68}},"52":{"start":{"line":159,"column":21},"end":{"line":159,"column":88}},"53":{"start":{"line":161,"column":2},"end":{"line":193,"column":4}},"54":{"start":{"line":47,"column":13},"end":{"line":47,"column":65}},"55":{"start":{"line":206,"column":57},"end":{"line":287,"column":1}},"56":{"start":{"line":214,"column":47},"end":{"line":215,"column":null}},"57":{"start":{"line":215,"column":26},"end":{"line":215,"column":35}},"58":{"start":{"line":218,"column":20},"end":{"line":229,"column":3}},"59":{"start":{"line":219,"column":4},"end":{"line":228,"column":5}},"60":{"start":{"line":221,"column":8},"end":{"line":221,"column":29}},"61":{"start":{"line":223,"column":8},"end":{"line":223,"column":27}},"62":{"start":{"line":225,"column":8},"end":{"line":225,"column":22}},"63":{"start":{"line":227,"column":8},"end":{"line":227,"column":22}},"64":{"start":{"line":231,"column":26},"end":{"line":242,"column":3}},"65":{"start":{"line":232,"column":4},"end":{"line":241,"column":5}},"66":{"start":{"line":234,"column":8},"end":{"line":234,"column":29}},"67":{"start":{"line":236,"column":8},"end":{"line":236,"column":33}},"68":{"start":{"line":238,"column":8},"end":{"line":238,"column":31}},"69":{"start":{"line":240,"column":8},"end":{"line":240,"column":30}},"70":{"start":{"line":244,"column":2},"end":{"line":286,"column":4}},"71":{"start":{"line":206,"column":13},"end":{"line":206,"column":57}},"72":{"start":{"line":289,"column":15},"end":{"line":434,"column":2}},"73":{"start":{"line":436,"column":0},"end":{"line":436,"column":58}}},"fnMap":{"0":{"name":"(anonymous_9)","decl":{"start":{"line":28,"column":49},"end":{"line":28,"column":50}},"loc":{"start":{"line":28,"column":78},"end":{"line":36,"column":1}}},"1":{"name":"(anonymous_10)","decl":{"start":{"line":47,"column":65},"end":{"line":47,"column":66}},"loc":{"start":{"line":53,"column":5},"end":{"line":194,"column":1}}},"2":{"name":"(anonymous_11)","decl":{"start":{"line":62,"column":18},"end":{"line":62,"column":19}},"loc":{"start":{"line":62,"column":40},"end":{"line":62,"column":49}}},"3":{"name":"(anonymous_12)","decl":{"start":{"line":66,"column":12},"end":{"line":66,"column":15}},"loc":{"start":{"line":66,"column":17},"end":{"line":74,"column":3}}},"4":{"name":"(anonymous_13)","decl":{"start":{"line":76,"column":12},"end":{"line":76,"column":15}},"loc":{"start":{"line":76,"column":17},"end":{"line":81,"column":3}}},"5":{"name":"(anonymous_14)","decl":{"start":{"line":83,"column":24},"end":{"line":83,"column":29}},"loc":{"start":{"line":83,"column":35},"end":{"line":123,"column":3}}},"6":{"name":"(anonymous_15)","decl":{"start":{"line":96,"column":21},"end":{"line":96,"column":24}},"loc":{"start":{"line":96,"column":27},"end":{"line":96,"column":53}}},"7":{"name":"(anonymous_16)","decl":{"start":{"line":115,"column":21},"end":{"line":115,"column":24}},"loc":{"start":{"line":115,"column":27},"end":{"line":115,"column":53}}},"8":{"name":"(anonymous_17)","decl":{"start":{"line":125,"column":24},"end":{"line":125,"column":27}},"loc":{"start":{"line":125,"column":29},"end":{"line":134,"column":3}}},"9":{"name":"(anonymous_18)","decl":{"start":{"line":136,"column":22},"end":{"line":136,"column":25}},"loc":{"start":{"line":136,"column":27},"end":{"line":145,"column":3}}},"10":{"name":"(anonymous_19)","decl":{"start":{"line":147,"column":22},"end":{"line":147,"column":25}},"loc":{"start":{"line":147,"column":27},"end":{"line":156,"column":3}}},"11":{"name":"(anonymous_20)","decl":{"start":{"line":206,"column":57},"end":{"line":206,"column":58}},"loc":{"start":{"line":213,"column":5},"end":{"line":287,"column":1}}},"12":{"name":"(anonymous_21)","decl":{"start":{"line":215,"column":4},"end":{"line":215,"column":5}},"loc":{"start":{"line":215,"column":26},"end":{"line":215,"column":35}}},"13":{"name":"(anonymous_22)","decl":{"start":{"line":218,"column":20},"end":{"line":218,"column":23}},"loc":{"start":{"line":218,"column":25},"end":{"line":229,"column":3}}},"14":{"name":"(anonymous_23)","decl":{"start":{"line":231,"column":26},"end":{"line":231,"column":29}},"loc":{"start":{"line":231,"column":31},"end":{"line":242,"column":3}}}},"branchMap":{"0":{"loc":{"start":{"line":28,"column":51},"end":{"line":28,"column":66}},"type":"default-arg","locations":[{"start":{"line":28,"column":58},"end":{"line":28,"column":66}}]},"1":{"loc":{"start":{"line":49,"column":2},"end":{"line":49,"column":37}},"type":"default-arg","locations":[{"start":{"line":49,"column":15},"end":{"line":49,"column":37}}]},"2":{"loc":{"start":{"line":50,"column":2},"end":{"line":50,"column":18}},"type":"default-arg","locations":[{"start":{"line":50,"column":13},"end":{"line":50,"column":18}}]},"3":{"loc":{"start":{"line":52,"column":2},"end":{"line":52,"column":17}},"type":"default-arg","locations":[{"start":{"line":52,"column":9},"end":{"line":52,"column":17}}]},"4":{"loc":{"start":{"line":71,"column":4},"end":{"line":73,"column":5}},"type":"if","locations":[{"start":{"line":71,"column":4},"end":{"line":73,"column":5}}]},"5":{"loc":{"start":{"line":71,"column":8},"end":{"line":71,"column":46}},"type":"binary-expr","locations":[{"start":{"line":71,"column":8},"end":{"line":71,"column":24}},{"start":{"line":71,"column":28},"end":{"line":71,"column":46}}]},"6":{"loc":{"start":{"line":78,"column":4},"end":{"line":80,"column":5}},"type":"if","locations":[{"start":{"line":78,"column":4},"end":{"line":80,"column":5}}]},"7":{"loc":{"start":{"line":78,"column":8},"end":{"line":78,"column":46}},"type":"binary-expr","locations":[{"start":{"line":78,"column":8},"end":{"line":78,"column":28}},{"start":{"line":78,"column":32},"end":{"line":78,"column":46}}]},"8":{"loc":{"start":{"line":84,"column":4},"end":{"line":87,"column":5}},"type":"if","locations":[{"start":{"line":84,"column":4},"end":{"line":87,"column":5}}]},"9":{"loc":{"start":{"line":89,"column":4},"end":{"line":102,"column":5}},"type":"if","locations":[{"start":{"line":89,"column":4},"end":{"line":102,"column":5}}]},"10":{"loc":{"start":{"line":89,"column":8},"end":{"line":89,"column":46}},"type":"binary-expr","locations":[{"start":{"line":89,"column":8},"end":{"line":89,"column":24}},{"start":{"line":89,"column":28},"end":{"line":89,"column":46}}]},"11":{"loc":{"start":{"line":126,"column":4},"end":{"line":133,"column":5}},"type":"switch","locations":[{"start":{"line":127,"column":6},"end":{"line":128,"column":34}},{"start":{"line":129,"column":6},"end":{"line":130,"column":34}},{"start":{"line":131,"column":6},"end":{"line":132,"column":35}}]},"12":{"loc":{"start":{"line":137,"column":4},"end":{"line":144,"column":5}},"type":"switch","locations":[{"start":{"line":138,"column":6},"end":{"line":139,"column":18}},{"start":{"line":140,"column":6},"end":{"line":141,"column":18}},{"start":{"line":142,"column":6},"end":{"line":143,"column":18}}]},"13":{"loc":{"start":{"line":148,"column":4},"end":{"line":155,"column":5}},"type":"switch","locations":[{"start":{"line":149,"column":6},"end":{"line":150,"column":38}},{"start":{"line":151,"column":6},"end":{"line":152,"column":38}},{"start":{"line":153,"column":6},"end":{"line":154,"column":39}}]},"14":{"loc":{"start":{"line":158,"column":20},"end":{"line":158,"column":68}},"type":"binary-expr","locations":[{"start":{"line":158,"column":20},"end":{"line":158,"column":37}},{"start":{"line":158,"column":41},"end":{"line":158,"column":50}},{"start":{"line":158,"column":54},"end":{"line":158,"column":68}}]},"15":{"loc":{"start":{"line":159,"column":21},"end":{"line":159,"column":88}},"type":"binary-expr","locations":[{"start":{"line":159,"column":21},"end":{"line":159,"column":29}},{"start":{"line":159,"column":33},"end":{"line":159,"column":44}},{"start":{"line":159,"column":49},"end":{"line":159,"column":65}},{"start":{"line":159,"column":69},"end":{"line":159,"column":87}}]},"16":{"loc":{"start":{"line":166,"column":8},"end":{"line":166,"column":43}},"type":"binary-expr","locations":[{"start":{"line":166,"column":8},"end":{"line":166,"column":18}},{"start":{"line":166,"column":22},"end":{"line":166,"column":43}}]},"17":{"loc":{"start":{"line":170,"column":16},"end":{"line":170,"column":39}},"type":"binary-expr","locations":[{"start":{"line":170,"column":16},"end":{"line":170,"column":26}},{"start":{"line":170,"column":30},"end":{"line":170,"column":39}}]},"18":{"loc":{"start":{"line":173,"column":7},"end":{"line":186,"column":null}},"type":"cond-expr","locations":[{"start":{"line":174,"column":8},"end":{"line":174,"column":63}},{"start":{"line":176,"column":8},"end":{"line":185,"column":null}}]},"19":{"loc":{"start":{"line":189,"column":7},"end":{"line":190,"column":null}},"type":"binary-expr","locations":[{"start":{"line":189,"column":7},"end":{"line":189,"column":22}},{"start":{"line":190,"column":8},"end":{"line":190,"column":62}}]},"20":{"loc":{"start":{"line":212,"column":2},"end":{"line":212,"column":18}},"type":"default-arg","locations":[{"start":{"line":212,"column":13},"end":{"line":212,"column":18}}]},"21":{"loc":{"start":{"line":219,"column":4},"end":{"line":228,"column":5}},"type":"switch","locations":[{"start":{"line":220,"column":6},"end":{"line":221,"column":29}},{"start":{"line":222,"column":6},"end":{"line":223,"column":27}},{"start":{"line":224,"column":6},"end":{"line":225,"column":22}},{"start":{"line":226,"column":6},"end":{"line":227,"column":22}}]},"22":{"loc":{"start":{"line":232,"column":4},"end":{"line":241,"column":5}},"type":"switch","locations":[{"start":{"line":233,"column":6},"end":{"line":234,"column":29}},{"start":{"line":235,"column":6},"end":{"line":236,"column":33}},{"start":{"line":237,"column":6},"end":{"line":238,"column":31}},{"start":{"line":239,"column":6},"end":{"line":240,"column":30}}]},"23":{"loc":{"start":{"line":253,"column":13},"end":{"line":253,"column":39}},"type":"binary-expr","locations":[{"start":{"line":253,"column":13},"end":{"line":253,"column":18}},{"start":{"line":253,"column":22},"end":{"line":253,"column":39}}]},"24":{"loc":{"start":{"line":256,"column":13},"end":{"line":256,"column":58}},"type":"binary-expr","locations":[{"start":{"line":256,"column":13},"end":{"line":256,"column":24}},{"start":{"line":256,"column":28},"end":{"line":256,"column":58}}]},"25":{"loc":{"start":{"line":269,"column":10},"end":{"line":269,"column":89}},"type":"binary-expr","locations":[{"start":{"line":269,"column":11},"end":{"line":269,"column":19}},{"start":{"line":269,"column":24},"end":{"line":269,"column":40}},{"start":{"line":269,"column":44},"end":{"line":269,"column":62}},{"start":{"line":269,"column":68},"end":{"line":269,"column":89}}]},"26":{"loc":{"start":{"line":272,"column":18},"end":{"line":272,"column":70}},"type":"binary-expr","locations":[{"start":{"line":272,"column":18},"end":{"line":272,"column":26}},{"start":{"line":272,"column":31},"end":{"line":272,"column":47}},{"start":{"line":272,"column":51},"end":{"line":272,"column":69}}]},"27":{"loc":{"start":{"line":274,"column":9},"end":{"line":282,"column":null}},"type":"cond-expr","locations":[{"start":{"line":275,"column":10},"end":{"line":275,"column":65}},{"start":{"line":277,"column":10},"end":{"line":281,"column":null}}]},"28":{"loc":{"start":{"line":280,"column":15},"end":{"line":280,"column":61}},"type":"cond-expr","locations":[{"start":{"line":280,"column":36},"end":{"line":280,"column":47}},{"start":{"line":280,"column":50},"end":{"line":280,"column":61}}]}},"s":{"0":0,"1":0,"2":0,"3":0,"4":0,"5":0,"6":0,"7":0,"8":0,"9":0,"10":0,"11":0,"12":0,"13":0,"14":0,"15":0,"16":0,"17":0,"18":0,"19":0,"20":0,"21":0,"22":0,"23":0,"24":0,"25":0,"26":0,"27":0,"28":0,"29":0,"30":0,"31":0,"32":0,"33":0,"34":0,"35":0,"36":0,"37":0,"38":0,"39":0,"40":0,"41":0,"42":0,"43":0,"44":0,"45":0,"46":0,"47":0,"48":0,"49":0,"50":0,"51":0,"52":0,"53":0,"54":0,"55":0,"56":0,"57":0,"58":0,"59":0,"60":0,"61":0,"62":0,"63":0,"64":0,"65":0,"66":0,"67":0,"68":0,"69":0,"70":0,"71":0,"72":0,"73":0},"f":{"0":0,"1":0,"2":0,"3":0,"4":0,"5":0,"6":0,"7":0,"8":0,"9":0,"10":0,"11":0,"12":0,"13":0,"14":0},"b":{"0":[0],"1":[0],"2":[0],"3":[0],"4":[0],"5":[0,0],"6":[0],"7":[0,0],"8":[0],"9":[0],"10":[0,0],"11":[0,0,0],"12":[0,0,0],"13":[0,0,0],"14":[0,0,0],"15":[0,0,0,0],"16":[0,0],"17":[0,0],"18":[0,0],"19":[0,0],"20":[0],"21":[0,0,0,0],"22":[0,0,0,0],"23":[0,0],"24":[0,0],"25":[0,0,0,0],"26":[0,0,0],"27":[0,0],"28":[0,0]}}
,"C:\\Projects\\1000ravier-mobileapp\\src\\components\\common\\AnimatedNumber.tsx": {"path":"C:\\Projects\\1000ravier-mobileapp\\src\\components\\common\\AnimatedNumber.tsx","statementMap":{"0":{"start":{"line":1,"column":0},"end":{"line":1,"column":59}},"1":{"start":{"line":2,"column":0},"end":{"line":2,"column":65}},"2":{"start":{"line":14,"column":61},"end":{"line":52,"column":1}},"3":{"start":{"line":23,"column":24},"end":{"line":23,"column":61}},"4":{"start":{"line":24,"column":42},"end":{"line":24,"column":73}},"5":{"start":{"line":26,"column":2},"end":{"line":45,"column":73}},"6":{"start":{"line":27,"column":23},"end":{"line":33,"column":6}},"7":{"start":{"line":28,"column":29},"end":{"line":30,"column":42}},"8":{"start":{"line":32,"column":6},"end":{"line":32,"column":61}},"9":{"start":{"line":35,"column":4},"end":{"line":40,"column":15}},"10":{"start":{"line":42,"column":4},"end":{"line":44,"column":6}},"11":{"start":{"line":43,"column":6},"end":{"line":43,"column":47}},"12":{"start":{"line":47,"column":2},"end":{"line":51,"column":4}},"13":{"start":{"line":14,"column":13},"end":{"line":14,"column":61}}},"fnMap":{"0":{"name":"(anonymous_9)","decl":{"start":{"line":14,"column":61},"end":{"line":14,"column":62}},"loc":{"start":{"line":22,"column":5},"end":{"line":52,"column":1}}},"1":{"name":"(anonymous_10)","decl":{"start":{"line":26,"column":12},"end":{"line":26,"column":15}},"loc":{"start":{"line":26,"column":17},"end":{"line":45,"column":3}}},"2":{"name":"(anonymous_11)","decl":{"start":{"line":27,"column":49},"end":{"line":27,"column":50}},"loc":{"start":{"line":27,"column":74},"end":{"line":33,"column":5}}},"3":{"name":"(anonymous_12)","decl":{"start":{"line":42,"column":11},"end":{"line":42,"column":14}},"loc":{"start":{"line":42,"column":16},"end":{"line":44,"column":5}}}},"branchMap":{"0":{"loc":{"start":{"line":16,"column":2},"end":{"line":16,"column":17}},"type":"default-arg","locations":[{"start":{"line":16,"column":13},"end":{"line":16,"column":17}}]},"1":{"loc":{"start":{"line":17,"column":2},"end":{"line":17,"column":13}},"type":"default-arg","locations":[{"start":{"line":17,"column":11},"end":{"line":17,"column":13}}]},"2":{"loc":{"start":{"line":18,"column":2},"end":{"line":18,"column":13}},"type":"default-arg","locations":[{"start":{"line":18,"column":11},"end":{"line":18,"column":13}}]},"3":{"loc":{"start":{"line":19,"column":2},"end":{"line":19,"column":14}},"type":"default-arg","locations":[{"start":{"line":19,"column":13},"end":{"line":19,"column":14}}]},"4":{"loc":{"start":{"line":21,"column":2},"end":{"line":21,"column":35}},"type":"default-arg","locations":[{"start":{"line":21,"column":11},"end":{"line":21,"column":35}}]},"5":{"loc":{"start":{"line":28,"column":29},"end":{"line":30,"column":42}},"type":"cond-expr","locations":[{"start":{"line":29,"column":10},"end":{"line":29,"column":37}},{"start":{"line":30,"column":10},"end":{"line":30,"column":42}}]}},"s":{"0":0,"1":0,"2":0,"3":0,"4":0,"5":0,"6":0,"7":0,"8":0,"9":0,"10":0,"11":0,"12":0,"13":0},"f":{"0":0,"1":0,"2":0,"3":0},"b":{"0":[0],"1":[0],"2":[0],"3":[0],"4":[0],"5":[0,0]}}
,"C:\\Projects\\1000ravier-mobileapp\\src\\components\\common\\Badge.tsx": {"path":"C:\\Projects\\1000ravier-mobileapp\\src\\components\\common\\Badge.tsx","statementMap":{"0":{"start":{"line":1,"column":0},"end":{"line":1,"column":26}},"1":{"start":{"line":2,"column":0},"end":{"line":2,"column":76}},"2":{"start":{"line":3,"column":0},"end":{"line":3,"column":51}},"3":{"start":{"line":4,"column":0},"end":{"line":4,"column":39}},"4":{"start":{"line":16,"column":43},"end":{"line":83,"column":1}},"5":{"start":{"line":25,"column":22},"end":{"line":31,"column":4}},"6":{"start":{"line":33,"column":21},"end":{"line":38,"column":4}},"7":{"start":{"line":40,"column":22},"end":{"line":49,"column":3}},"8":{"start":{"line":41,"column":4},"end":{"line":48,"column":5}},"9":{"start":{"line":43,"column":8},"end":{"line":43,"column":18}},"10":{"start":{"line":45,"column":8},"end":{"line":45,"column":18}},"11":{"start":{"line":47,"column":8},"end":{"line":47,"column":18}},"12":{"start":{"line":51,"column":23},"end":{"line":68,"column":3}},"13":{"start":{"line":52,"column":4},"end":{"line":67,"column":5}},"14":{"start":{"line":54,"column":8},"end":{"line":54,"column":41}},"15":{"start":{"line":56,"column":8},"end":{"line":56,"column":43}},"16":{"start":{"line":58,"column":8},"end":{"line":58,"column":41}},"17":{"start":{"line":60,"column":8},"end":{"line":60,"column":41}},"18":{"start":{"line":62,"column":8},"end":{"line":62,"column":39}},"19":{"start":{"line":64,"column":8},"end":{"line":64,"column":38}},"20":{"start":{"line":66,"column":8},"end":{"line":66,"column":38}},"21":{"start":{"line":70,"column":2},"end":{"line":82,"column":4}},"22":{"start":{"line":16,"column":13},"end":{"line":16,"column":43}},"23":{"start":{"line":85,"column":15},"end":{"line":166,"column":2}}},"fnMap":{"0":{"name":"(anonymous_1)","decl":{"start":{"line":16,"column":43},"end":{"line":16,"column":44}},"loc":{"start":{"line":24,"column":5},"end":{"line":83,"column":1}}},"1":{"name":"(anonymous_2)","decl":{"start":{"line":40,"column":22},"end":{"line":40,"column":25}},"loc":{"start":{"line":40,"column":27},"end":{"line":49,"column":3}}},"2":{"name":"(anonymous_3)","decl":{"start":{"line":51,"column":23},"end":{"line":51,"column":26}},"loc":{"start":{"line":51,"column":28},"end":{"line":68,"column":3}}}},"branchMap":{"0":{"loc":{"start":{"line":18,"column":2},"end":{"line":18,"column":21}},"type":"default-arg","locations":[{"start":{"line":18,"column":12},"end":{"line":18,"column":21}}]},"1":{"loc":{"start":{"line":19,"column":2},"end":{"line":19,"column":13}},"type":"default-arg","locations":[{"start":{"line":19,"column":9},"end":{"line":19,"column":13}}]},"2":{"loc":{"start":{"line":21,"column":2},"end":{"line":21,"column":17}},"type":"default-arg","locations":[{"start":{"line":21,"column":12},"end":{"line":21,"column":17}}]},"3":{"loc":{"start":{"line":29,"column":4},"end":{"line":29,"column":29}},"type":"binary-expr","locations":[{"start":{"line":29,"column":4},"end":{"line":29,"column":11}},{"start":{"line":29,"column":15},"end":{"line":29,"column":29}}]},"4":{"loc":{"start":{"line":41,"column":4},"end":{"line":48,"column":5}},"type":"switch","locations":[{"start":{"line":42,"column":6},"end":{"line":43,"column":18}},{"start":{"line":44,"column":6},"end":{"line":45,"column":18}},{"start":{"line":46,"column":6},"end":{"line":47,"column":18}}]},"5":{"loc":{"start":{"line":52,"column":4},"end":{"line":67,"column":5}},"type":"switch","locations":[{"start":{"line":53,"column":6},"end":{"line":54,"column":41}},{"start":{"line":55,"column":6},"end":{"line":56,"column":43}},{"start":{"line":57,"column":6},"end":{"line":58,"column":41}},{"start":{"line":59,"column":6},"end":{"line":60,"column":41}},{"start":{"line":61,"column":6},"end":{"line":62,"column":39}},{"start":{"line":63,"column":6},"end":{"line":64,"column":38}},{"start":{"line":65,"column":6},"end":{"line":66,"column":38}}]},"6":{"loc":{"start":{"line":72,"column":7},"end":{"line":78,"column":null}},"type":"binary-expr","locations":[{"start":{"line":72,"column":7},"end":{"line":72,"column":11}},{"start":{"line":73,"column":8},"end":{"line":77,"column":null}}]}},"s":{"0":0,"1":0,"2":0,"3":0,"4":0,"5":0,"6":0,"7":0,"8":0,"9":0,"10":0,"11":0,"12":0,"13":0,"14":0,"15":0,"16":0,"17":0,"18":0,"19":0,"20":0,"21":0,"22":0,"23":0},"f":{"0":0,"1":0,"2":0},"b":{"0":[0],"1":[0],"2":[0],"3":[0,0],"4":[0,0,0],"5":[0,0,0,0,0,0,0],"6":[0,0]}}
,"C:\\Projects\\1000ravier-mobileapp\\src\\components\\common\\Button.tsx": {"path":"C:\\Projects\\1000ravier-mobileapp\\src\\components\\common\\Button.tsx","statementMap":{"0":{"start":{"line":1,"column":0},"end":{"line":1,"column":26}},"1":{"start":{"line":2,"column":0},"end":{"line":2,"column":null}},"2":{"start":{"line":11,"column":0},"end":{"line":11,"column":52}},"3":{"start":{"line":12,"column":0},"end":{"line":12,"column":49}},"4":{"start":{"line":13,"column":0},"end":{"line":13,"column":39}},"5":{"start":{"line":26,"column":45},"end":{"line":143,"column":1}},"6":{"start":{"line":39,"column":25},"end":{"line":70,"column":3}},"7":{"start":{"line":40,"column":33},"end":{"line":43,"column":6}},"8":{"start":{"line":45,"column":4},"end":{"line":47,"column":5}},"9":{"start":{"line":46,"column":6},"end":{"line":46,"column":31}},"10":{"start":{"line":49,"column":4},"end":{"line":51,"column":5}},"11":{"start":{"line":50,"column":6},"end":{"line":50,"column":30}},"12":{"start":{"line":53,"column":4},"end":{"line":69,"column":5}},"13":{"start":{"line":55,"column":8},"end":{"line":55,"column":63}},"14":{"start":{"line":57,"column":8},"end":{"line":57,"column":65}},"15":{"start":{"line":59,"column":8},"end":{"line":64,"column":10}},"16":{"start":{"line":66,"column":8},"end":{"line":66,"column":62}},"17":{"start":{"line":68,"column":8},"end":{"line":68,"column":63}},"18":{"start":{"line":72,"column":23},"end":{"line":83,"column":3}},"19":{"start":{"line":73,"column":33},"end":{"line":76,"column":6}},"20":{"start":{"line":78,"column":4},"end":{"line":80,"column":5}},"21":{"start":{"line":79,"column":6},"end":{"line":79,"column":39}},"22":{"start":{"line":82,"column":4},"end":{"line":82,"column":21}},"23":{"start":{"line":85,"column":22},"end":{"line":85,"column":38}},"24":{"start":{"line":86,"column":20},"end":{"line":86,"column":34}},"25":{"start":{"line":89,"column":4},"end":{"line":107,"column":null}},"26":{"start":{"line":111,"column":2},"end":{"line":130,"column":3}},"27":{"start":{"line":112,"column":4},"end":{"line":129,"column":6}},"28":{"start":{"line":132,"column":2},"end":{"line":142,"column":4}},"29":{"start":{"line":26,"column":13},"end":{"line":26,"column":45}},"30":{"start":{"line":145,"column":15},"end":{"line":194,"column":2}}},"fnMap":{"0":{"name":"(anonymous_1)","decl":{"start":{"line":26,"column":45},"end":{"line":26,"column":46}},"loc":{"start":{"line":38,"column":5},"end":{"line":143,"column":1}}},"1":{"name":"(anonymous_2)","decl":{"start":{"line":39,"column":25},"end":{"line":39,"column":39}},"loc":{"start":{"line":39,"column":41},"end":{"line":70,"column":3}}},"2":{"name":"(anonymous_3)","decl":{"start":{"line":72,"column":23},"end":{"line":72,"column":37}},"loc":{"start":{"line":72,"column":39},"end":{"line":83,"column":3}}}},"branchMap":{"0":{"loc":{"start":{"line":29,"column":2},"end":{"line":29,"column":21}},"type":"default-arg","locations":[{"start":{"line":29,"column":12},"end":{"line":29,"column":21}}]},"1":{"loc":{"start":{"line":30,"column":2},"end":{"line":30,"column":17}},"type":"default-arg","locations":[{"start":{"line":30,"column":9},"end":{"line":30,"column":17}}]},"2":{"loc":{"start":{"line":31,"column":2},"end":{"line":31,"column":17}},"type":"default-arg","locations":[{"start":{"line":31,"column":12},"end":{"line":31,"column":17}}]},"3":{"loc":{"start":{"line":33,"column":2},"end":{"line":33,"column":18}},"type":"default-arg","locations":[{"start":{"line":33,"column":14},"end":{"line":33,"column":18}}]},"4":{"loc":{"start":{"line":34,"column":2},"end":{"line":34,"column":18}},"type":"default-arg","locations":[{"start":{"line":34,"column":13},"end":{"line":34,"column":18}}]},"5":{"loc":{"start":{"line":45,"column":4},"end":{"line":47,"column":5}},"type":"if","locations":[{"start":{"line":45,"column":4},"end":{"line":47,"column":5}}]},"6":{"loc":{"start":{"line":49,"column":4},"end":{"line":51,"column":5}},"type":"if","locations":[{"start":{"line":49,"column":4},"end":{"line":51,"column":5}}]},"7":{"loc":{"start":{"line":49,"column":8},"end":{"line":49,"column":27}},"type":"binary-expr","locations":[{"start":{"line":49,"column":8},"end":{"line":49,"column":16}},{"start":{"line":49,"column":20},"end":{"line":49,"column":27}}]},"8":{"loc":{"start":{"line":53,"column":4},"end":{"line":69,"column":5}},"type":"switch","locations":[{"start":{"line":54,"column":6},"end":{"line":55,"column":63}},{"start":{"line":56,"column":6},"end":{"line":57,"column":65}},{"start":{"line":58,"column":6},"end":{"line":64,"column":10}},{"start":{"line":65,"column":6},"end":{"line":66,"column":62}},{"start":{"line":67,"column":6},"end":{"line":68,"column":63}}]},"9":{"loc":{"start":{"line":78,"column":4},"end":{"line":80,"column":5}},"type":"if","locations":[{"start":{"line":78,"column":4},"end":{"line":80,"column":5}}]},"10":{"loc":{"start":{"line":78,"column":8},"end":{"line":78,"column":52}},"type":"binary-expr","locations":[{"start":{"line":78,"column":8},"end":{"line":78,"column":29}},{"start":{"line":78,"column":33},"end":{"line":78,"column":52}}]},"11":{"loc":{"start":{"line":90,"column":7},"end":{"line":106,"column":null}},"type":"cond-expr","locations":[{"start":{"line":91,"column":8},"end":{"line":93,"column":null}},{"start":{"line":96,"column":8},"end":{"line":105,"column":null}}]},"12":{"loc":{"start":{"line":92,"column":17},"end":{"line":92,"column":93}},"type":"cond-expr","locations":[{"start":{"line":92,"column":64},"end":{"line":92,"column":78}},{"start":{"line":92,"column":81},"end":{"line":92,"column":93}}]},"13":{"loc":{"start":{"line":92,"column":17},"end":{"line":92,"column":61}},"type":"binary-expr","locations":[{"start":{"line":92,"column":17},"end":{"line":92,"column":38}},{"start":{"line":92,"column":42},"end":{"line":92,"column":61}}]},"14":{"loc":{"start":{"line":97,"column":11},"end":{"line":103,"column":null}},"type":"binary-expr","locations":[{"start":{"line":97,"column":11},"end":{"line":97,"column":15}},{"start":{"line":98,"column":12},"end":{"line":102,"column":null}}]},"15":{"loc":{"start":{"line":100,"column":20},"end":{"line":100,"column":70}},"type":"cond-expr","locations":[{"start":{"line":100,"column":39},"end":{"line":100,"column":41}},{"start":{"line":100,"column":44},"end":{"line":100,"column":70}}]},"16":{"loc":{"start":{"line":100,"column":44},"end":{"line":100,"column":70}},"type":"cond-expr","locations":[{"start":{"line":100,"column":63},"end":{"line":100,"column":65}},{"start":{"line":100,"column":68},"end":{"line":100,"column":70}}]},"17":{"loc":{"start":{"line":111,"column":2},"end":{"line":130,"column":3}},"type":"if","locations":[{"start":{"line":111,"column":2},"end":{"line":130,"column":3}}]},"18":{"loc":{"start":{"line":111,"column":6},"end":{"line":111,"column":52}},"type":"binary-expr","locations":[{"start":{"line":111,"column":6},"end":{"line":111,"column":14}},{"start":{"line":111,"column":18},"end":{"line":111,"column":39}},{"start":{"line":111,"column":43},"end":{"line":111,"column":52}}]},"19":{"loc":{"start":{"line":115,"column":18},"end":{"line":115,"column":37}},"type":"binary-expr","locations":[{"start":{"line":115,"column":18},"end":{"line":115,"column":26}},{"start":{"line":115,"column":30},"end":{"line":115,"column":37}}]},"20":{"loc":{"start":{"line":135,"column":16},"end":{"line":135,"column":35}},"type":"binary-expr","locations":[{"start":{"line":135,"column":16},"end":{"line":135,"column":24}},{"start":{"line":135,"column":28},"end":{"line":135,"column":35}}]}},"s":{"0":0,"1":0,"2":0,"3":0,"4":0,"5":0,"6":0,"7":0,"8":0,"9":0,"10":0,"11":0,"12":0,"13":0,"14":0,"15":0,"16":0,"17":0,"18":0,"19":0,"20":0,"21":0,"22":0,"23":0,"24":0,"25":0,"26":0,"27":0,"28":0,"29":0,"30":0},"f":{"0":0,"1":0,"2":0},"b":{"0":[0],"1":[0],"2":[0],"3":[0],"4":[0],"5":[0],"6":[0],"7":[0,0],"8":[0,0,0,0,0],"9":[0],"10":[0,0],"11":[0,0],"12":[0,0],"13":[0,0],"14":[0,0],"15":[0,0],"16":[0,0],"17":[0],"18":[0,0,0],"19":[0,0],"20":[0,0]}}
,"C:\\Projects\\1000ravier-mobileapp\\src\\components\\common\\Card.tsx": {"path":"C:\\Projects\\1000ravier-mobileapp\\src\\components\\common\\Card.tsx","statementMap":{"0":{"start":{"line":1,"column":0},"end":{"line":1,"column":26}},"1":{"start":{"line":2,"column":0},"end":{"line":2,"column":75}},"2":{"start":{"line":3,"column":0},"end":{"line":3,"column":52}},"3":{"start":{"line":4,"column":0},"end":{"line":4,"column":39}},"4":{"start":{"line":17,"column":41},"end":{"line":75,"column":1}},"5":{"start":{"line":27,"column":24},"end":{"line":34,"column":4}},"6":{"start":{"line":36,"column":20},"end":{"line":42,"column":4}},"7":{"start":{"line":44,"column":2},"end":{"line":60,"column":3}},"8":{"start":{"line":45,"column":4},"end":{"line":59,"column":6}},"9":{"start":{"line":62,"column":2},"end":{"line":72,"column":3}},"10":{"start":{"line":63,"column":4},"end":{"line":71,"column":6}},"11":{"start":{"line":74,"column":2},"end":{"line":74,"column":51}},"12":{"start":{"line":17,"column":13},"end":{"line":17,"column":41}},"13":{"start":{"line":77,"column":15},"end":{"line":95,"column":2}}},"fnMap":{"0":{"name":"(anonymous_1)","decl":{"start":{"line":17,"column":41},"end":{"line":17,"column":42}},"loc":{"start":{"line":26,"column":5},"end":{"line":75,"column":1}}}},"branchMap":{"0":{"loc":{"start":{"line":20,"column":2},"end":{"line":20,"column":18}},"type":"default-arg","locations":[{"start":{"line":20,"column":13},"end":{"line":20,"column":18}}]},"1":{"loc":{"start":{"line":21,"column":2},"end":{"line":21,"column":41}},"type":"default-arg","locations":[{"start":{"line":21,"column":19},"end":{"line":21,"column":41}}]},"2":{"loc":{"start":{"line":23,"column":2},"end":{"line":23,"column":17}},"type":"default-arg","locations":[{"start":{"line":23,"column":13},"end":{"line":23,"column":17}}]},"3":{"loc":{"start":{"line":24,"column":2},"end":{"line":24,"column":21}},"type":"default-arg","locations":[{"start":{"line":24,"column":12},"end":{"line":24,"column":21}}]},"4":{"loc":{"start":{"line":38,"column":4},"end":{"line":38,"column":31}},"type":"binary-expr","locations":[{"start":{"line":38,"column":4},"end":{"line":38,"column":12}},{"start":{"line":38,"column":16},"end":{"line":38,"column":31}}]},"5":{"loc":{"start":{"line":40,"column":4},"end":{"line":40,"column":38}},"type":"binary-expr","locations":[{"start":{"line":40,"column":4},"end":{"line":40,"column":25}},{"start":{"line":40,"column":29},"end":{"line":40,"column":38}}]},"6":{"loc":{"start":{"line":44,"column":2},"end":{"line":60,"column":3}},"type":"if","locations":[{"start":{"line":44,"column":2},"end":{"line":60,"column":3}}]},"7":{"loc":{"start":{"line":49,"column":23},"end":{"line":49,"column":40}},"type":"cond-expr","locations":[{"start":{"line":49,"column":33},"end":{"line":49,"column":36}},{"start":{"line":49,"column":39},"end":{"line":49,"column":40}}]},"8":{"loc":{"start":{"line":54,"column":35},"end":{"line":54,"column":69}},"type":"binary-expr","locations":[{"start":{"line":54,"column":35},"end":{"line":54,"column":56}},{"start":{"line":54,"column":60},"end":{"line":54,"column":69}}]},"9":{"loc":{"start":{"line":62,"column":2},"end":{"line":72,"column":3}},"type":"if","locations":[{"start":{"line":62,"column":2},"end":{"line":72,"column":3}}]}},"s":{"0":0,"1":0,"2":0,"3":0,"4":0,"5":0,"6":0,"7":0,"8":0,"9":0,"10":0,"11":0,"12":0,"13":0},"f":{"0":0},"b":{"0":[0],"1":[0],"2":[0],"3":[0],"4":[0,0],"5":[0,0],"6":[0],"7":[0,0],"8":[0,0],"9":[0]}}
,"C:\\Projects\\1000ravier-mobileapp\\src\\components\\common\\CountdownTimer.tsx": {"path":"C:\\Projects\\1000ravier-mobileapp\\src\\components\\common\\CountdownTimer.tsx","statementMap":{"0":{"start":{"line":1,"column":0},"end":{"line":1,"column":59}},"1":{"start":{"line":2,"column":0},"end":{"line":2,"column":64}},"2":{"start":{"line":3,"column":0},"end":{"line":3,"column":47}},"3":{"start":{"line":4,"column":0},"end":{"line":4,"column":39}},"4":{"start":{"line":17,"column":23},"end":{"line":17,"column":63}},"5":{"start":{"line":19,"column":61},"end":{"line":141,"column":1}},"6":{"start":{"line":29,"column":34},"end":{"line":29,"column":51}},"7":{"start":{"line":30,"column":19},"end":{"line":30,"column":56}},"8":{"start":{"line":31,"column":16},"end":{"line":31,"column":53}},"9":{"start":{"line":33,"column":17},"end":{"line":33,"column":41}},"10":{"start":{"line":34,"column":24},"end":{"line":34,"column":44}},"11":{"start":{"line":36,"column":2},"end":{"line":39,"column":16}},"12":{"start":{"line":37,"column":4},"end":{"line":37,"column":25}},"13":{"start":{"line":38,"column":4},"end":{"line":38,"column":25}},"14":{"start":{"line":41,"column":2},"end":{"line":79,"column":56}},"15":{"start":{"line":42,"column":4},"end":{"line":45,"column":5}},"16":{"start":{"line":43,"column":6},"end":{"line":43,"column":21}},"17":{"start":{"line":44,"column":6},"end":{"line":44,"column":13}},"18":{"start":{"line":47,"column":18},"end":{"line":76,"column":12}},"19":{"start":{"line":48,"column":6},"end":{"line":75,"column":9}},"20":{"start":{"line":49,"column":24},"end":{"line":49,"column":32}},"21":{"start":{"line":52,"column":8},"end":{"line":56,"column":19}},"22":{"start":{"line":59,"column":8},"end":{"line":72,"column":9}},"23":{"start":{"line":60,"column":10},"end":{"line":71,"column":21}},"24":{"start":{"line":74,"column":8},"end":{"line":74,"column":23}},"25":{"start":{"line":78,"column":4},"end":{"line":78,"column":38}},"26":{"start":{"line":78,"column":17},"end":{"line":78,"column":37}},"27":{"start":{"line":81,"column":27},"end":{"line":84,"column":4}},"28":{"start":{"line":86,"column":20},"end":{"line":86,"column":48}},"29":{"start":{"line":87,"column":23},"end":{"line":87,"column":55}},"30":{"start":{"line":89,"column":2},"end":{"line":140,"column":4}},"31":{"start":{"line":19,"column":13},"end":{"line":19,"column":61}},"32":{"start":{"line":143,"column":15},"end":{"line":164,"column":2}}},"fnMap":{"0":{"name":"(anonymous_9)","decl":{"start":{"line":19,"column":61},"end":{"line":19,"column":62}},"loc":{"start":{"line":28,"column":5},"end":{"line":141,"column":1}}},"1":{"name":"(anonymous_10)","decl":{"start":{"line":36,"column":12},"end":{"line":36,"column":15}},"loc":{"start":{"line":36,"column":17},"end":{"line":39,"column":3}}},"2":{"name":"(anonymous_11)","decl":{"start":{"line":41,"column":12},"end":{"line":41,"column":15}},"loc":{"start":{"line":41,"column":17},"end":{"line":79,"column":3}}},"3":{"name":"(anonymous_12)","decl":{"start":{"line":47,"column":30},"end":{"line":47,"column":33}},"loc":{"start":{"line":47,"column":35},"end":{"line":76,"column":5}}},"4":{"name":"(anonymous_13)","decl":{"start":{"line":48,"column":18},"end":{"line":48,"column":19}},"loc":{"start":{"line":48,"column":27},"end":{"line":75,"column":7}}},"5":{"name":"(anonymous_14)","decl":{"start":{"line":78,"column":11},"end":{"line":78,"column":14}},"loc":{"start":{"line":78,"column":17},"end":{"line":78,"column":37}}}},"branchMap":{"0":{"loc":{"start":{"line":21,"column":2},"end":{"line":21,"column":11}},"type":"default-arg","locations":[{"start":{"line":21,"column":9},"end":{"line":21,"column":11}}]},"1":{"loc":{"start":{"line":22,"column":2},"end":{"line":22,"column":35}},"type":"default-arg","locations":[{"start":{"line":22,"column":10},"end":{"line":22,"column":35}}]},"2":{"loc":{"start":{"line":23,"column":2},"end":{"line":23,"column":40}},"type":"default-arg","locations":[{"start":{"line":23,"column":17},"end":{"line":23,"column":40}}]},"3":{"loc":{"start":{"line":24,"column":2},"end":{"line":24,"column":22}},"type":"default-arg","locations":[{"start":{"line":24,"column":21},"end":{"line":24,"column":22}}]},"4":{"loc":{"start":{"line":26,"column":2},"end":{"line":26,"column":21}},"type":"default-arg","locations":[{"start":{"line":26,"column":17},"end":{"line":26,"column":21}}]},"5":{"loc":{"start":{"line":27,"column":2},"end":{"line":27,"column":17}},"type":"default-arg","locations":[{"start":{"line":27,"column":16},"end":{"line":27,"column":17}}]},"6":{"loc":{"start":{"line":42,"column":4},"end":{"line":45,"column":5}},"type":"if","locations":[{"start":{"line":42,"column":4},"end":{"line":45,"column":5}}]},"7":{"loc":{"start":{"line":59,"column":8},"end":{"line":72,"column":9}},"type":"if","locations":[{"start":{"line":59,"column":8},"end":{"line":72,"column":9}}]},"8":{"loc":{"start":{"line":87,"column":23},"end":{"line":87,"column":55}},"type":"cond-expr","locations":[{"start":{"line":87,"column":35},"end":{"line":87,"column":47}},{"start":{"line":87,"column":50},"end":{"line":87,"column":55}}]},"9":{"loc":{"start":{"line":100,"column":7},"end":{"line":125,"column":null}},"type":"binary-expr","locations":[{"start":{"line":100,"column":7},"end":{"line":100,"column":19}},{"start":{"line":101,"column":8},"end":{"line":124,"column":null}}]},"10":{"loc":{"start":{"line":133,"column":12},"end":{"line":133,"column":43}},"type":"binary-expr","locations":[{"start":{"line":133,"column":12},"end":{"line":133,"column":21}},{"start":{"line":133,"column":25},"end":{"line":133,"column":43}}]}},"s":{"0":0,"1":0,"2":0,"3":0,"4":0,"5":0,"6":0,"7":0,"8":0,"9":0,"10":0,"11":0,"12":0,"13":0,"14":0,"15":0,"16":0,"17":0,"18":0,"19":0,"20":0,"21":0,"22":0,"23":0,"24":0,"25":0,"26":0,"27":0,"28":0,"29":0,"30":0,"31":0,"32":0},"f":{"0":0,"1":0,"2":0,"3":0,"4":0,"5":0},"b":{"0":[0],"1":[0],"2":[0],"3":[0],"4":[0],"5":[0],"6":[0],"7":[0],"8":[0,0],"9":[0,0],"10":[0,0]}}
,"C:\\Projects\\1000ravier-mobileapp\\src\\components\\common\\Input.tsx": {"path":"C:\\Projects\\1000ravier-mobileapp\\src\\components\\common\\Input.tsx","statementMap":{"0":{"start":{"line":1,"column":0},"end":{"line":1,"column":38}},"1":{"start":{"line":2,"column":0},"end":{"line":2,"column":null}},"2":{"start":{"line":10,"column":0},"end":{"line":10,"column":49}},"3":{"start":{"line":11,"column":0},"end":{"line":11,"column":39}},"4":{"start":{"line":21,"column":43},"end":{"line":84,"column":1}},"5":{"start":{"line":30,"column":36},"end":{"line":30,"column":51}},"6":{"start":{"line":31,"column":34},"end":{"line":31,"column":54}},"7":{"start":{"line":33,"column":29},"end":{"line":35,"column":3}},"8":{"start":{"line":34,"column":4},"end":{"line":34,"column":27}},"9":{"start":{"line":37,"column":2},"end":{"line":83,"column":4}},"10":{"start":{"line":63,"column":25},"end":{"line":63,"column":43}},"11":{"start":{"line":64,"column":24},"end":{"line":64,"column":43}},"12":{"start":{"line":21,"column":13},"end":{"line":21,"column":43}},"13":{"start":{"line":86,"column":15},"end":{"line":137,"column":2}}},"fnMap":{"0":{"name":"(anonymous_9)","decl":{"start":{"line":21,"column":43},"end":{"line":21,"column":44}},"loc":{"start":{"line":29,"column":5},"end":{"line":84,"column":1}}},"1":{"name":"(anonymous_10)","decl":{"start":{"line":33,"column":29},"end":{"line":33,"column":32}},"loc":{"start":{"line":33,"column":34},"end":{"line":35,"column":3}}},"2":{"name":"(anonymous_11)","decl":{"start":{"line":63,"column":19},"end":{"line":63,"column":22}},"loc":{"start":{"line":63,"column":25},"end":{"line":63,"column":43}}},"3":{"name":"(anonymous_12)","decl":{"start":{"line":64,"column":18},"end":{"line":64,"column":21}},"loc":{"start":{"line":64,"column":24},"end":{"line":64,"column":43}}}},"branchMap":{"0":{"loc":{"start":{"line":39,"column":7},"end":{"line":39,"column":57}},"type":"binary-expr","locations":[{"start":{"line":39,"column":7},"end":{"line":39,"column":12}},{"start":{"line":39,"column":16},"end":{"line":39,"column":57}}]},"1":{"loc":{"start":{"line":43,"column":10},"end":{"line":43,"column":51}},"type":"binary-expr","locations":[{"start":{"line":43,"column":10},"end":{"line":43,"column":19}},{"start":{"line":43,"column":23},"end":{"line":43,"column":51}}]},"2":{"loc":{"start":{"line":44,"column":10},"end":{"line":44,"column":45}},"type":"binary-expr","locations":[{"start":{"line":44,"column":10},"end":{"line":44,"column":15}},{"start":{"line":44,"column":19},"end":{"line":44,"column":45}}]},"3":{"loc":{"start":{"line":47,"column":9},"end":{"line":58,"column":null}},"type":"binary-expr","locations":[{"start":{"line":47,"column":9},"end":{"line":47,"column":13}},{"start":{"line":48,"column":10},"end":{"line":57,"column":null}}]},"4":{"loc":{"start":{"line":56,"column":21},"end":{"line":56,"column":70}},"type":"cond-expr","locations":[{"start":{"line":56,"column":33},"end":{"line":56,"column":47}},{"start":{"line":56,"column":50},"end":{"line":56,"column":70}}]},"5":{"loc":{"start":{"line":68,"column":9},"end":{"line":78,"column":null}},"type":"binary-expr","locations":[{"start":{"line":68,"column":9},"end":{"line":68,"column":19}},{"start":{"line":69,"column":10},"end":{"line":77,"column":null}}]},"6":{"loc":{"start":{"line":74,"column":20},"end":{"line":74,"column":62}},"type":"cond-expr","locations":[{"start":{"line":74,"column":31},"end":{"line":74,"column":47}},{"start":{"line":74,"column":50},"end":{"line":74,"column":62}}]},"7":{"loc":{"start":{"line":81,"column":7},"end":{"line":81,"column":61}},"type":"binary-expr","locations":[{"start":{"line":81,"column":7},"end":{"line":81,"column":12}},{"start":{"line":81,"column":16},"end":{"line":81,"column":61}}]}},"s":{"0":0,"1":0,"2":0,"3":0,"4":0,"5":0,"6":0,"7":0,"8":0,"9":0,"10":0,"11":0,"12":0,"13":0},"f":{"0":0,"1":0,"2":0,"3":0},"b":{"0":[0,0],"1":[0,0],"2":[0,0],"3":[0,0],"4":[0,0],"5":[0,0],"6":[0,0],"7":[0,0]}}
,"C:\\Projects\\1000ravier-mobileapp\\src\\components\\common\\ProgressBar.tsx": {"path":"C:\\Projects\\1000ravier-mobileapp\\src\\components\\common\\ProgressBar.tsx","statementMap":{"0":{"start":{"line":1,"column":0},"end":{"line":1,"column":49}},"1":{"start":{"line":2,"column":0},"end":{"line":2,"column":75}},"2":{"start":{"line":3,"column":0},"end":{"line":3,"column":54}},"3":{"start":{"line":4,"column":0},"end":{"line":4,"column":39}},"4":{"start":{"line":19,"column":55},"end":{"line":83,"column":1}},"5":{"start":{"line":31,"column":27},"end":{"line":31,"column":64}},"6":{"start":{"line":32,"column":26},"end":{"line":32,"column":62}},"7":{"start":{"line":34,"column":2},"end":{"line":45,"column":34}},"8":{"start":{"line":35,"column":4},"end":{"line":44,"column":5}},"9":{"start":{"line":36,"column":6},"end":{"line":41,"column":17}},"10":{"start":{"line":43,"column":6},"end":{"line":43,"column":49}},"11":{"start":{"line":47,"column":24},"end":{"line":50,"column":4}},"12":{"start":{"line":52,"column":2},"end":{"line":82,"column":4}},"13":{"start":{"line":19,"column":13},"end":{"line":19,"column":55}},"14":{"start":{"line":85,"column":15},"end":{"line":108,"column":2}}},"fnMap":{"0":{"name":"(anonymous_9)","decl":{"start":{"line":19,"column":55},"end":{"line":19,"column":56}},"loc":{"start":{"line":30,"column":5},"end":{"line":83,"column":1}}},"1":{"name":"(anonymous_10)","decl":{"start":{"line":34,"column":12},"end":{"line":34,"column":15}},"loc":{"start":{"line":34,"column":17},"end":{"line":45,"column":3}}}},"branchMap":{"0":{"loc":{"start":{"line":21,"column":2},"end":{"line":21,"column":12}},"type":"default-arg","locations":[{"start":{"line":21,"column":11},"end":{"line":21,"column":12}}]},"1":{"loc":{"start":{"line":22,"column":2},"end":{"line":22,"column":35}},"type":"default-arg","locations":[{"start":{"line":22,"column":10},"end":{"line":22,"column":35}}]},"2":{"loc":{"start":{"line":23,"column":2},"end":{"line":23,"column":18}},"type":"default-arg","locations":[{"start":{"line":23,"column":13},"end":{"line":23,"column":18}}]},"3":{"loc":{"start":{"line":24,"column":2},"end":{"line":24,"column":73}},"type":"default-arg","locations":[{"start":{"line":24,"column":19},"end":{"line":24,"column":73}}]},"4":{"loc":{"start":{"line":25,"column":2},"end":{"line":25,"column":17}},"type":"default-arg","locations":[{"start":{"line":25,"column":13},"end":{"line":25,"column":17}}]},"5":{"loc":{"start":{"line":26,"column":2},"end":{"line":26,"column":19}},"type":"default-arg","locations":[{"start":{"line":26,"column":14},"end":{"line":26,"column":19}}]},"6":{"loc":{"start":{"line":28,"column":2},"end":{"line":28,"column":42}},"type":"default-arg","locations":[{"start":{"line":28,"column":20},"end":{"line":28,"column":42}}]},"7":{"loc":{"start":{"line":35,"column":4},"end":{"line":44,"column":5}},"type":"if","locations":[{"start":{"line":35,"column":4},"end":{"line":44,"column":5}},{"start":{"line":42,"column":11},"end":{"line":44,"column":5}}]},"8":{"loc":{"start":{"line":54,"column":7},"end":{"line":57,"column":null}},"type":"binary-expr","locations":[{"start":{"line":54,"column":7},"end":{"line":54,"column":16}},{"start":{"line":55,"column":8},"end":{"line":56,"column":null}}]},"9":{"loc":{"start":{"line":56,"column":11},"end":{"line":56,"column":53}},"type":"binary-expr","locations":[{"start":{"line":56,"column":11},"end":{"line":56,"column":16}},{"start":{"line":56,"column":20},"end":{"line":56,"column":53}}]},"10":{"loc":{"start":{"line":69,"column":11},"end":{"line":77,"column":null}},"type":"cond-expr","locations":[{"start":{"line":70,"column":12},"end":{"line":74,"column":null}},{"start":{"line":77,"column":12},"end":{"line":77,"column":74}}]}},"s":{"0":0,"1":0,"2":0,"3":0,"4":0,"5":0,"6":0,"7":0,"8":0,"9":0,"10":0,"11":0,"12":0,"13":0,"14":0},"f":{"0":0,"1":0},"b":{"0":[0],"1":[0],"2":[0],"3":[0],"4":[0],"5":[0],"6":[0],"7":[0,0],"8":[0,0],"9":[0,0],"10":[0,0]}}
,"C:\\Projects\\1000ravier-mobileapp\\src\\components\\common\\SkeletonLoader.tsx": {"path":"C:\\Projects\\1000ravier-mobileapp\\src\\components\\common\\SkeletonLoader.tsx","statementMap":{"0":{"start":{"line":1,"column":0},"end":{"line":1,"column":49}},"1":{"start":{"line":2,"column":0},"end":{"line":2,"column":69}},"2":{"start":{"line":3,"column":0},"end":{"line":3,"column":54}},"3":{"start":{"line":4,"column":0},"end":{"line":4,"column":39}},"4":{"start":{"line":13,"column":61},"end":{"line":57,"column":1}},"5":{"start":{"line":19,"column":24},"end":{"line":19,"column":61}},"6":{"start":{"line":21,"column":2},"end":{"line":36,"column":9}},"7":{"start":{"line":22,"column":4},"end":{"line":35,"column":14}},"8":{"start":{"line":38,"column":18},"end":{"line":41,"column":4}},"9":{"start":{"line":43,"column":2},"end":{"line":56,"column":4}},"10":{"start":{"line":13,"column":13},"end":{"line":13,"column":61}},"11":{"start":{"line":59,"column":61},"end":{"line":74,"column":1}},"12":{"start":{"line":60,"column":2},"end":{"line":73,"column":4}},"13":{"start":{"line":59,"column":13},"end":{"line":59,"column":61}},"14":{"start":{"line":76,"column":77},"end":{"line":93,"column":1}},"15":{"start":{"line":80,"column":2},"end":{"line":92,"column":4}},"16":{"start":{"line":83,"column":8},"end":{"line":88,"column":null}},"17":{"start":{"line":76,"column":13},"end":{"line":76,"column":77}},"18":{"start":{"line":95,"column":78},"end":{"line":107,"column":1}},"19":{"start":{"line":99,"column":2},"end":{"line":106,"column":4}},"20":{"start":{"line":95,"column":13},"end":{"line":95,"column":78}},"21":{"start":{"line":109,"column":63},"end":{"line":111,"column":1}},"22":{"start":{"line":110,"column":2},"end":{"line":110,"column":104}},"23":{"start":{"line":109,"column":13},"end":{"line":109,"column":63}},"24":{"start":{"line":117,"column":5},"end":{"line":130,"column":1}},"25":{"start":{"line":118,"column":2},"end":{"line":129,"column":4}},"26":{"start":{"line":121,"column":8},"end":{"line":125,"column":null}},"27":{"start":{"line":113,"column":13},"end":{"line":113,"column":null}},"28":{"start":{"line":133,"column":60},"end":{"line":189,"column":1}},"29":{"start":{"line":139,"column":21},"end":{"line":139,"column":59}},"30":{"start":{"line":141,"column":2},"end":{"line":149,"column":9}},"31":{"start":{"line":142,"column":4},"end":{"line":148,"column":14}},"32":{"start":{"line":151,"column":32},"end":{"line":154,"column":4}},"33":{"start":{"line":156,"column":2},"end":{"line":188,"column":4}},"34":{"start":{"line":133,"column":13},"end":{"line":133,"column":60}},"35":{"start":{"line":191,"column":15},"end":{"line":225,"column":2}}},"fnMap":{"0":{"name":"(anonymous_9)","decl":{"start":{"line":13,"column":61},"end":{"line":13,"column":62}},"loc":{"start":{"line":18,"column":5},"end":{"line":57,"column":1}}},"1":{"name":"(anonymous_10)","decl":{"start":{"line":21,"column":12},"end":{"line":21,"column":15}},"loc":{"start":{"line":21,"column":17},"end":{"line":36,"column":3}}},"2":{"name":"(anonymous_11)","decl":{"start":{"line":59,"column":61},"end":{"line":59,"column":62}},"loc":{"start":{"line":59,"column":75},"end":{"line":74,"column":1}}},"3":{"name":"(anonymous_12)","decl":{"start":{"line":76,"column":77},"end":{"line":76,"column":78}},"loc":{"start":{"line":79,"column":5},"end":{"line":93,"column":1}}},"4":{"name":"(anonymous_13)","decl":{"start":{"line":82,"column":41},"end":{"line":82,"column":42}},"loc":{"start":{"line":83,"column":8},"end":{"line":88,"column":null}}},"5":{"name":"(anonymous_14)","decl":{"start":{"line":95,"column":78},"end":{"line":95,"column":79}},"loc":{"start":{"line":98,"column":5},"end":{"line":107,"column":1}}},"6":{"name":"(anonymous_15)","decl":{"start":{"line":109,"column":63},"end":{"line":109,"column":64}},"loc":{"start":{"line":109,"column":77},"end":{"line":111,"column":1}}},"7":{"name":"(anonymous_16)","decl":{"start":{"line":117,"column":5},"end":{"line":117,"column":6}},"loc":{"start":{"line":117,"column":46},"end":{"line":130,"column":1}}},"8":{"name":"(anonymous_17)","decl":{"start":{"line":120,"column":41},"end":{"line":120,"column":42}},"loc":{"start":{"line":121,"column":8},"end":{"line":125,"column":null}}},"9":{"name":"(anonymous_18)","decl":{"start":{"line":133,"column":60},"end":{"line":133,"column":61}},"loc":{"start":{"line":138,"column":5},"end":{"line":189,"column":1}}},"10":{"name":"(anonymous_19)","decl":{"start":{"line":141,"column":12},"end":{"line":141,"column":15}},"loc":{"start":{"line":141,"column":17},"end":{"line":149,"column":3}}}},"branchMap":{"0":{"loc":{"start":{"line":14,"column":2},"end":{"line":14,"column":16}},"type":"default-arg","locations":[{"start":{"line":14,"column":10},"end":{"line":14,"column":16}}]},"1":{"loc":{"start":{"line":15,"column":2},"end":{"line":15,"column":13}},"type":"default-arg","locations":[{"start":{"line":15,"column":11},"end":{"line":15,"column":13}}]},"2":{"loc":{"start":{"line":16,"column":2},"end":{"line":16,"column":38}},"type":"default-arg","locations":[{"start":{"line":16,"column":17},"end":{"line":16,"column":38}}]},"3":{"loc":{"start":{"line":77,"column":2},"end":{"line":77,"column":11}},"type":"default-arg","locations":[{"start":{"line":77,"column":10},"end":{"line":77,"column":11}}]},"4":{"loc":{"start":{"line":96,"column":2},"end":{"line":96,"column":11}},"type":"default-arg","locations":[{"start":{"line":96,"column":9},"end":{"line":96,"column":11}}]},"5":{"loc":{"start":{"line":117,"column":8},"end":{"line":117,"column":17}},"type":"default-arg","locations":[{"start":{"line":117,"column":16},"end":{"line":117,"column":17}}]},"6":{"loc":{"start":{"line":117,"column":19},"end":{"line":117,"column":33}},"type":"default-arg","locations":[{"start":{"line":117,"column":27},"end":{"line":117,"column":33}}]},"7":{"loc":{"start":{"line":123,"column":17},"end":{"line":123,"column":52}},"type":"cond-expr","locations":[{"start":{"line":123,"column":39},"end":{"line":123,"column":44}},{"start":{"line":123,"column":47},"end":{"line":123,"column":52}}]},"8":{"loc":{"start":{"line":134,"column":2},"end":{"line":134,"column":16}},"type":"default-arg","locations":[{"start":{"line":134,"column":10},"end":{"line":134,"column":16}}]},"9":{"loc":{"start":{"line":135,"column":2},"end":{"line":135,"column":13}},"type":"default-arg","locations":[{"start":{"line":135,"column":11},"end":{"line":135,"column":13}}]},"10":{"loc":{"start":{"line":136,"column":2},"end":{"line":136,"column":38}},"type":"default-arg","locations":[{"start":{"line":136,"column":17},"end":{"line":136,"column":38}}]}},"s":{"0":0,"1":0,"2":0,"3":0,"4":0,"5":0,"6":0,"7":0,"8":0,"9":0,"10":0,"11":0,"12":0,"13":0,"14":0,"15":0,"16":0,"17":0,"18":0,"19":0,"20":0,"21":0,"22":0,"23":0,"24":0,"25":0,"26":0,"27":0,"28":0,"29":0,"30":0,"31":0,"32":0,"33":0,"34":0,"35":0},"f":{"0":0,"1":0,"2":0,"3":0,"4":0,"5":0,"6":0,"7":0,"8":0,"9":0,"10":0},"b":{"0":[0],"1":[0],"2":[0],"3":[0],"4":[0],"5":[0],"6":[0],"7":[0,0],"8":[0],"9":[0],"10":[0]}}
,"C:\\Projects\\1000ravier-mobileapp\\src\\components\\common\\StatsCard.tsx": {"path":"C:\\Projects\\1000ravier-mobileapp\\src\\components\\common\\StatsCard.tsx","statementMap":{"0":{"start":{"line":1,"column":0},"end":{"line":1,"column":26}},"1":{"start":{"line":2,"column":0},"end":{"line":2,"column":65}},"2":{"start":{"line":3,"column":0},"end":{"line":3,"column":51}},"3":{"start":{"line":4,"column":0},"end":{"line":4,"column":54}},"4":{"start":{"line":5,"column":0},"end":{"line":5,"column":39}},"5":{"start":{"line":6,"column":0},"end":{"line":6,"column":30}},"6":{"start":{"line":20,"column":51},"end":{"line":88,"column":1}},"7":{"start":{"line":31,"column":23},"end":{"line":40,"column":3}},"8":{"start":{"line":32,"column":4},"end":{"line":39,"column":5}},"9":{"start":{"line":34,"column":8},"end":{"line":34,"column":29}},"10":{"start":{"line":36,"column":8},"end":{"line":36,"column":31}},"11":{"start":{"line":38,"column":8},"end":{"line":38,"column":31}},"12":{"start":{"line":42,"column":24},"end":{"line":51,"column":3}},"13":{"start":{"line":43,"column":4},"end":{"line":50,"column":5}},"14":{"start":{"line":45,"column":8},"end":{"line":45,"column":41}},"15":{"start":{"line":47,"column":8},"end":{"line":47,"column":39}},"16":{"start":{"line":49,"column":8},"end":{"line":49,"column":38}},"17":{"start":{"line":53,"column":2},"end":{"line":87,"column":4}},"18":{"start":{"line":20,"column":13},"end":{"line":20,"column":51}},"19":{"start":{"line":90,"column":15},"end":{"line":138,"column":2}}},"fnMap":{"0":{"name":"(anonymous_1)","decl":{"start":{"line":20,"column":51},"end":{"line":20,"column":52}},"loc":{"start":{"line":30,"column":5},"end":{"line":88,"column":1}}},"1":{"name":"(anonymous_2)","decl":{"start":{"line":31,"column":23},"end":{"line":31,"column":26}},"loc":{"start":{"line":31,"column":28},"end":{"line":40,"column":3}}},"2":{"name":"(anonymous_3)","decl":{"start":{"line":42,"column":24},"end":{"line":42,"column":27}},"loc":{"start":{"line":42,"column":29},"end":{"line":51,"column":3}}}},"branchMap":{"0":{"loc":{"start":{"line":26,"column":2},"end":{"line":26,"column":35}},"type":"default-arg","locations":[{"start":
[...]
end":{"line":34,"column":3}},"9":{"start":{"line":33,"column":4},"end":{"line":33,"column":25}},"10":{"start":{"line":37,"column":2},"end":{"line":39,"column":3}},"11":{"start":{"line":38,"column":4},"end":{"line":38,"column":45}},"12":{"start":{"line":42,"column":2},"end":{"line":44,"column":3}},"13":{"start":{"line":43,"column":4},"end":{"line":43,"column":69}},"14":{"start":{"line":47,"column":2},"end":{"line":47,"column":38}},"15":{"start":{"line":15,"column":13},"end":{"line":15,"column":31}}},"fnMap":{"0":{"name":"(anonymous_0)","decl":{"start":{"line":15,"column":31},"end":{"line":15,"column":32}},"loc":{"start":{"line":15,"column":73},"end":{"line":48,"column":1}}}},"branchMap":{"0":{"loc":{"start":{"line":17,"column":2},"end":{"line":19,"column":3}},"type":"if","locations":[{"start":{"line":17,"column":2},"end":{"line":19,"column":3}}]},"1":{"loc":{"start":{"line":17,"column":6},"end":{"line":17,"column":57}},"type":"binary-expr","locations":[{"start":{"line":17,"column":7},"end":{"line":17,"column":21}},{"start":{"line":17,"column":25},"end":{"line":17,"column":44}},{"start":{"line":17,"column":49},"end":{"line":17,"column":57}}]},"2":{"loc":{"start":{"line":22,"column":2},"end":{"line":24,"column":3}},"type":"if","locations":[{"start":{"line":22,"column":2},"end":{"line":24,"column":3}}]},"3":{"loc":{"start":{"line":27,"column":2},"end":{"line":29,"column":3}},"type":"if","locations":[{"start":{"line":27,"column":2},"end":{"line":29,"column":3}}]},"4":{"loc":{"start":{"line":32,"column":2},"end":{"line":34,"column":3}},"type":"if","locations":[{"start":{"line":32,"column":2},"end":{"line":34,"column":3}}]},"5":{"loc":{"start":{"line":37,"column":2},"end":{"line":39,"column":3}},"type":"if","locations":[{"start":{"line":37,"column":2},"end":{"line":39,"column":3}}]},"6":{"loc":{"start":{"line":42,"column":2},"end":{"line":44,"column":3}},"type":"if","locations":[{"start":{"line":42,"column":2},"end":{"line":44,"column":3}}]},"7":{"loc":{"start":{"line":42,"column":6},"end":{"line":42,"column":78}},"type":"binary-expr","locations":[{"start":{"line":42,"column":6},"end":{"line":42,"column":17}},{"start":{"line":42,"column":21},"end":{"line":42,"column":78}}]}},"s":{"0":1,"1":1,"2":13,"3":3,"4":10,"5":1,"6":9,"7":7,"8":2,"9":1,"10":1,"11":1,"12":0,"13":0,"14":0,"15":1},"f":{"0":13},"b":{"0":[3],"1":[13,11,3],"2":[1],"3":[7],"4":[1],"5":[1],"6":[0],"7":[0,0]}}
,"C:\\Projects\\1000ravier-mobileapp\\src\\utils\\testUtils.ts": {"path":"C:\\Projects\\1000ravier-mobileapp\\src\\utils\\testUtils.ts","statementMap":{"0":{"start":{"line":6,"column":0},"end":{"line":6,"column":69}},"1":{"start":{"line":7,"column":0},"end":{"line":7,"column":54}},"2":{"start":{"line":12,"column":29},"end":{"line":19,"column":1}},"3":{"start":{"line":13,"column":2},"end":{"line":13,"column":23}},"4":{"start":{"line":14,"column":2},"end":{"line":14,"column":27}},"5":{"start":{"line":15,"column":3},"end":{"line":15,"column":50}},"6":{"start":{"line":16,"column":3},"end":{"line":16,"column":50}},"7":{"start":{"line":17,"column":3},"end":{"line":17,"column":53}},"8":{"start":{"line":18,"column":3},"end":{"line":18,"column":43}},"9":{"start":{"line":12,"column":13},"end":{"line":12,"column":29}},"10":{"start":{"line":24,"column":32},"end":{"line":32,"column":1}},"11":{"start":{"line":25,"column":3},"end":{"line":31,"column":5}},"12":{"start":{"line":29,"column":22},"end":{"line":29,"column":26}},"13":{"start":{"line":30,"column":22},"end":{"line":30,"column":42}},"14":{"start":{"line":24,"column":13},"end":{"line":24,"column":32}},"15":{"start":{"line":37,"column":30},"end":{"line":45,"column":1}},"16":{"start":{"line":38,"column":3},"end":{"line":44,"column":5}},"17":{"start":{"line":42,"column":22},"end":{"line":42,"column":27}},"18":{"start":{"line":43,"column":22},"end":{"line":43,"column":43}},"19":{"start":{"line":37,"column":13},"end":{"line":37,"column":30}},"20":{"start":{"line":50,"column":37},"end":{"line":54,"column":1}},"21":{"start":{"line":51,"column":3},"end":{"line":53,"column":5}},"22":{"start":{"line":50,"column":13},"end":{"line":50,"column":37}},"23":{"start":{"line":59,"column":39},"end":{"line":66,"column":1}},"24":{"start":{"line":60,"column":3},"end":{"line":65,"column":5}},"25":{"start":{"line":61,"column":4},"end":{"line":63,"column":5}},"26":{"start":{"line":62,"column":6},"end":{"line":62,"column":36}},"27":{"start":{"line":64,"column":4},"end":{"line":64,"column":33}},"28":{"start":{"line":59,"column":13},"end":{"line":59,"column":39}},"29":{"start":{"line":71,"column":31},"end":{"line":73,"column":1}},"30":{"start":{"line":72,"column":2},"end":{"line":72,"column":47}},"31":{"start":{"line":71,"column":13},"end":{"line":71,"column":31}},"32":{"start":{"line":78,"column":37},"end":{"line":82,"column":2}},"33":{"start":{"line":78,"column":69},"end":{"line":82,"column":2}},"34":{"start":{"line":78,"column":13},"end":{"line":78,"column":37}},"35":{"start":{"line":87,"column":30},"end":{"line":93,"column":2}},"36":{"start":{"line":87,"column":51},"end":{"line":93,"column":2}},"37":{"start":{"line":87,"column":13},"end":{"line":87,"column":30}},"38":{"start":{"line":98,"column":30},"end":{"line":105,"column":2}},"39":{"start":{"line":98,"column":51},"end":{"line":105,"column":2}},"40":{"start":{"line":98,"column":13},"end":{"line":98,"column":30}},"41":{"start":{"line":110,"column":32},"end":{"line":116,"column":2}},"42":{"start":{"line":110,"column":53},"end":{"line":116,"column":2}},"43":{"start":{"line":110,"column":13},"end":{"line":110,"column":32}},"44":{"start":{"line":121,"column":41},"end":{"line":128,"column":2}},"45":{"start":{"line":121,"column":78},"end":{"line":128,"column":2}},"46":{"start":{"line":121,"column":13},"end":{"line":121,"column":41}},"47":{"start":{"line":133,"column":28},"end":{"line":133,"column":82}},"48":{"start":{"line":133,"column":34},"end":{"line":133,"column":82}},"49":{"start":{"line":133,"column":59},"end":{"line":133,"column":81}},"50":{"start":{"line":133,"column":13},"end":{"line":133,"column":28}},"51":{"start":{"line":138,"column":35},"end":{"line":142,"column":2}},"52":{"start":{"line":138,"column":56},"end":{"line":142,"column":2}},"53":{"start":{"line":138,"column":13},"end":{"line":138,"column":35}},"54":{"start":{"line":144,"column":38},"end":{"line":150,"column":2}},"55":{"start":{"line":144,"column":59},"end":{"line":150,"column":2}},"56":{"start":{"line":144,"column":13},"end":{"line":144,"column":38}},"57":{"start":{"line":155,"column":29},"end":{"line":160,"column":1}},"58":{"start":{"line":156,"column":2},"end":{"line":159,"column":4}},"59":{"start":{"line":155,"column":13},"end":{"line":155,"column":29}},"60":{"start":{"line":165,"column":36},"end":{"line":167,"column":null}},"61":{"start":{"line":166,"column":2},"end":{"line":167,"column":null}},"62":{"start":{"line":167,"column":4},"end":{"line":167,"column":54}},"63":{"start":{"line":167,"column":21},"end":{"line":167,"column":49}},"64":{"start":{"line":165,"column":13},"end":{"line":165,"column":36}}},"fnMap":{"0":{"name":"(anonymous_1)","decl":{"start":{"line":12,"column":29},"end":{"line":12,"column":32}},"loc":{"start":{"line":12,"column":34},"end":{"line":19,"column":1}}},"1":{"name":"(anonymous_2)","decl":{"start":{"line":24,"column":32},"end":{"line":24,"column":33}},"loc":{"start":{"line":24,"column":60},"end":{"line":32,"column":1}}},"2":{"name":"(anonymous_3)","decl":{"start":{"line":29,"column":10},"end":{"line":29,"column":15}},"loc":{"start":{"line":29,"column":22},"end":{"line":29,"column":26}}},"3":{"name":"(anonymous_4)","decl":{"start":{"line":30,"column":10},"end":{"line":30,"column":15}},"loc":{"start":{"line":30,"column":22},"end":{"line":30,"column":42}}},"4":{"name":"(anonymous_5)","decl":{"start":{"line":37,"column":30},"end":{"line":37,"column":31}},"loc":{"start":{"line":37,"column":59},"end":{"line":45,"column":1}}},"5":{"name":"(anonymous_6)","decl":{"start":{"line":42,"column":10},"end":{"line":42,"column":15}},"loc":{"start":{"line":42,"column":22},"end":{"line":42,"column":27}}},"6":{"name":"(anonymous_7)","decl":{"start":{"line":43,"column":10},"end":{"line":43,"column":15}},"loc":{"start":{"line":43,"column":22},"end":{"line":43,"column":43}}},"7":{"name":"(anonymous_8)","decl":{"start":{"line":50,"column":37},"end":{"line":50,"column":38}},"loc":{"start":{"line":50,"column":62},"end":{"line":54,"column":1}}},"8":{"name":"(anonymous_9)","decl":{"start":{"line":59,"column":39},"end":{"line":59,"column":40}},"loc":{"start":{"line":59,"column":67},"end":{"line":66,"column":1}}},"9":{"name":"(anonymous_10)","decl":{"start":{"line":60,"column":61},"end":{"line":60,"column":62}},"loc":{"start":{"line":60,"column":73},"end":{"line":65,"column":3}}},"10":{"name":"(anonymous_11)","decl":{"start":{"line":71,"column":31},"end":{"line":71,"column":32}},"loc":{"start":{"line":71,"column":49},"end":{"line":73,"column":1}}},"11":{"name":"(anonymous_12)","decl":{"start":{"line":78,"column":37},"end":{"line":78,"column":38}},"loc":{"start":{"line":78,"column":69},"end":{"line":82,"column":2}}},"12":{"name":"(anonymous_13)","decl":{"start":{"line":87,"column":30},"end":{"line":87,"column":31}},"loc":{"start":{"line":87,"column":51},"end":{"line":93,"column":2}}},"13":{"name":"(anonymous_14)","decl":{"start":{"line":98,"column":30},"end":{"line":98,"column":31}},"loc":{"start":{"line":98,"column":51},"end":{"line":105,"column":2}}},"14":{"name":"(anonymous_15)","decl":{"start":{"line":110,"column":32},"end":{"line":110,"column":33}},"loc":{"start":{"line":110,"column":53},"end":{"line":116,"column":2}}},"15":{"name":"(anonymous_16)","decl":{"start":{"line":121,"column":41},"end":{"line":121,"column":42}},"loc":{"start":{"line":121,"column":78},"end":{"line":128,"column":2}}},"16":{"name":"(anonymous_17)","decl":{"start":{"line":133,"column":28},"end":{"line":133,"column":31}},"loc":{"start":{"line":133,"column":34},"end":{"line":133,"column":82}}},"17":{"name":"(anonymous_18)","decl":{"start":{"line":133,"column":46},"end":{"line":133,"column":47}},"loc":{"start":{"line":133,"column":59},"end":{"line":133,"column":81}}},"18":{"name":"(anonymous_19)","decl":{"start":{"line":138,"column":35},"end":{"line":138,"column":36}},"loc":{"start":{"line":138,"column":56},"end":{"line":142,"column":2}}},"19":{"name":"(anonymous_20)","decl":{"start":{"line":144,"column":38},"end":{"line":144,"column":39}},"loc":{"start":{"line":144,"column":59},"end":{"line":150,"column":2}}},"20":{"name":"(anonymous_21)","decl":{"start":{"line":155,"column":29},"end":{"line":155,"column":30}},"loc":{"start":{"line":155,"column":66},"end":{"line":160,"column":1}}},"21":{"name":"(anonymous_22)","decl":{"start":{"line":165,"column":36},"end":{"line":165,"column":37}},"loc":{"start":{"line":166,"column":2},"end":{"line":167,"column":null}}},"22":{"name":"(anonymous_23)","decl":{"start":{"line":166,"column":14},"end":{"line":166,"column":15}},"loc":{"start":{"line":167,"column":4},"end":{"line":167,"column":54}}},"23":{"name":"(anonymous_24)","decl":{"start":{"line":167,"column":15},"end":{"line":167,"column":18}},"loc":{"start":{"line":167,"column":21},"end":{"line":167,"column":49}}}},"branchMap":{"0":{"loc":{"start":{"line":24,"column":44},"end":{"line":24,"column":56}},"type":"default-arg","locations":[{"start":{"line":24,"column":53},"end":{"line":24,"column":56}}]},"1":{"loc":{"start":{"line":37,"column":43},"end":{"line":37,"column":55}},"type":"default-arg","locations":[{"start":{"line":37,"column":52},"end":{"line":37,"column":55}}]},"2":{"loc":{"start":{"line":61,"column":4},"end":{"line":63,"column":5}},"type":"if","locations":[{"start":{"line":61,"column":4},"end":{"line":63,"column":5}}]},"3":{"loc":{"start":{"line":78,"column":49},"end":{"line":78,"column":63}},"type":"default-arg","locations":[{"start":{"line":78,"column":59},"end":{"line":78,"column":63}}]},"4":{"loc":{"start":{"line":81,"column":9},"end":{"line":81,"column":61}},"type":"cond-expr","locations":[{"start":{"line":81,"column":19},"end":{"line":81,"column":23}},{"start":{"line":81,"column":26},"end":{"line":81,"column":61}}]},"5":{"loc":{"start":{"line":87,"column":31},"end":{"line":87,"column":45}},"type":"default-arg","locations":[{"start":{"line":87,"column":43},"end":{"line":87,"column":45}}]},"6":{"loc":{"start":{"line":98,"column":31},"end":{"line":98,"column":45}},"type":"default-arg","locations":[{"start":{"line":98,"column":43},"end":{"line":98,"column":45}}]},"7":{"loc":{"start":{"line":110,"column":33},"end":{"line":110,"column":47}},"type":"default-arg","locations":[{"start":{"line":110,"column":45},"end":{"line":110,"column":47}}]},"8":{"loc":{"start":{"line":138,"column":36},"end":{"line":138,"column":50}},"type":"default-arg","locations":[{"start":{"line":138,"column":48},"end":{"line":138,"column":50}}]},"9":{"loc":{"start":{"line":144,"column":39},"end":{"line":144,"column":53}},"type":"default-arg","locations":[{"start":{"line":144,"column":51},"end":{"line":144,"column":53}}]}},"s":{"0":0,"1":0,"2":0,"3":0,"4":0,"5":0,"6":0,"7":0,"8":0,"9":0,"10":0,"11":0,"12":0,"13":0,"14":0,"15":0,"16":0,"17":0,"18":0,"19":0,"20":0,"21":0,"22":0,"23":0,"24":0,"25":0,"26":0,"27":0,"28":0,"29":0,"30":0,"31":0,"32":0,"33":0,"34":0,"35":0,"36":0,"37":0,"38":0,"39":0,"40":0,"41":0,"42":0,"43":0,"44":0,"45":0,"46":0,"47":0,"48":0,"49":0,"50":0,"51":0,"52":0,"53":0,"54":0,"55":0,"56":0,"57":0,"58":0,"59":0,"60":0,"61":0,"62":0,"63":0,"64":0},"f":{"0":0,"1":0,"2":0,"3":0,"4":0,"5":0,"6":0,"7":0,"8":0,"9":0,"10":0,"11":0,"12":0,"13":0,"14":0,"15":0,"16":0,"17":0,"18":0,"19":0,"20":0,"21":0,"22":0,"23":0},"b":{"0":[0],"1":[0],"2":[0],"3":[0],"4":[0,0],"5":[0],"6":[0],"7":[0],"8":[0],"9":[0]}}
,"C:\\Projects\\1000ravier-mobileapp\\src\\utils\\userHelpers.ts": {"path":"C:\\Projects\\1000ravier-mobileapp\\src\\utils\\userHelpers.ts","statementMap":{"0":{"start":{"line":6,"column":34},"end":{"line":18,"column":1}},"1":{"start":{"line":7,"column":2},"end":{"line":7,"column":28}},"2":{"start":{"line":7,"column":13},"end":{"line":7,"column":28}},"3":{"start":{"line":10,"column":2},"end":{"line":10,"column":50}},"4":{"start":{"line":10,"column":25},"end":{"line":10,"column":50}},"5":{"start":{"line":11,"column":2},"end":{"line":11,"column":60}},"6":{"start":{"line":11,"column":30},"end":{"line":11,"column":60}},"7":{"start":{"line":12,"column":2},"end":{"line":15,"column":3}},"8":{"start":{"line":14,"column":4},"end":{"line":14,"column":36}},"9":{"start":{"line":17,"column":2},"end":{"line":17,"column":16}},"10":{"start":{"line":6,"column":13},"end":{"line":6,"column":34}},"11":{"start":{"line":23,"column":31},"end":{"line":39,"column":1}},"12":{"start":{"line":24,"column":22},"end":{"line":24,"column":46}},"13":{"start":{"line":27,"column":2},"end":{"line":29,"column":3}},"14":{"start":{"line":28,"column":4},"end":{"line":28,"column":47}},"15":{"start":{"line":32,"column":16},"end":{"line":32,"column":38}},"16":{"start":{"line":33,"column":2},"end":{"line":35,"column":3}},"17":{"start":{"line":34,"column":4},"end":{"line":34,"column":67}},"18":{"start":{"line":38,"column":2},"end":{"line":38,"column":45}},"19":{"start":{"line":23,"column":13},"end":{"line":23,"column":31}},"20":{"start":{"line":44,"column":27},"end":{"line":47,"column":1}},"21":{"start":{"line":45,"column":2},"end":{"line":45,"column":26}},"22":{"start":{"line":45,"column":13},"end":{"line":45,"column":26}},"23":{"start":{"line":46,"column":2},"end":{"line":46,"column":57}},"24":{"start":{"line":44,"column":13},"end":{"line":44,"column":27}},"25":{"start":{"line":53,"column":31},"end":{"line":58,"column":1}},"26":{"start":{"line":54,"column":2},"end":{"line":54,"column":26}},"27":{"start":{"line":54,"column":13},"end":{"line":54,"column":26}},"28":{"start":{"line":57,"column":2},"end":{"line":57,"column":78}},"29":{"start":{"line":53,"column":13},"end":{"line":53,"column":31}},"30":{"start":{"line":64,"column":28},"end":{"line":68,"column":1}},"31":{"start":{"line":65,"column":2},"end":{"line":65,"column":22}},"32":{"start":{"line":65,"column":13},"end":{"line":65,"column":22}},"33":{"start":{"line":67,"column":2},"end":{"line":67,"column":34}},"34":{"start":{"line":64,"column":13},"end":{"line":64,"column":28}}},"fnMap":{"0":{"name":"(anonymous_0)","decl":{"start":{"line":6,"column":34},"end":{"line":6,"column":35}},"loc":{"start":{"line":6,"column":65},"end":{"line":18,"column":1}}},"1":{"name":"(anonymous_1)","decl":{"start":{"line":23,"column":31},"end":{"line":23,"column":32}},"loc":{"start":{"line":23,"column":62},"end":{"line":39,"column":1}}},"2":{"name":"(anonymous_2)","decl":{"start":{"line":44,"column":27},"end":{"line":44,"column":28}},"loc":{"start":{"line":44,"column":59},"end":{"line":47,"column":1}}},"3":{"name":"(anonymous_3)","decl":{"start":{"line":53,"column":31},"end":{"line":53,"column":32}},"loc":{"start":{"line":53,"column":74},"end":{"line":58,"column":1}}},"4":{"name":"(anonymous_4)","decl":{"start":{"line":64,"column":28},"end":{"line":64,"column":29}},"loc":{"start":{"line":64,"column":70},"end":{"line":68,"column":1}}}},"branchMap":{"0":{"loc":{"start":{"line":7,"column":2},"end":{"line":7,"column":28}},"type":"if","locations":[{"start":{"line":7,"column":2},"end":{"line":7,"column":28}}]},"1":{"loc":{"start":{"line":10,"column":2},"end":{"line":10,"column":50}},"type":"if","locations":[{"start":{"line":10,"column":2},"end":{"line":10,"column":50}}]},"2":{"loc":{"start":{"line":11,"column":2},"end":{"line":11,"column":60}},"type":"if","locations":[{"start":{"line":11,"column":2},"end":{"line":11,"column":60}}]},"3":{"loc":{"start":{"line":12,"column":2},"end":{"line":15,"column":3}},"type":"if","locations":[{"start":{"line":12,"column":2},"end":{"line":15,"column":3}}]},"4":{"loc":{"start":{"line":27,"column":2},"end":{"line":29,"column":3}},"type":"if","locations":[{"start":{"line":27,"column":2},"end":{"line":29,"column":3}}]},"5":{"loc":{"start":{"line":27,"column":6},"end":{"line":27,"column":55}},"type":"binary-expr","locations":[{"start":{"line":27,"column":6},"end":{"line":27,"column":29}},{"start":{"line":27,"column":33},"end":{"line":27,"column":55}}]},"6":{"loc":{"start":{"line":33,"column":2},"end":{"line":35,"column":3}},"type":"if","locations":[{"start":{"line":33,"column":2},"end":{"line":35,"column":3}}]},"7":{"loc":{"start":{"line":45,"column":2},"end":{"line":45,"column":26}},"type":"if","locations":[{"start":{"line":45,"column":2},"end":{"line":45,"column":26}}]},"8":{"loc":{"start":{"line":46,"column":12},"end":{"line":46,"column":55}},"type":"binary-expr","locations":[{"start":{"line":46,"column":12},"end":{"line":46,"column":29}},{"start":{"line":46,"column":34},"end":{"line":46,"column":55}}]},"9":{"loc":{"start":{"line":54,"column":2},"end":{"line":54,"column":26}},"type":"if","locations":[{"start":{"line":54,"column":2},"end":{"line":54,"column":26}}]},"10":{"loc":{"start":{"line":57,"column":10},"end":{"line":57,"column":77}},"type":"binary-expr","locations":[{"start":{"line":57,"column":10},"end":{"line":57,"column":36}},{"start":{"line":57,"column":41},"end":{"line":57,"column":68}},{"start":{"line":57,"column":72},"end":{"line":57,"column":77}}]},"11":{"loc":{"start":{"line":65,"column":2},"end":{"line":65,"column":22}},"type":"if","locations":[{"start":{"line":65,"column":2},"end":{"line":65,"column":22}}]},"12":{"loc":{"start":{"line":67,"column":10},"end":{"line":67,"column":33}},"type":"binary-expr","locations":[{"start":{"line":67,"column":10},"end":{"line":67,"column":28}},{"start":{"line":67,"column":32},"end":{"line":67,"column":33}}]}},"s":{"0":0,"1":0,"2":0,"3":0,"4":0,"5":0,"6":0,"7":0,"8":0,"9":0,"10":0,"11":0,"12":0,"13":0,"14":0,"15":0,"16":0,"17":0,"18":0,"19":0,"20":0,"21":0,"22":0,"23":0,"24":0,"25":0,"26":0,"27":0,"28":0,"29":0,"30":0,"31":0,"32":0,"33":0,"34":0},"f":{"0":0,"1":0,"2":0,"3":0,"4":0},"b":{"0":[0],"1":[0],"2":[0],"3":[0],"4":[0],"5":[0,0],"6":[0],"7":[0],"8":[0,0],"9":[0],"10":[0,0,0],"11":[0],"12":[0,0]}}
}
