TN:
SF:src\App.tsx
FN:26,(anonymous_9)
FN:28,(anonymous_10)
FN:33,(anonymous_11)
FN:40,(anonymous_12)
FN:43,(anonymous_13)
FN:60,(anonymous_14)
FN:71,(anonymous_15)
FN:72,(anonymous_16)
FN:76,(anonymous_17)
FNF:9
FNH:0
FNDA:0,(anonymous_9)
FNDA:0,(anonymous_10)
FNDA:0,(anonymous_11)
FNDA:0,(anonymous_12)
FNDA:0,(anonymous_13)
FNDA:0,(anonymous_14)
FNDA:0,(anonymous_15)
FNDA:0,(anonymous_16)
FNDA:0,(anonymous_17)
DA:1,0
DA:2,0
DA:3,0
DA:4,0
DA:5,0
DA:6,0
DA:7,0
DA:8,0
DA:9,0
DA:10,0
DA:12,0
DA:13,0
DA:14,0
DA:15,0
DA:16,0
DA:17,0
DA:18,0
DA:19,0
DA:20,0
DA:24,0
DA:26,0
DA:27,0
DA:28,0
DA:31,0
DA:36,0
DA:48,0
DA:60,0
DA:61,0
DA:63,0
DA:71,0
DA:72,0
DA:73,0
DA:76,0
DA:77,0
DA:81,0
DA:84,0
DA:87,0
DA:88,0
DA:91,0
DA:106,0
LF:40
LH:0
BRDA:36,0,0,0
BRDA:52,1,0,0
BRDA:52,1,1,0
BRDA:73,2,0,0
BRDA:87,3,0,0
BRDA:87,4,0,0
BRDA:87,4,1,0
BRF:7
BRH:0
end_of_record
TN:
SF:src\components\ErrorBoundary.tsx
FN:24,(anonymous_9)
FN:33,(anonymous_10)
FN:37,(anonymous_11)
FN:51,(anonymous_12)
FN:59,(anonymous_13)
FN:65,(anonymous_14)
FNF:6
FNH:0
FNDA:0,(anonymous_9)
FNDA:0,(anonymous_10)
FNDA:0,(anonymous_11)
FNDA:0,(anonymous_12)
FNDA:0,(anonymous_13)
FNDA:0,(anonymous_14)
DA:1,0
DA:2,0
DA:3,0
DA:4,0
DA:5,0
DA:23,0
DA:25,0
DA:26,0
DA:34,0
DA:39,0
DA:45,0
DA:51,0
DA:52,0
DA:59,0
DA:62,0
DA:66,0
DA:68,0
DA:69,0
DA:73,0
DA:114,0
DA:118,0
LF:21
LH:0
BRDA:66,0,0,0
BRDA:68,1,0,0
BRDA:85,2,0,0
BRDA:85,2,1,0
BRDA:85,2,2,0
BRDA:89,3,0,0
BRDA:89,3,1,0
BRF:7
BRH:0
end_of_record
TN:
SF:src\components\LoadingScreen.tsx
FN:5,(anonymous_1)
FNF:1
FNH:0
FNDA:0,(anonymous_1)
DA:1,0
DA:2,0
DA:3,0
DA:5,0
DA:6,0
DA:13,0
LF:6
LH:0
BRF:0
BRH:0
end_of_record
TN:
SF:src\components\SplashScreen.tsx
FN:10,(anonymous_9)
FN:15,(anonymous_10)
FN:47,(anonymous_11)
FNF:3
FNH:0
FNDA:0,(anonymous_9)
FNDA:0,(anonymous_10)
FNDA:0,(anonymous_11)
DA:1,0
DA:2,0
DA:3,0
DA:4,0
DA:6,0
DA:8,0
DA:10,0
DA:11,0
DA:12,0
DA:13,0
DA:15,0
DA:16,0
DA:38,0
DA:48,0
DA:131,0
LF:15
LH:0
BRF:0
BRH:0
end_of_record
TN:
SF:src\components\achievements\AchievementNotification.tsx
FN:26,(anonymous_9)
FN:35,(anonymous_10)
FN:43,(anonymous_11)
FN:68,(anonymous_12)
FN:72,(anonymous_13)
FN:80,(anonymous_14)
FN:81,(anonymous_15)
FN:112,(anonymous_16)
FN:113,(anonymous_17)
FN:121,(anonymous_18)
FN:133,(anonymous_19)
FN:138,(anonymous_20)
FN:152,(anonymous_21)
FN:177,(anonymous_22)
FNF:14
FNH:0
FNDA:0,(anonymous_9)
FNDA:0,(anonymous_10)
FNDA:0,(anonymous_11)
FNDA:0,(anonymous_12)
FNDA:0,(anonymous_13)
FNDA:0,(anonymous_14)
FNDA:0,(anonymous_15)
FNDA:0,(anonymous_16)
FNDA:0,(anonymous_17)
FNDA:0,(anonymous_18)
FNDA:0,(anonymous_19)
FNDA:0,(anonymous_20)
FNDA:0,(anonymous_21)
FNDA:0,(anonymous_22)
DA:1,0
DA:2,0
DA:11,0
DA:12,0
DA:13,0
DA:15,0
DA:17,0
DA:26,0
DA:32,0
DA:33,0
DA:34,0
DA:35,0
DA:43,0
DA:44,0
DA:45,0
DA:48,0
DA:63,0
DA:64,0
DA:68,0
DA:69,0
DA:72,0
DA:74,0
DA:75,0
DA:76,0
DA:80,0
DA:81,0
DA:82,0
DA:83,0
DA:85,0
DA:109,0
DA:112,0
DA:113,0
DA:114,0
DA:115,0
DA:116,0
DA:117,0
DA:121,0
DA:122,0
DA:134,0
DA:138,0
DA:139,0
DA:141,0
DA:143,0
DA:145,0
DA:148,0
DA:152,0
DA:153,0
DA:155,0
DA:157,0
DA:159,0
DA:162,0
DA:166,0
DA:178,0
DA:288,0
LF:54
LH:0
BRDA:30,0,0,0
BRDA:44,1,0,0
BRDA:44,1,1,0
BRDA:63,2,0,0
BRDA:139,3,0,0
BRDA:139,3,1,0
BRDA:139,3,2,0
BRDA:139,3,3,0
BRDA:139,3,4,0
BRDA:153,4,0,0
BRDA:153,4,1,0
BRDA:153,4,2,0
BRDA:153,4,3,0
BRDA:153,4,4,0
BRDA:175,5,0,0
BRDA:175,5,1,0
BRDA:175,5,2,0
BRDA:257,6,0,0
BRDA:257,6,1,0
BRDA:263,7,0,0
BRDA:263,7,1,0
BRDA:269,8,0,0
BRDA:269,8,1,0
BRF:23
BRH:0
end_of_record
TN:
SF:src\components\ads\AdComponents.tsx
FN:28,(anonymous_9)
FN:47,(anonymous_10)
FN:62,(anonymous_11)
FN:66,(anonymous_12)
FN:76,(anonymous_13)
FN:83,(anonymous_14)
FN:96,(anonymous_15)
FN:115,(anonymous_16)
FN:125,(anonymous_17)
FN:136,(anonymous_18)
FN:147,(anonymous_19)
FN:206,(anonymous_20)
FN:215,(anonymous_21)
FN:218,(anonymous_22)
FN:231,(anonymous_23)
FNF:15
FNH:0
FNDA:0,(anonymous_9)
FNDA:0,(anonymous_10)
FNDA:0,(anonymous_11)
FNDA:0,(anonymous_12)
FNDA:0,(anonymous_13)
FNDA:0,(anonymous_14)
FNDA:0,(anonymous_15)
FNDA:0,(anonymous_16)
FNDA:0,(anonymous_17)
FNDA:0,(anonymous_18)
FNDA:0,(anonymous_19)
FNDA:0,(anonymous_20)
FNDA:0,(anonymous_21)
FNDA:0,(anonymous_22)
FNDA:0,(anonymous_23)
DA:1,0
DA:2,0
DA:10,0
DA:11,0
DA:13,0
DA:15,0
DA:28,0
DA:29,0
DA:47,0
DA:54,0
DA:62,0
DA:64,0
DA:66,0
DA:68,0
DA:71,0
DA:72,0
DA:76,0
DA:78,0
DA:79,0
DA:83,0
DA:84,0
DA:85,0
DA:86,0
DA:89,0
DA:90,0
DA:96,0
DA:101,0
DA:104,0
DA:105,0
DA:106,0
DA:107,0
DA:109,0
DA:115,0
DA:121,0
DA:125,0
DA:126,0
DA:128,0
DA:130,0
DA:132,0
DA:136,0
DA:137,0
DA:139,0
DA:141,0
DA:143,0
DA:147,0
DA:148,0
DA:150,0
DA:152,0
DA:154,0
DA:158,0
DA:159,0
DA:161,0
DA:206,0
DA:214,0
DA:215,0
DA:218,0
DA:219,0
DA:221,0
DA:223,0
DA:225,0
DA:227,0
DA:231,0
DA:232,0
DA:234,0
DA:236,0
DA:238,0
DA:240,0
DA:244,0
DA:289,0
DA:436,0
LF:70
LH:0
BRDA:28,0,0,0
BRDA:49,1,0,0
BRDA:50,2,0,0
BRDA:52,3,0,0
BRDA:71,4,0,0
BRDA:71,5,0,0
BRDA:71,5,1,0
BRDA:78,6,0,0
BRDA:78,7,0,0
BRDA:78,7,1,0
BRDA:84,8,0,0
BRDA:89,9,0,0
BRDA:89,10,0,0
BRDA:89,10,1,0
BRDA:126,11,0,0
BRDA:126,11,1,0
BRDA:126,11,2,0
BRDA:137,12,0,0
BRDA:137,12,1,0
BRDA:137,12,2,0
BRDA:148,13,0,0
BRDA:148,13,1,0
BRDA:148,13,2,0
BRDA:158,14,0,0
BRDA:158,14,1,0
BRDA:158,14,2,0
BRDA:159,15,0,0
BRDA:159,15,1,0
BRDA:159,15,2,0
BRDA:159,15,3,0
BRDA:166,16,0,0
BRDA:166,16,1,0
BRDA:170,17,0,0
BRDA:170,17,1,0
BRDA:173,18,0,0
BRDA:173,18,1,0
BRDA:189,19,0,0
BRDA:189,19,1,0
BRDA:212,20,0,0
BRDA:219,21,0,0
BRDA:219,21,1,0
BRDA:219,21,2,0
BRDA:219,21,3,0
BRDA:232,22,0,0
BRDA:232,22,1,0
BRDA:232,22,2,0
BRDA:232,22,3,0
BRDA:253,23,0,0
BRDA:253,23,1,0
BRDA:256,24,0,0
BRDA:256,24,1,0
BRDA:269,25,0,0
BRDA:269,25,1,0
BRDA:269,25,2,0
BRDA:269,25,3,0
BRDA:272,26,0,0
BRDA:272,26,1,0
BRDA:272,26,2,0
BRDA:274,27,0,0
BRDA:274,27,1,0
BRDA:280,28,0,0
BRDA:280,28,1,0
BRF:62
BRH:0
end_of_record
TN:
SF:src\components\common\AnimatedNumber.tsx
FN:14,(anonymous_9)
FN:26,(anonymous_10)
FN:27,(anonymous_11)
FN:42,(anonymous_12)
FNF:4
FNH:0
FNDA:0,(anonymous_9)
FNDA:0,(anonymous_10)
FNDA:0,(anonymous_11)
FNDA:0,(anonymous_12)
DA:1,0
DA:2,0
DA:14,0
DA:23,0
DA:24,0
DA:26,0
DA:27,0
DA:28,0
DA:32,0
DA:35,0
DA:42,0
DA:43,0
DA:47,0
LF:13
LH:0
BRDA:16,0,0,0
BRDA:17,1,0,0
BRDA:18,2,0,0
BRDA:19,3,0,0
BRDA:21,4,0,0
BRDA:28,5,0,0
BRDA:28,5,1,0
BRF:7
BRH:0
end_of_record
TN:
SF:src\components\common\Badge.tsx
FN:16,(anonymous_1)
FN:40,(anonymous_2)
FN:51,(anonymous_3)
FNF:3
FNH:0
FNDA:0,(anonymous_1)
FNDA:0,(anonymous_2)
FNDA:0,(anonymous_3)
DA:1,0
DA:2,0
DA:3,0
DA:4,0
DA:16,0
DA:25,0
DA:33,0
DA:40,0
DA:41,0
DA:43,0
DA:45,0
DA:47,0
DA:51,0
DA:52,0
DA:54,0
DA:56,0
DA:58,0
DA:60,0
DA:62,0
DA:64,0
DA:66,0
DA:70,0
DA:85,0
LF:23
LH:0
BRDA:18,0,0,0
BRDA:19,1,0,0
BRDA:21,2,0,0
BRDA:29,3,0,0
BRDA:29,3,1,0
BRDA:41,4,0,0
BRDA:41,4,1,0
BRDA:41,4,2,0
BRDA:52,5,0,0
BRDA:52,5,1,0
BRDA:52,5,2,0
BRDA:52,5,3,0
BRDA:52,5,4,0
BRDA:52,5,5,0
BRDA:52,5,6,0
BRDA:72,6,0,0
BRDA:72,6,1,0
BRF:17
BRH:0
end_of_record
TN:
SF:src\components\common\Button.tsx
FN:26,(anonymous_1)
FN:39,(anonymous_2)
FN:72,(anonymous_3)
FNF:3
FNH:0
FNDA:0,(anonymous_1)
FNDA:0,(anonymous_2)
FNDA:0,(anonymous_3)
DA:1,0
DA:2,0
DA:11,0
DA:12,0
DA:13,0
DA:26,0
DA:39,0
DA:40,0
DA:45,0
DA:46,0
DA:49,0
DA:50,0
DA:53,0
DA:55,0
DA:57,0
DA:59,0
DA:66,0
DA:68,0
DA:72,0
DA:73,0
DA:78,0
DA:79,0
DA:82,0
DA:85,0
DA:86,0
DA:89,0
DA:111,0
DA:112,0
DA:132,0
DA:145,0
LF:30
LH:0
BRDA:29,0,0,0
BRDA:30,1,0,0
BRDA:31,2,0,0
BRDA:33,3,0,0
BRDA:34,4,0,0
BRDA:45,5,0,0
BRDA:49,6,0,0
BRDA:49,7,0,0
BRDA:49,7,1,0
BRDA:53,8,0,0
BRDA:53,8,1,0
BRDA:53,8,2,0
BRDA:53,8,3,0
BRDA:53,8,4,0
BRDA:78,9,0,0
BRDA:78,10,0,0
BRDA:78,10,1,0
BRDA:90,11,0,0
BRDA:90,11,1,0
BRDA:92,12,0,0
BRDA:92,12,1,0
BRDA:92,13,0,0
BRDA:92,13,1,0
BRDA:97,14,0,0
BRDA:97,14,1,0
BRDA:100,15,0,0
BRDA:100,15,1,0
BRDA:100,16,0,0
BRDA:100,16,1,0
BRDA:111,17,0,0
BRDA:111,18,0,0
BRDA:111,18,1,0
BRDA:111,18,2,0
BRDA:115,19,0,0
BRDA:115,19,1,0
BRDA:135,20,0,0
BRDA:135,20,1,0
BRF:37
BRH:0
end_of_record
TN:
SF:src\components\common\Card.tsx
FN:17,(anonymous_1)
FNF:1
FNH:0
FNDA:0,(anonymous_1)
DA:1,0
DA:2,0
DA:3,0
DA:4,0
DA:17,0
DA:27,0
DA:36,0
DA:44,0
DA:45,0
DA:62,0
DA:63,0
DA:74,0
DA:77,0
LF:13
LH:0
BRDA:20,0,0,0
BRDA:21,1,0,0
BRDA:23,2,0,0
BRDA:24,3,0,0
BRDA:38,4,0,0
BRDA:38,4,1,0
BRDA:40,5,0,0
BRDA:40,5,1,0
BRDA:44,6,0,0
BRDA:49,7,0,0
BRDA:49,7,1,0
BRDA:54,8,0,0
BRDA:54,8,1,0
BRDA:62,9,0,0
BRF:14
BRH:0
end_of_record
TN:
SF:src\components\common\CountdownTimer.tsx
FN:19,(anonymous_9)
FN:36,(anonymous_10)
FN:41,(anonymous_11)
FN:47,(anonymous_12)
FN:48,(anonymous_13)
FN:78,(anonymous_14)
FNF:6
FNH:0
FNDA:0,(anonymous_9)
FNDA:0,(anonymous_10)
FNDA:0,(anonymous_11)
FNDA:0,(anonymous_12)
FNDA:0,(anonymous_13)
FNDA:0,(anonymous_14)
DA:1,0
DA:2,0
DA:3,0
DA:4,0
DA:17,0
DA:19,0
DA:29,0
DA:30,0
DA:31,0
DA:33,0
DA:34,0
DA:36,0
DA:37,0
DA:38,0
DA:41,0
DA:42,0
DA:43,0
DA:44,0
DA:47,0
DA:48,0
DA:49,0
DA:52,0
DA:59,0
DA:60,0
DA:74,0
DA:78,0
DA:81,0
DA:86,0
DA:87,0
DA:89,0
DA:143,0
LF:31
LH:0
BRDA:21,0,0,0
BRDA:22,1,0,0
BRDA:23,2,0,0
BRDA:24,3,0,0
BRDA:26,4,0,0
BRDA:27,5,0,0
BRDA:42,6,0,0
BRDA:59,7,0,0
BRDA:87,8,0,0
BRDA:87,8,1,0
BRDA:100,9,0,0
BRDA:100,9,1,0
BRDA:133,10,0,0
BRDA:133,10,1,0
BRF:14
BRH:0
end_of_record
TN:
SF:src\components\common\Input.tsx
FN:21,(anonymous_9)
FN:33,(anonymous_10)
FN:63,(anonymous_11)
FN:64,(anonymous_12)
FNF:4
FNH:0
FNDA:0,(anonymous_9)
FNDA:0,(anonymous_10)
FNDA:0,(anonymous_11)
FNDA:0,(anonymous_12)
DA:1,0
DA:2,0
DA:10,0
DA:11,0
DA:21,0
DA:30,0
DA:31,0
DA:33,0
DA:34,0
DA:37,0
DA:63,0
DA:64,0
DA:86,0
LF:13
LH:0
BRDA:39,0,0,0
BRDA:39,0,1,0
BRDA:43,1,0,0
BRDA:43,1,1,0
BRDA:44,2,0,0
BRDA:44,2,1,0
BRDA:47,3,0,0
BRDA:47,3,1,0
BRDA:56,4,0,0
BRDA:56,4,1,0
BRDA:68,5,0,0
BRDA:68,5,1,0
BRDA:74,6,0,0
BRDA:74,6,1,0
BRDA:81,7,0,0
BRDA:81,7,1,0
BRF:16
BRH:0
end_of_record
TN:
SF:src\components\common\ProgressBar.tsx
FN:19,(anonymous_9)
FN:34,(anonymous_10)
FNF:2
FNH:0
FNDA:0,(anonymous_9)
FNDA:0,(anonymous_10)
DA:1,0
DA:2,0
DA:3,0
DA:4,0
DA:19,0
DA:31,0
DA:32,0
DA:34,0
DA:35,0
DA:36,0
DA:43,0
DA:47,0
DA:52,0
DA:85,0
LF:14
LH:0
BRDA:21,0,0,0
BRDA:22,1,0,0
BRDA:23,2,0,0
BRDA:24,3,0,0
BRDA:25,4,0,0
BRDA:26,5,0,0
BRDA:28,6,0,0
BRDA:35,7,0,0
BRDA:35,7,1,0
BRDA:54,8,0,0
BRDA:54,8,1,0
BRDA:56,9,0,0
BRDA:56,9,1,0
BRDA:69,10,0,0
BRDA:69,10,1,0
BRF:15
BRH:0
end_of_record
TN:
SF:src\components\common\SkeletonLoader.tsx
FN:13,(anonymous_9)
FN:21,(anonymous_10)
FN:59,(anonymous_11)
FN:76,(anonymous_12)
FN:82,(anonymous_13)
FN:95,(anonymous_14)
FN:109,(anonymous_15)
FN:117,(anonymous_16)
FN:120,(anonymous_17)
FN:133,(anonymous_18)
FN:141,(anonymous_19)
FNF:11
FNH:0
FNDA:0,(anonymous_9)
FNDA:0,(anonymous_10)
FNDA:0,(anonymous_11)
FNDA:0,(anonymous_12)
FNDA:0,(anonymous_13)
FNDA:0,(anonymous_14)
FNDA:0,(anonymous_15)
FNDA:0,(anonymous_16)
FNDA:0,(anonymous_17)
FNDA:0,(anonymous_18)
FNDA:0,(anonymous_19)
DA:1,0
DA:2,0
DA:3,0
DA:4,0
DA:13,0
DA:19,0
DA:21,0
DA:22,0
DA:38,0
DA:43,0
DA:59,0
DA:60,0
DA:76,0
DA:80,0
DA:83,0
DA:95,0
DA:99,0
DA:109,0
DA:110,0
DA:113,0
DA:117,0
DA:118,0
DA:121,0
DA:133,0
DA:139,0
DA:141,0
DA:142,0
DA:151,0
DA:156,0
DA:191,0
LF:30
LH:0
BRDA:14,0,0,0
BRDA:15,1,0,0
BRDA:16,2,0,0
BRDA:77,3,0,0
BRDA:96,4,0,0
BRDA:117,5,0,0
BRDA:117,6,0,0
BRDA:123,7,0,0
BRDA:123,7,1,0
BRDA:134,8,0,0
BRDA:135,9,0,0
BRDA:136,10,0,0
BRF:12
BRH:0
end_of_record
TN:
SF:src\components\common\StatsCard.tsx
FN:20,(anonymous_1)
FN:31,(anonymous_2)
FN:42,(anonymous_3)
FNF:3
FNH:0
FNDA:0,(anonymous_1)
FNDA:0,(anonymous_2)
FNDA:0,(anonymous_3)
DA:1,0
DA:2,0
DA:3,0
DA:4,0
DA:5,0
DA:6,0
DA:20,0
DA:31,0
DA:32,0
DA:34,0
DA:36,0
DA:38,0
DA:42,0
DA:43,0
DA:45,0
DA:47,0
DA:49,0
DA:53,0
DA:90,0
LF:19
LH:0
BRDA:26,0,0,0
BRDA:27,1,0,0
BRDA:28,2,0,0
BRDA:32,3,0,0
BRDA:32,3,1,0
BRDA:32,3,2,0
BRDA:43,4,0,0
BRDA:43,4,1,0
BRDA:43,4,2,0
BRDA:57,5,0,0
BRDA:57,5,1,0
BRDA:72,6,0,0
BRDA:72,6,1,0
BRDA:72,6,2,0
BRF:14
BRH:0
end_of_record
TN:
SF:src\components\leaderboard\GameModeLeaderboard.tsx
FN:10,(anonymous_9)
FN:15,(anonymous_10)
FN:20,(anonymous_11)
FN:23,(anonymous_12)
FN:38,(anonymous_13)
FN:51,(anonymous_14)
FN:64,(anonymous_15)
FN:114,(anonymous_16)
FN:141,(anonymous_17)
FN:148,(anonymous_18)
FNF:10
FNH:0
FNDA:0,(anonymous_9)
FNDA:0,(anonymous_10)
FNDA:0,(anonymous_11)
FNDA:0,(anonymous_12)
FNDA:0,(anonymous_13)
FNDA:0,(anonymous_14)
FNDA:0,(anonymous_15)
FNDA:0,(anonymous_16)
FNDA:0,(anonymous_17)
FNDA:0,(anonymous_18)
DA:1,0
DA:2,0
DA:3,0
DA:10,0
DA:11,0
DA:12,0
DA:13,0
DA:15,0
DA:16,0
DA:19,0
DA:20,0
DA:23,0
DA:24,0
DA:25,0
DA:26,0
DA:29,0
DA:30,0
DA:33,0
DA:34,0
DA:38,0
DA:39,0
DA:41,0
DA:43,0
DA:45,0
DA:47,0
DA:51,0
DA:52,0
DA:54,0
DA:56,0
DA:58,0
DA:60,0
DA:64,0
DA:65,0
DA:67,0
DA:114,0
DA:115,0
DA:122,0
DA:123,0
DA:131,0
DA:141,0
DA:148,0
DA:166,0
DA:338,0
LF:43
LH:0
BRDA:10,0,0,0
BRDA:23,1,0,0
BRDA:25,2,0,0
BRDA:39,3,0,0
BRDA:39,3,1,0
BRDA:39,3,2,0
BRDA:39,3,3,0
BRDA:52,4,0,0
BRDA:52,4,1,0
BRDA:52,4,2,0
BRDA:52,4,3,0
BRDA:68,5,0,0
BRDA:68,5,1,0
BRDA:70,6,0,0
BRDA:70,6,1,0
BRDA:79,7,0,0
BRDA:79,7,1,0
BRDA:91,8,0,0
BRDA:91,8,1,0
BRDA:94,9,0,0
BRDA:94,9,1,0
BRDA:105,10,0,0
BRDA:105,10,1,0
BRDA:122,11,0,0
BRDA:141,12,0,0
BRDA:141,12,1,0
BRDA:154,13,0,0
BRDA:154,13,1,0
BRDA:154,13,2,0
BRF:29
BRH:0
end_of_record
TN:
SF:src\config\app.ts
FN:173,(anonymous_0)
FN:180,(anonymous_1)
FNF:2
FNH:0
FNDA:0,(anonymous_0)
FNDA:0,(anonymous_1)
DA:1,0
DA:4,0
DA:5,0
DA:8,0
DA:15,0
DA:49,0
DA:99,0
DA:125,0
DA:136,0
DA:147,0
DA:157,0
DA:173,0
DA:174,0
DA:180,0
DA:181,0
LF:15
LH:0
BRDA:174,0,0,0
BRDA:174,0,1,0
BRDA:181,1,0,0
BRDA:181,1,1,0
BRF:4
BRH:0
end_of_record
TN:
SF:src\contexts\ThemeContext.tsx
FN:26,(anonymous_10)
FN:32,(anonymous_11)
FN:37,(anonymous_12)
FN:43,(anonymous_13)
FN:55,(anonymous_14)
FN:62,(anonymous_15)
FN:66,(anonymous_16)
FN:107,(anonymous_17)
FN:116,(anonymous_18)
FNF:9
FNH:0
FNDA:0,(anonymous_10)
FNDA:0,(anonymous_11)
FNDA:0,(anonymous_12)
FNDA:0,(anonymous_13)
FNDA:0,(anonymous_14)
FNDA:0,(anonymous_15)
FNDA:0,(anonymous_16)
FNDA:0,(anonymous_17)
FNDA:0,(anonymous_18)
DA:1,0
DA:2,0
DA:3,0
DA:4,0
DA:5,0
DA:18,0
DA:20,0
DA:26,0
DA:27,0
DA:28,0
DA:29,0
DA:32,0
DA:33,0
DA:37,0
DA:38,0
DA:39,0
DA:43,0
DA:44,0
DA:45,0
DA:46,0
DA:47,0
DA:51,0
DA:55,0
DA:56,0
DA:57,0
DA:62,0
DA:63,0
DA:66,0
DA:70,0
DA:71,0
DA:72,0
DA:73,0
DA:75,0
DA:80,0
DA:84,0
DA:86,0
DA:94,0
DA:96,0
DA:99,0
DA:107,0
DA:108,0
DA:109,0
DA:110,0
DA:112,0
DA:116,0
DA:117,0
DA:118,0
LF:47
LH:0
BRDA:38,0,0,0
BRDA:46,1,0,0
BRDA:46,2,0,0
BRDA:46,2,1,0
BRDA:46,2,2,0
BRDA:46,2,3,0
BRDA:70,3,0,0
BRDA:70,3,1,0
BRDA:71,4,0,0
BRDA:71,4,1,0
BRDA:72,5,0,0
BRDA:72,5,1,0
BRDA:80,6,0,0
BRDA:80,6,1,0
BRDA:84,7,0,0
BRDA:84,7,1,0
BRDA:94,8,0,0
BRDA:109,9,0,0
BRF:18
BRH:0
end_of_record
TN:
SF:src\features\referrals\referral.ts
FN:30,getOrCreateReferralCode
FN:49,useReferralCode
FN:77,grantReward
FN:90,getReferralStatus
FN:104,resetReferralData
FNF:5
FNH:0
FNDA:0,getOrCreateReferralCode
FNDA:0,useReferralCode
FNDA:0,grantReward
FNDA:0,getReferralStatus
FNDA:0,resetReferralData
DA:6,0
DA:7,0
DA:9,0
DA:10,0
DA:11,0
DA:30,0
DA:31,0
DA:32,0
DA:33,0
DA:35,0
DA:36,0
DA:37,0
DA:40,0
DA:41,0
DA:42,0
DA:49,0
DA:50,0
DA:51,0
DA:52,0
DA:53,0
DA:56,0
DA:57,0
DA:58,0
DA:61,0
DA:62,0
DA:66,0
DA:69,0
DA:71,0
DA:73,0
DA:77,0
DA:78,0
DA:79,0
DA:80,0
DA:85,0
DA:86,0
DA:87,0
DA:90,0
DA:91,0
DA:97,0
DA:104,0
DA:105,0
LF:41
LH:0
BRDA:30,0,0,0
BRDA:33,1,0,0
BRDA:52,2,0,0
BRDA:57,3,0,0
BRDA:57,4,0,0
BRDA:57,4,1,0
BRDA:61,5,0,0
BRDA:79,6,0,0
BRDA:79,6,1,0
BRDA:100,7,0,0
BRDA:100,7,1,0
BRF:11
BRH:0
end_of_record
TN:
SF:src\hooks\useNotifications.ts
FN:28,useNotifications
FN:40,(anonymous_1)
FN:70,(anonymous_2)
FN:72,(anonymous_3)
FN:80,(anonymous_4)
FN:84,(anonymous_5)
FN:92,(anonymous_6)
FN:97,(anonymous_7)
FN:103,(anonymous_8)
FNF:9
FNH:0
FNDA:0,useNotifications
FNDA:0,(anonymous_1)
FNDA:0,(anonymous_2)
FNDA:0,(anonymous_3)
FNDA:0,(anonymous_4)
FNDA:0,(anonymous_5)
FNDA:0,(anonymous_6)
FNDA:0,(anonymous_7)
FNDA:0,(anonymous_8)
DA:6,0
DA:7,0
DA:9,0
DA:28,0
DA:29,0
DA:30,0
DA:31,0
DA:36,0
DA:37,0
DA:40,0
DA:41,0
DA:43,0
DA:44,0
DA:47,0
DA:48,0
DA:50,0
DA:51,0
DA:53,0
DA:54,0
DA:57,0
DA:58,0
DA:61,0
DA:62,0
DA:64,0
DA:70,0
DA:72,0
DA:73,0
DA:74,0
DA:80,0
DA:84,0
DA:85,0
DA:86,0
DA:87,0
DA:92,0
DA:93,0
DA:97,0
DA:98,0
DA:99,0
DA:103,0
DA:104,0
DA:105,0
LF:41
LH:0
BRDA:28,0,0,0
BRDA:41,1,0,0
BRDA:41,2,0,0
BRDA:41,2,1,0
BRDA:44,3,0,0
BRDA:44,3,1,0
BRDA:44,3,2,0
BRDA:44,3,3,0
BRDA:44,3,4,0
BRDA:44,3,5,0
BRDA:44,3,6,0
BRDA:44,3,7,0
BRDA:44,3,8,0
BRDA:73,4,0,0
BRDA:85,5,0,0
BRF:15
BRH:0
end_of_record
TN:
SF:src\services\notifications.ts
FN:12,(anonymous_9)
FN:42,registerForPushNotifications
FN:120,sendLocalNotification
FN:144,scheduleNotification
FN:168,cancelNotification
FN:178,cancelAllNotifications
FN:188,getScheduledNotifications
FN:199,setBadgeCount
FN:210,clearBadge
FN:219,scheduleDailyReminder
FN:240,notifyAchievementUnlocked
FN:252,notifyChallengeCompleted
FN:264,notifyDailyClaimAvailable
FN:276,notifyFriendChallenge
FN:288,notifyTournamentStarting
FN:307,notifyStreakAtRisk
FN:319,notifyNewWeeklyChallenges
FN:331,notifyLevelUp
FN:343,notifyLowCredits
FN:354,notifyGameResults
FN:373,scheduleDailyClaimReminder
FN:395,notifyEmailVerificationNeeded
FN:412,addNotificationReceivedListener
FN:421,addNotificationResponseListener
FN:430,getLastNotificationResponse
FNF:25
FNH:0
FNDA:0,(anonymous_9)
FNDA:0,registerForPushNotifications
FNDA:0,sendLocalNotification
FNDA:0,scheduleNotification
FNDA:0,cancelNotification
FNDA:0,cancelAllNotifications
FNDA:0,getScheduledNotifications
FNDA:0,setBadgeCount
FNDA:0,clearBadge
FNDA:0,scheduleDailyReminder
FNDA:0,notifyAchievementUnlocked
FNDA:0,notifyChallengeCompleted
FNDA:0,notifyDailyClaimAvailable
FNDA:0,notifyFriendChallenge
FNDA:0,notifyTournamentStarting
FNDA:0,notifyStreakAtRisk
FNDA:0,notifyNewWeeklyChallenges
FNDA:0,notifyLevelUp
FNDA:0,notifyLowCredits
FNDA:0,notifyGameResults
FNDA:0,scheduleDailyClaimReminder
FNDA:0,notifyEmailVerificationNeeded
FNDA:0,addNotificationReceivedListener
FNDA:0,addNotificationResponseListener
FNDA:0,getLastNotificationResponse
DA:6,0
DA:7,0
DA:8,0
DA:11,0
DA:12,0
DA:42,0
DA:43,0
DA:45,0
DA:46,0
DA:50,0
DA:51,0
DA:54,0
DA:55,0
DA:56,0
DA:59,0
DA:60,0
DA:65,0
DA:66,0
DA:71,0
DA:75,0
DA:76,0
DA:88,0
DA:96,0
DA:102,0
DA:108,0
DA:113,0
DA:120,0
DA:123,0
DA:124,0
DA:135,0
DA:137,0
DA:144,0
DA:147,0
DA:148,0
DA:159,0
DA:161,0
DA:168,0
DA:169,0
DA:170,0
DA:178,0
DA:179,0
DA:180,0
DA:188,0
DA:189,0
DA:190,0
DA:192,0
DA:199,0
DA:200,0
DA:201,0
DA:203,0
DA:210,0
DA:211,0
DA:219,0
DA:220,0
DA:240,0
DA:241,0
DA:252,0
DA:253,0
DA:264,0
DA:265,0
DA:276,0
DA:277,0
DA:288,0
DA:289,0
DA:307,0
DA:308,0
DA:319,0
DA:320,0
DA:331,0
DA:332,0
DA:343,0
DA:344,0
DA:354,0
DA:359,0
DA:360,0
DA:362,0
DA:373,0
DA:375,0
DA:395,0
DA:396,0
DA:412,0
DA:415,0
DA:421,0
DA:424,0
DA:430,0
DA:431,0
LF:86
LH:0
BRDA:45,0,0,0
BRDA:54,1,0,0
BRDA:59,2,0,0
BRDA:75,3,0,0
BRDA:130,4,0,0
BRDA:130,4,1,0
BRDA:154,5,0,0
BRDA:154,5,1,0
BRDA:219,6,0,0
BRDA:219,7,0,0
BRDA:359,8,0,0
BRDA:359,8,1,0
BRDA:360,9,0,0
BRDA:360,9,1,0
BRF:14
BRH:0
end_of_record
TN:
SF:src\services\ads\adsService.ts
FN:40,(anonymous_0)
FN:44,(anonymous_1)
FN:50,(anonymous_2)
FN:56,(anonymous_3)
FN:62,(anonymous_4)
FN:64,(anonymous_5)
FN:68,(anonymous_6)
FN:70,(anonymous_7)
FN:73,(anonymous_8)
FN:87,(anonymous_9)
FN:91,(anonymous_10)
FN:93,(anonymous_11)
FN:97,(anonymous_12)
FN:99,(anonymous_13)
FN:102,(anonymous_14)
FN:111,(anonymous_15)
FN:115,(anonymous_16)
FN:132,(anonymous_17)
FN:142,(anonymous_18)
FN:145,(anonymous_19)
FN:154,(anonymous_20)
FNF:21
FNH:0
FNDA:0,(anonymous_0)
FNDA:0,(anonymous_1)
FNDA:0,(anonymous_2)
FNDA:0,(anonymous_3)
FNDA:0,(anonymous_4)
FNDA:0,(anonymous_5)
FNDA:0,(anonymous_6)
FNDA:0,(anonymous_7)
FNDA:0,(anonymous_8)
FNDA:0,(anonymous_9)
FNDA:0,(anonymous_10)
FNDA:0,(anonymous_11)
FNDA:0,(anonymous_12)
FNDA:0,(anonymous_13)
FNDA:0,(anonymous_14)
FNDA:0,(anonymous_15)
FNDA:0,(anonymous_16)
FNDA:0,(anonymous_17)
FNDA:0,(anonymous_18)
FNDA:0,(anonymous_19)
FNDA:0,(anonymous_20)
DA:3,0
DA:4,0
DA:8,0
DA:36,0
DA:37,0
DA:38,0
DA:41,0
DA:45,0
DA:51,0
DA:57,0
DA:64,0
DA:65,0
DA:70,0
DA:71,0
DA:73,0
DA:74,0
DA:79,0
DA:80,0
DA:84,0
DA:88,0
DA:93,0
DA:94,0
DA:99,0
DA:100,0
DA:102,0
DA:103,0
DA:104,0
DA:108,0
DA:112,0
DA:116,0
DA:117,0
DA:119,0
DA:120,0
DA:125,0
DA:128,0
DA:133,0
DA:146,0
DA:153,0
DA:154,0
LF:39
LH:0
BRDA:45,0,0,0
BRDA:45,0,1,0
BRDA:51,1,0,0
BRDA:51,1,1,0
BRDA:57,2,0,0
BRDA:57,2,1,0
BRDA:119,3,0,0
BRDA:119,3,1,0
BRDA:125,4,0,0
BRDA:125,4,1,0
BRF:10
BRH:0
end_of_record
TN:
SF:src\services\api\auth.ts
FN:26,(anonymous_0)
FN:30,(anonymous_1)
FN:34,(anonymous_2)
FN:38,(anonymous_3)
FN:48,(anonymous_4)
FN:52,(anonymous_5)
FN:56,(anonymous_6)
FN:61,(anonymous_7)
FN:66,(anonymous_8)
FNF:9
FNH:0
FNDA:0,(anonymous_0)
FNDA:0,(anonymous_1)
FNDA:0,(anonymous_2)
FNDA:0,(anonymous_3)
FNDA:0,(anonymous_4)
FNDA:0,(anonymous_5)
FNDA:0,(anonymous_6)
FNDA:0,(anonymous_7)
FNDA:0,(anonymous_8)
DA:1,0
DA:25,0
DA:27,0
DA:31,0
DA:35,0
DA:42,0
DA:49,0
DA:53,0
DA:57,0
DA:62,0
DA:67,0
LF:11
LH:0
BRF:0
BRH:0
end_of_record
TN:
SF:src\services\api\client.ts
FN:15,(anonymous_1)
FN:20,(anonymous_2)
FN:24,(anonymous_3)
FN:38,(anonymous_4)
FN:46,(anonymous_5)
FN:54,(anonymous_6)
FN:60,(anonymous_7)
FN:100,(anonymous_8)
FN:105,(anonymous_9)
FN:137,(anonymous_10)
FN:243,(anonymous_11)
FN:247,(anonymous_12)
FN:251,(anonymous_13)
FN:255,(anonymous_14)
FN:259,(anonymous_15)
FNF:15
FNH:14
FNDA:1,(anonymous_1)
FNDA:20,(anonymous_2)
FNDA:14,(anonymous_3)
FNDA:1,(anonymous_4)
FNDA:2,(anonymous_5)
FNDA:1,(anonymous_6)
FNDA:1,(anonymous_7)
FNDA:14,(anonymous_8)
FNDA:14,(anonymous_9)
FNDA:0,(anonymous_10)
FNDA:9,(anonymous_11)
FNDA:2,(anonymous_12)
FNDA:1,(anonymous_13)
FNDA:1,(anonymous_14)
FNDA:1,(anonymous_15)
DA:1,1
DA:2,1
DA:3,1
DA:6,1
DA:7,1
DA:12,1
DA:13,1
DA:16,1
DA:17,1
DA:21,20
DA:25,14
DA:26,0
DA:29,14
DA:30,14
DA:31,13
DA:32,13
DA:34,1
DA:39,1
DA:40,1
DA:41,1
DA:47,2
DA:48,2
DA:49,2
DA:56,1
DA:57,0
DA:60,1
DA:61,1
DA:62,1
DA:63,1
DA:64,1
DA:67,0
DA:75,0
DA:77,0
DA:78,0
DA:79,0
DA:82,0
DA:83,0
DA:84,0
DA:85,0
DA:86,0
DA:89,0
DA:91,0
DA:93,1
DA:97,1
DA:101,14
DA:102,14
DA:112,14
DA:113,14
DA:114,2
DA:123,12
DA:124,12
DA:125,12
DA:127,12
DA:132,12
DA:133,0
DA:136,12
DA:137,12
DA:139,12
DA:146,12
DA:147,4
DA:150,12
DA:151,10
DA:154,10
DA:156,10
DA:157,10
DA:159,0
DA:162,10
DA:164,4
DA:166,1
DA:168,1
DA:170,0
DA:171,0
DA:176,0
DA:179,0
DA:180,0
DA:182,0
DA:185,0
DA:186,0
DA:190,0
DA:200,1
DA:201,1
DA:210,3
DA:219,6
DA:221,2
DA:223,2
DA:224,1
DA:233,1
DA:244,9
DA:248,2
DA:252,1
DA:256,1
DA:260,1
DA:264,1
LF:93
LH:68
BRDA:25,0,0,0
BRDA:56,1,0,0
BRDA:63,2,0,1
BRDA:75,3,0,0
BRDA:83,4,0,0
BRDA:83,5,0,0
BRDA:83,5,1,0
BRDA:102,6,0,14
BRDA:102,6,1,1
BRDA:109,7,0,14
BRDA:113,8,0,2
BRDA:129,9,0,12
BRDA:129,9,1,12
BRDA:132,10,0,0
BRDA:146,11,0,4
BRDA:146,12,0,12
BRDA:146,12,1,4
BRDA:156,13,0,10
BRDA:156,13,1,0
BRDA:162,14,0,4
BRDA:164,15,0,1
BRDA:164,16,0,4
BRDA:164,16,1,1
BRDA:168,17,0,0
BRDA:179,18,0,0
BRDA:179,18,1,0
BRDA:185,19,0,0
BRDA:193,20,0,0
BRDA:193,20,1,0
BRDA:194,21,0,0
BRDA:194,21,1,0
BRDA:213,22,0,3
BRDA:213,22,1,0
BRDA:214,23,0,3
BRDA:214,23,1,0
BRDA:223,24,0,1
BRF:36
BRH:18
end_of_record
TN:
SF:src\services\api\config.ts
FN:17,(anonymous_0)
FN:22,(anonymous_1)
FN:27,(anonymous_2)
FN:32,(anonymous_3)
FN:37,(anonymous_4)
FN:53,(anonymous_5)
FN:63,(anonymous_6)
FN:75,(anonymous_7)
FNF:8
FNH:0
FNDA:0,(anonymous_0)
FNDA:0,(anonymous_1)
FNDA:0,(anonymous_2)
FNDA:0,(anonymous_3)
FNDA:0,(anonymous_4)
FNDA:0,(anonymous_5)
FNDA:0,(anonymous_6)
FNDA:0,(anonymous_7)
DA:1,0
DA:15,0
DA:18,0
DA:23,0
DA:28,0
DA:33,0
DA:49,0
DA:59,0
DA:71,0
DA:81,0
LF:10
LH:0
BRF:0
BRH:0
end_of_record
TN:
SF:src\services\api\game.ts
FN:38,(anonymous_0)
FN:43,(anonymous_1)
FN:48,(anonymous_2)
FN:59,(anonymous_3)
FN:66,(anonymous_4)
FN:71,(anonymous_5)
FN:85,(anonymous_6)
FN:90,(anonymous_7)
FN:95,(anonymous_8)
FN:100,(anonymous_9)
FN:105,(anonymous_10)
FN:115,(anonymous_11)
FN:120,(anonymous_12)
FNF:13
FNH:0
FNDA:0,(anonymous_0)
FNDA:0,(anonymous_1)
FNDA:0,(anonymous_2)
FNDA:0,(anonymous_3)
FNDA:0,(anonymous_4)
FNDA:0,(anonymous_5)
FNDA:0,(anonymous_6)
FNDA:0,(anonymous_7)
FNDA:0,(anonymous_8)
FNDA:0,(anonymous_9)
FNDA:0,(anonymous_10)
FNDA:0,(anonymous_11)
FNDA:0,(anonymous_12)
DA:1,0
DA:36,0
DA:39,0
DA:44,0
DA:52,0
DA:60,0
DA:67,0
DA:77,0
DA:86,0
DA:91,0
DA:96,0
DA:101,0
DA:109,0
DA:116,0
DA:123,0
LF:15
LH:0
BRDA:106,0,0,0
BRDA:107,1,0,0
BRF:2
BRH:0
end_of_record
TN:
SF:src\services\api\gameModes.ts
FN:49,(anonymous_1)
FN:57,(anonymous_2)
FN:65,(anonymous_3)
FN:73,(anonymous_4)
FN:83,(anonymous_5)
FN:91,(anonymous_6)
FN:110,(anonymous_7)
FN:125,(anonymous_8)
FN:138,(anonymous_9)
FNF:9
FNH:0
FNDA:0,(anonymous_1)
FNDA:0,(anonymous_2)
FNDA:0,(anonymous_3)
FNDA:0,(anonymous_4)
FNDA:0,(anonymous_5)
FNDA:0,(anonymous_6)
FNDA:0,(anonymous_7)
FNDA:0,(anonymous_8)
FNDA:0,(anonymous_9)
DA:1,0
DA:45,0
DA:50,0
DA:51,0
DA:58,0
DA:59,0
DA:66,0
DA:67,0
DA:74,0
DA:77,0
DA:84,0
DA:85,0
DA:98,0
DA:104,0
DA:115,0
DA:119,0
DA:129,0
DA:132,0
DA:139,0
DA:140,0
DA:141,0
DA:145,0
DA:147,0
DA:152,0
LF:24
LH:0
BRDA:73,0,0,0
BRDA:117,1,0,0
BRDA:117,1,1,0
BRDA:141,2,0,0
BRF:4
BRH:0
end_of_record
TN:
SF:src\services\api\leaderboard.ts
FN:27,(anonymous_0)
FN:33,(anonymous_1)
FN:39,(anonymous_2)
FN:47,(anonymous_3)
FN:52,(anonymous_4)
FN:60,(anonymous_5)
FN:65,(anonymous_6)
FN:70,(anonymous_7)
FN:75,(anonymous_8)
FN:92,(anonymous_9)
FNF:10
FNH:0
FNDA:0,(anonymous_0)
FNDA:0,(anonymous_1)
FNDA:0,(anonymous_2)
FNDA:0,(anonymous_3)
FNDA:0,(anonymous_4)
FNDA:0,(anonymous_5)
FNDA:0,(anonymous_6)
FNDA:0,(anonymous_7)
FNDA:0,(anonymous_8)
FNDA:0,(anonymous_9)
DA:1,0
DA:25,0
DA:28,0
DA:29,0
DA:34,0
DA:35,0
DA:43,0
DA:48,0
DA:56,0
DA:61,0
DA:66,0
DA:71,0
DA:88,0
DA:93,0
LF:14
LH:0
BRDA:28,0,0,0
BRDA:28,0,1,0
BRDA:34,1,0,0
BRDA:34,1,1,0
BRDA:40,2,0,0
BRDA:41,3,0,0
BRDA:53,4,0,0
BRDA:54,5,0,0
BRDA:76,6,0,0
BRDA:77,7,0,0
BRF:10
BRH:0
end_of_record
TN:
SF:src\services\api\normalizer.ts
FN:1,(anonymous_0)
FN:12,(anonymous_1)
FN:18,(anonymous_2)
FNF:3
FNH:2
FNDA:120,(anonymous_0)
FNDA:63,(anonymous_1)
FNDA:0,(anonymous_2)
DA:1,2
DA:2,120
DA:3,5
DA:6,115
DA:7,75
DA:10,40
DA:11,40
DA:12,88
DA:13,88
DA:15,40
DA:18,2
DA:19,0
DA:21,0
DA:23,0
LF:14
LH:11
BRDA:2,0,0,5
BRDA:6,1,0,75
BRDA:6,2,0,115
BRDA:6,2,1,112
BRDA:19,3,0,0
BRDA:19,3,1,0
BRDA:21,4,0,0
BRDA:21,4,1,0
BRF:8
BRH:4
end_of_record
TN:
SF:src\services\api\user.ts
FN:58,(anonymous_0)
FN:66,(anonymous_1)
FN:74,(anonymous_2)
FN:82,(anonymous_3)
FNF:4
FNH:0
FNDA:0,(anonymous_0)
FNDA:0,(anonymous_1)
FNDA:0,(anonymous_2)
FNDA:0,(anonymous_3)
DA:6,0
DA:59,0
DA:60,0
DA:67,0
DA:68,0
DA:75,0
DA:76,0
DA:83,0
DA:84,0
DA:88,0
LF:10
LH:0
BRF:0
BRH:0
end_of_record
TN:
SF:src\services\api\wallet.ts
FN:46,(anonymous_0)
FN:51,(anonymous_1)
FN:56,(anonymous_2)
FN:63,(anonymous_3)
FN:71,(anonymous_4)
FN:76,(anonymous_5)
FN:87,(anonymous_6)
FNF:7
FNH:0
FNDA:0,(anonymous_0)
FNDA:0,(anonymous_1)
FNDA:0,(anonymous_2)
FNDA:0,(anonymous_3)
FNDA:0,(anonymous_4)
FNDA:0,(anonymous_5)
FNDA:0,(anonymous_6)
DA:1,0
DA:44,0
DA:47,0
DA:52,0
DA:57,0
DA:67,0
DA:72,0
DA:80,0
DA:93,0
LF:9
LH:0
BRDA:64,0,0,0
BRDA:65,1,0,0
BRF:2
BRH:0
end_of_record
TN:
SF:src\services\monitoring\sentry.ts
FN:14,(anonymous_9)
FN:33,(anonymous_10)
FN:66,(anonymous_11)
FN:68,(anonymous_12)
FN:69,(anonymous_13)
FN:82,(anonymous_14)
FN:92,(anonymous_15)
FN:108,(anonymous_16)
FN:119,(anonymous_17)
FN:126,(anonymous_18)
FN:136,(anonymous_19)
FN:149,(anonymous_20)
FN:157,(anonymous_21)
FN:167,(anonymous_22)
FN:179,(anonymous_23)
FN:189,(anonymous_24)
FN:201,(anonymous_25)
FNF:17
FNH:0
FNDA:0,(anonymous_9)
FNDA:0,(anonymous_10)
FNDA:0,(anonymous_11)
FNDA:0,(anonymous_12)
FNDA:0,(anonymous_13)
FNDA:0,(anonymous_14)
FNDA:0,(anonymous_15)
FNDA:0,(anonymous_16)
FNDA:0,(anonymous_17)
FNDA:0,(anonymous_18)
FNDA:0,(anonymous_19)
FNDA:0,(anonymous_20)
FNDA:0,(anonymous_21)
FNDA:0,(anonymous_22)
FNDA:0,(anonymous_23)
FNDA:0,(anonymous_24)
FNDA:0,(anonymous_25)
DA:6,0
DA:7,0
DA:9,0
DA:14,0
DA:15,0
DA:16,0
DA:17,0
DA:20,0
DA:34,0
DA:35,0
DA:39,0
DA:40,0
DA:43,0
DA:44,0
DA:48,0
DA:49,0
DA:53,0
DA:60,0
DA:66,0
DA:67,0
DA:68,0
DA:69,0
DA:70,0
DA:72,0
DA:75,0
DA:82,0
DA:86,0
DA:92,0
DA:97,0
DA:108,0
DA:109,0
DA:119,0
DA:120,0
DA:126,0
DA:127,0
DA:136,0
DA:137,0
DA:139,0
DA:149,0
DA:150,0
DA:156,0
DA:157,0
DA:158,0
DA:159,0
DA:167,0
DA:172,0
DA:178,0
DA:179,0
DA:180,0
DA:181,0
DA:189,0
DA:194,0
DA:200,0
DA:201,0
DA:202,0
DA:203,0
DA:208,0
LF:57
LH:0
BRDA:9,0,0,0
BRDA:9,0,1,0
BRDA:15,1,0,0
BRDA:15,2,0,0
BRDA:15,2,1,0
BRDA:23,3,0,0
BRDA:23,3,1,0
BRDA:34,4,0,0
BRDA:39,5,0,0
BRDA:43,6,0,0
BRDA:48,7,0,0
BRDA:67,8,0,0
BRDA:67,8,1,0
BRDA:84,9,0,0
BRDA:95,10,0,0
BRDA:126,11,0,0
BRDA:142,12,0,0
BRDA:142,12,1,0
BRDA:153,13,0,0
BRDA:153,13,1,0
BRDA:156,14,0,0
BRDA:173,15,0,0
BRDA:173,15,1,0
BRDA:175,16,0,0
BRDA:175,16,1,0
BRDA:178,17,0,0
BRDA:195,18,0,0
BRDA:195,18,1,0
BRDA:197,19,0,0
BRDA:197,19,1,0
BRDA:200,20,0,0
BRDA:203,21,0,0
BRDA:203,21,1,0
BRF:33
BRH:0
end_of_record
TN:
SF:src\services\payments\stripeService.ts
FN:20,(anonymous_0)
FN:35,(anonymous_1)
FN:57,(anonymous_2)
FN:117,(anonymous_3)
FN:137,(anonymous_4)
FN:172,(anonymous_5)
FN:192,(anonymous_6)
FN:210,(anonymous_7)
FN:232,(anonymous_8)
FN:238,(anonymous_9)
FN:266,(anonymous_10)
FN:268,(anonymous_11)
FNF:12
FNH:0
FNDA:0,(anonymous_0)
FNDA:0,(anonymous_1)
FNDA:0,(anonymous_2)
FNDA:0,(anonymous_3)
FNDA:0,(anonymous_4)
FNDA:0,(anonymous_5)
FNDA:0,(anonymous_6)
FNDA:0,(anonymous_7)
FNDA:0,(anonymous_8)
FNDA:0,(anonymous_9)
FNDA:0,(anonymous_10)
FNDA:0,(anonymous_11)
DA:1,0
DA:2,0
DA:18,0
DA:21,0
DA:22,0
DA:26,0
DA:28,0
DA:36,0
DA:37,0
DA:39,0
DA:40,0
DA:43,0
DA:50,0
DA:58,0
DA:60,0
DA:88,0
DA:89,0
DA:93,0
DA:95,0
DA:96,0
DA:97,0
DA:100,0
DA:104,0
DA:107,0
DA:118,0
DA:119,0
DA:121,0
DA:122,0
DA:125,0
DA:130,0
DA:142,0
DA:144,0
DA:147,0
DA:149,0
DA:150,0
DA:159,0
DA:162,0
DA:173,0
DA:174,0
DA:176,0
DA:177,0
DA:180,0
DA:182,0
DA:197,0
DA:198,0
DA:204,0
DA:205,0
DA:209,0
DA:210,0
DA:213,0
DA:218,0
DA:219,0
DA:228,0
DA:231,0
DA:238,0
DA:241,0
DA:248,0
DA:251,0
DA:252,0
DA:258,0
DA:260,0
DA:268,0
DA:270,0
DA:272,0
DA:277,0
LF:65
LH:0
BRDA:22,0,0,0
BRDA:39,1,0,0
BRDA:40,2,0,0
BRDA:40,2,1,0
BRDA:88,3,0,0
BRDA:95,4,0,0
BRDA:96,5,0,0
BRDA:109,6,0,0
BRDA:109,6,1,0
BRDA:121,7,0,0
BRDA:122,8,0,0
BRDA:122,8,1,0
BRDA:149,9,0,0
BRDA:152,10,0,0
BRDA:152,10,1,0
BRDA:164,11,0,0
BRDA:164,11,1,0
BRDA:176,12,0,0
BRDA:177,13,0,0
BRDA:177,13,1,0
BRDA:184,14,0,0
BRDA:184,14,1,0
BRDA:192,15,0,0
BRDA:192,16,0,0
BRDA:204,17,0,0
BRDA:205,18,0,0
BRDA:205,18,1,0
BRDA:221,19,0,0
BRDA:221,19,1,0
BRDA:248,20,0,0
BRDA:248,20,1,0
BRDA:251,21,0,0
BRDA:277,22,0,0
BRDA:277,22,1,0
BRF:34
BRH:0
end_of_record
TN:
SF:src\services\validation\schemas.ts
FN:4,(anonymous_0)
FN:13,(anonymous_1)
FN:19,(anonymous_2)
FN:36,(anonymous_3)
FNF:4
FNH:4
FNDA:2,(anonymous_0)
FNDA:6,(anonymous_1)
FNDA:1,(anonymous_2)
FNDA:4,(anonymous_3)
DA:1,1
DA:3,1
DA:4,2
DA:8,1
DA:13,6
DA:18,1
DA:19,1
DA:23,1
DA:29,1
DA:34,1
DA:36,4
LF:11
LH:11
BRF:0
BRH:0
end_of_record
TN:
SF:src\store\slices\adsSlice.ts
FN:56,(anonymous_0)
FN:73,(anonymous_1)
FN:85,(anonymous_2)
FN:97,(anonymous_3)
FN:100,(anonymous_4)
FN:104,(anonymous_5)
FN:108,(anonymous_6)
FN:125,(anonymous_7)
FN:128,(anonymous_8)
FN:132,(anonymous_9)
FN:149,(anonymous_10)
FN:171,(anonymous_11)
FN:177,(anonymous_12)
FN:181,(anonymous_13)
FN:186,(anonymous_14)
FN:197,(anonymous_15)
FN:205,(anonymous_16)
FN:208,(anonymous_17)
FN:214,(anonymous_18)
FN:220,(anonymous_19)
FN:229,(anonymous_20)
FN:233,(anonymous_21)
FN:237,(anonymous_22)
FN:245,(anonymous_23)
FN:249,(anonymous_24)
FN:253,(anonymous_25)
FN:261,(anonymous_26)
FN:264,(anonymous_27)
FN:268,(anonymous_28)
FN:274,(anonymous_29)
FN:277,(anonymous_30)
FN:281,(anonymous_31)
FN:287,(anonymous_32)
FN:291,(anonymous_33)
FN:296,(anonymous_34)
FNF:35
FNH:0
FNDA:0,(anonymous_0)
FNDA:0,(anonymous_1)
FNDA:0,(anonymous_2)
FNDA:0,(anonymous_3)
FNDA:0,(anonymous_4)
FNDA:0,(anonymous_5)
FNDA:0,(anonymous_6)
FNDA:0,(anonymous_7)
FNDA:0,(anonymous_8)
FNDA:0,(anonymous_9)
FNDA:0,(anonymous_10)
FNDA:0,(anonymous_11)
FNDA:0,(anonymous_12)
FNDA:0,(anonymous_13)
FNDA:0,(anonymous_14)
FNDA:0,(anonymous_15)
FNDA:0,(anonymous_16)
FNDA:0,(anonymous_17)
FNDA:0,(anonymous_18)
FNDA:0,(anonymous_19)
FNDA:0,(anonymous_20)
FNDA:0,(anonymous_21)
FNDA:0,(anonymous_22)
FNDA:0,(anonymous_23)
FNDA:0,(anonymous_24)
FNDA:0,(anonymous_25)
FNDA:0,(anonymous_26)
FNDA:0,(anonymous_27)
FNDA:0,(anonymous_28)
FNDA:0,(anonymous_29)
FNDA:0,(anonymous_30)
FNDA:0,(anonymous_31)
FNDA:0,(anonymous_32)
FNDA:0,(anonymous_33)
FNDA:0,(anonymous_34)
DA:1,0
DA:2,0
DA:3,0
DA:32,0
DA:54,0
DA:57,0
DA:58,0
DA:59,0
DA:61,0
DA:66,0
DA:71,0
DA:74,0
DA:75,0
DA:76,0
DA:78,0
DA:83,0
DA:86,0
DA:87,0
DA:88,0
DA:90,0
DA:95,0
DA:98,0
DA:99,0
DA:102,0
DA:106,0
DA:112,0
DA:113,0
DA:116,0
DA:118,0
DA:123,0
DA:126,0
DA:127,0
DA:130,0
DA:136,0
DA:137,0
DA:140,0
DA:142,0
DA:147,0
DA:150,0
DA:151,0
DA:153,0
DA:154,0
DA:157,0
DA:162,0
DA:167,0
DA:172,0
DA:173,0
DA:174,0
DA:178,0
DA:182,0
DA:183,0
DA:187,0
DA:189,0
DA:190,0
DA:191,0
DA:193,0
DA:198,0
DA:199,0
DA:200,0
DA:201,0
DA:207,0
DA:209,0
DA:210,0
DA:211,0
DA:212,0
DA:215,0
DA:216,0
DA:217,0
DA:218,0
DA:221,0
DA:222,0
DA:223,0
DA:224,0
DA:228,0
DA:230,0
DA:231,0
DA:234,0
DA:235,0
DA:238,0
DA:239,0
DA:240,0
DA:244,0
DA:246,0
DA:247,0
DA:250,0
DA:251,0
DA:254,0
DA:255,0
DA:256,0
DA:260,0
DA:262,0
DA:265,0
DA:266,0
DA:269,0
DA:273,0
DA:275,0
DA:278,0
DA:279,0
DA:282,0
DA:286,0
DA:288,0
DA:289,0
DA:292,0
DA:293,0
DA:294,0
DA:297,0
DA:298,0
DA:303,0
DA:311,0
LF:109
LH:0
BRDA:112,0,0,0
BRDA:136,1,0,0
BRDA:153,2,0,0
BRDA:189,3,0,0
BRDA:189,3,1,0
BRDA:199,4,0,0
BRF:6
BRH:0
end_of_record
TN:
SF:src\store\slices\authSlice.ts
FN:32,(anonymous_1)
FN:47,(anonymous_2)
FN:62,(anonymous_3)
FN:77,(anonymous_4)
FN:102,(anonymous_5)
FN:123,(anonymous_6)
FN:155,(anonymous_7)
FN:158,(anonymous_8)
FN:161,(anonymous_9)
FN:167,(anonymous_10)
FN:170,(anonymous_11)
FN:173,(anonymous_12)
FN:179,(anonymous_13)
FN:186,(anonymous_14)
FN:190,(anonymous_15)
FN:201,(anonymous_16)
FN:208,(anonymous_17)
FN:212,(anonymous_18)
FN:223,(anonymous_19)
FN:230,(anonymous_20)
FN:234,(anonymous_21)
FN:246,(anonymous_22)
FN:253,(anonymous_23)
FN:256,(anonymous_24)
FN:262,(anonymous_25)
FN:271,(anonymous_26)
FNF:26
FNH:0
FNDA:0,(anonymous_1)
FNDA:0,(anonymous_2)
FNDA:0,(anonymous_3)
FNDA:0,(anonymous_4)
FNDA:0,(anonymous_5)
FNDA:0,(anonymous_6)
FNDA:0,(anonymous_7)
FNDA:0,(anonymous_8)
FNDA:0,(anonymous_9)
FNDA:0,(anonymous_10)
FNDA:0,(anonymous_11)
FNDA:0,(anonymous_12)
FNDA:0,(anonymous_13)
FNDA:0,(anonymous_14)
FNDA:0,(anonymous_15)
FNDA:0,(anonymous_16)
FNDA:0,(anonymous_17)
FNDA:0,(anonymous_18)
FNDA:0,(anonymous_19)
FNDA:0,(anonymous_20)
FNDA:0,(anonymous_21)
FNDA:0,(anonymous_22)
FNDA:0,(anonymous_23)
FNDA:0,(anonymous_24)
FNDA:0,(anonymous_25)
FNDA:0,(anonymous_26)
DA:1,0
DA:2,0
DA:3,0
DA:4,0
DA:6,0
DA:20,0
DA:30,0
DA:33,0
DA:34,0
DA:35,0
DA:36,0
DA:38,0
DA:40,0
DA:45,0
DA:48,0
DA:49,0
DA:50,0
DA:51,0
DA:53,0
DA:55,0
DA:60,0
DA:63,0
DA:64,0
DA:65,0
DA:66,0
DA:68,0
DA:70,0
DA:75,0
DA:78,0
DA:80,0
DA:81,0
DA:82,0
DA:85,0
DA:86,0
DA:89,0
DA:90,0
DA:91,0
DA:93,0
DA:95,0
DA:100,0
DA:103,0
DA:104,0
DA:106,0
DA:107,0
DA:108,0
DA:109,0
DA:112,0
DA:113,0
DA:114,0
DA:115,0
DA:121,0
DA:124,0
DA:125,0
DA:126,0
DA:128,0
DA:129,0
DA:133,0
DA:136,0
DA:137,0
DA:138,0
DA:141,0
DA:146,0
DA:151,0
DA:156,0
DA:159,0
DA:162,0
DA:163,0
DA:169,0
DA:171,0
DA:174,0
DA:175,0
DA:176,0
DA:177,0
DA:180,0
DA:181,0
DA:185,0
DA:187,0
DA:188,0
DA:191,0
DA:192,0
DA:193,0
DA:194,0
DA:195,0
DA:197,0
DA:198,0
DA:199,0
DA:202,0
DA:203,0
DA:207,0
DA:209,0
DA:210,0
DA:213,0
DA:214,0
DA:215,0
DA:216,0
DA:217,0
DA:219,0
DA:220,0
DA:221,0
DA:224,0
DA:225,0
DA:229,0
DA:231,0
DA:232,0
DA:235,0
DA:236,0
DA:237,0
DA:238,0
DA:239,0
DA:240,0
DA:242,0
DA:243,0
DA:244,0
DA:247,0
DA:248,0
DA:252,0
DA:254,0
DA:257,0
DA:258,0
DA:259,0
DA:260,0
DA:263,0
DA:264,0
DA:265,0
DA:266,0
DA:270,0
DA:272,0
DA:273,0
DA:274,0
DA:275,0
DA:276,0
DA:281,0
DA:282,0
LF:133
LH:0
BRDA:35,0,0,0
BRDA:36,1,0,0
BRDA:36,1,1,0
BRDA:50,2,0,0
BRDA:51,3,0,0
BRDA:51,3,1,0
BRDA:65,4,0,0
BRDA:66,5,0,0
BRDA:66,5,1,0
BRDA:81,6,0,0
BRDA:85,7,0,0
BRDA:90,8,0,0
BRDA:91,9,0,0
BRDA:91,9,1,0
BRDA:128,10,0,0
BRDA:128,11,0,0
BRDA:128,11,1,0
BRDA:137,12,0,0
BRDA:162,13,0,0
BRF:19
BRH:0
end_of_record
TN:
SF:src\store\slices\configSlice.ts
FN:58,(anonymous_0)
FN:73,(anonymous_1)
FN:88,(anonymous_2)
FN:103,(anonymous_3)
FN:119,(anonymous_4)
FN:145,(anonymous_5)
FN:149,(anonymous_6)
FN:156,(anonymous_7)
FN:160,(anonymous_8)
FN:164,(anonymous_9)
FN:168,(anonymous_10)
FN:172,(anonymous_11)
FN:175,(anonymous_12)
FN:179,(anonymous_13)
FN:184,(anonymous_14)
FN:191,(anonymous_15)
FN:195,(anonymous_16)
FN:199,(anonymous_17)
FN:206,(anonymous_18)
FN:210,(anonymous_19)
FN:214,(anonymous_20)
FN:221,(anonymous_21)
FN:225,(anonymous_22)
FN:229,(anonymous_23)
FN:236,(anonymous_24)
FN:240,(anonymous_25)
FN:248,(anonymous_26)
FNF:27
FNH:0
FNDA:0,(anonymous_0)
FNDA:0,(anonymous_1)
FNDA:0,(anonymous_2)
FNDA:0,(anonymous_3)
FNDA:0,(anonymous_4)
FNDA:0,(anonymous_5)
FNDA:0,(anonymous_6)
FNDA:0,(anonymous_7)
FNDA:0,(anonymous_8)
FNDA:0,(anonymous_9)
FNDA:0,(anonymous_10)
FNDA:0,(anonymous_11)
FNDA:0,(anonymous_12)
FNDA:0,(anonymous_13)
FNDA:0,(anonymous_14)
FNDA:0,(anonymous_15)
FNDA:0,(anonymous_16)
FNDA:0,(anonymous_17)
FNDA:0,(anonymous_18)
FNDA:0,(anonymous_19)
FNDA:0,(anonymous_20)
FNDA:0,(anonymous_21)
FNDA:0,(anonymous_22)
FNDA:0,(anonymous_23)
FNDA:0,(anonymous_24)
FNDA:0,(anonymous_25)
FNDA:0,(anonymous_26)
DA:1,0
DA:2,0
DA:39,0
DA:56,0
DA:59,0
DA:60,0
DA:61,0
DA:62,0
DA:64,0
DA:66,0
DA:71,0
DA:74,0
DA:75,0
DA:76,0
DA:77,0
DA:79,0
DA:81,0
DA:86,0
DA:89,0
DA:90,0
DA:91,0
DA:92,0
DA:94,0
DA:96,0
DA:101,0
DA:104,0
DA:105,0
DA:106,0
DA:107,0
DA:109,0
DA:111,0
DA:117,0
DA:120,0
DA:122,0
DA:129,0
DA:136,0
DA:141,0
DA:146,0
DA:150,0
DA:157,0
DA:161,0
DA:165,0
DA:169,0
DA:174,0
DA:176,0
DA:177,0
DA:180,0
DA:181,0
DA:182,0
DA:185,0
DA:186,0
DA:190,0
DA:192,0
DA:193,0
DA:196,0
DA:197,0
DA:200,0
DA:201,0
DA:205,0
DA:207,0
DA:208,0
DA:211,0
DA:212,0
DA:215,0
DA:216,0
DA:220,0
DA:222,0
DA:223,0
DA:226,0
DA:227,0
DA:230,0
DA:231,0
DA:235,0
DA:237,0
DA:238,0
DA:241,0
DA:242,0
DA:243,0
DA:244,0
DA:245,0
DA:246,0
DA:249,0
DA:250,0
DA:255,0
DA:264,0
LF:85
LH:0
BRDA:61,0,0,0
BRDA:62,1,0,0
BRDA:62,1,1,0
BRDA:66,2,0,0
BRDA:66,2,1,0
BRDA:76,3,0,0
BRDA:77,4,0,0
BRDA:77,4,1,0
BRDA:81,5,0,0
BRDA:81,5,1,0
BRDA:91,6,0,0
BRDA:92,7,0,0
BRDA:92,7,1,0
BRDA:96,8,0,0
BRDA:96,8,1,0
BRDA:106,9,0,0
BRDA:107,10,0,0
BRDA:107,10,1,0
BRDA:111,11,0,0
BRDA:111,11,1,0
BRDA:136,12,0,0
BRDA:136,12,1,0
BRF:22
BRH:0
end_of_record
TN:
SF:src\store\slices\gameSlice.ts
FN:54,(anonymous_0)
FN:69,(anonymous_1)
FN:84,(anonymous_2)
FN:99,(anonymous_3)
FN:114,(anonymous_4)
FN:134,(anonymous_5)
FN:149,(anonymous_6)
FN:164,(anonymous_7)
FN:181,(anonymous_8)
FN:185,(anonymous_9)
FN:189,(anonymous_10)
FN:193,(anonymous_11)
FN:198,(anonymous_12)
FN:202,(anonymous_13)
FN:206,(anonymous_14)
FN:222,(anonymous_15)
FN:225,(anonymous_16)
FN:229,(anonymous_17)
FN:233,(anonymous_18)
FN:240,(anonymous_19)
FN:244,(anonymous_20)
FN:248,(anonymous_21)
FN:255,(anonymous_22)
FN:259,(anonymous_23)
FN:264,(anonymous_24)
FN:271,(anonymous_25)
FN:275,(anonymous_26)
FN:280,(anonymous_27)
FN:287,(anonymous_28)
FN:291,(anonymous_29)
FN:310,(anonymous_30)
FN:317,(anonymous_31)
FN:325,(anonymous_32)
FN:333,(anonymous_33)
FNF:34
FNH:0
FNDA:0,(anonymous_0)
FNDA:0,(anonymous_1)
FNDA:0,(anonymous_2)
FNDA:0,(anonymous_3)
FNDA:0,(anonymous_4)
FNDA:0,(anonymous_5)
FNDA:0,(anonymous_6)
FNDA:0,(anonymous_7)
FNDA:0,(anonymous_8)
FNDA:0,(anonymous_9)
FNDA:0,(anonymous_10)
FNDA:0,(anonymous_11)
FNDA:0,(anonymous_12)
FNDA:0,(anonymous_13)
FNDA:0,(anonymous_14)
FNDA:0,(anonymous_15)
FNDA:0,(anonymous_16)
FNDA:0,(anonymous_17)
FNDA:0,(anonymous_18)
FNDA:0,(anonymous_19)
FNDA:0,(anonymous_20)
FNDA:0,(anonymous_21)
FNDA:0,(anonymous_22)
FNDA:0,(anonymous_23)
FNDA:0,(anonymous_24)
FNDA:0,(anonymous_25)
FNDA:0,(anonymous_26)
FNDA:0,(anonymous_27)
FNDA:0,(anonymous_28)
FNDA:0,(anonymous_29)
FNDA:0,(anonymous_30)
FNDA:0,(anonymous_31)
FNDA:0,(anonymous_32)
FNDA:0,(anonymous_33)
DA:1,0
DA:2,0
DA:3,0
DA:32,0
DA:52,0
DA:55,0
DA:56,0
DA:57,0
DA:58,0
DA:60,0
DA:62,0
DA:67,0
DA:70,0
DA:71,0
DA:72,0
DA:73,0
DA:75,0
DA:77,0
DA:82,0
DA:85,0
DA:86,0
DA:87,0
DA:88,0
DA:90,0
DA:92,0
DA:97,0
DA:100,0
DA:101,0
DA:102,0
DA:103,0
DA:105,0
DA:107,0
DA:112,0
DA:120,0
DA:121,0
DA:122,0
DA:123,0
DA:125,0
DA:127,0
DA:132,0
DA:135,0
DA:136,0
DA:137,0
DA:138,0
DA:140,0
DA:142,0
DA:147,0
DA:150,0
DA:151,0
DA:152,0
DA:153,0
DA:155,0
DA:157,0
DA:162,0
DA:165,0
DA:166,0
DA:167,0
DA:168,0
DA:170,0
DA:172,0
DA:177,0
DA:182,0
DA:186,0
DA:190,0
DA:194,0
DA:195,0
DA:199,0
DA:203,0
DA:207,0
DA:208,0
DA:209,0
DA:210,0
DA:211,0
DA:212,0
DA:218,0
DA:219,0
DA:224,0
DA:226,0
DA:227,0
DA:230,0
DA:231,0
DA:234,0
DA:235,0
DA:239,0
DA:241,0
DA:242,0
DA:245,0
DA:246,0
DA:249,0
DA:250,0
DA:254,0
DA:256,0
DA:257,0
DA:260,0
DA:261,0
DA:262,0
DA:265,0
DA:266,0
DA:270,0
DA:272,0
DA:273,0
DA:276,0
DA:277,0
DA:278,0
DA:281,0
DA:282,0
DA:286,0
DA:288,0
DA:289,0
DA:292,0
DA:295,0
DA:296,0
DA:297,0
DA:299,0
DA:302,0
DA:303,0
DA:304,0
DA:305,0
DA:307,0
DA:311,0
DA:312,0
DA:316,0
DA:318,0
DA:319,0
DA:324,0
DA:326,0
DA:327,0
DA:332,0
DA:334,0
DA:335,0
DA:336,0
DA:338,0
DA:343,0
DA:353,0
LF:134
LH:0
BRDA:57,0,0,0
BRDA:58,1,0,0
BRDA:58,1,1,0
BRDA:72,2,0,0
BRDA:73,3,0,0
BRDA:73,3,1,0
BRDA:87,4,0,0
BRDA:88,5,0,0
BRDA:88,5,1,0
BRDA:102,6,0,0
BRDA:103,7,0,0
BRDA:103,7,1,0
BRDA:122,8,0,0
BRDA:123,9,0,0
BRDA:123,9,1,0
BRDA:137,10,0,0
BRDA:138,11,0,0
BRDA:138,11,1,0
BRDA:152,12,0,0
BRDA:153,13,0,0
BRDA:153,13,1,0
BRDA:167,14,0,0
BRDA:168,15,0,0
BRDA:168,15,1,0
BRDA:278,16,0,0
BRDA:278,16,1,0
BRDA:296,17,0,0
BRDA:302,18,0,0
BRDA:303,19,0,0
BRDA:318,20,0,0
BRDA:326,21,0,0
BRDA:334,22,0,0
BRF:32
BRH:0
end_of_record
TN:
SF:src\store\slices\leaderboardSlice.ts
FN:53,(anonymous_0)
FN:68,(anonymous_1)
FN:83,(anonymous_2)
FN:98,(anonymous_3)
FN:113,(anonymous_4)
FN:128,(anonymous_5)
FN:143,(anonymous_6)
FN:160,(anonymous_7)
FN:164,(anonymous_8)
FN:168,(anonymous_9)
FN:173,(anonymous_10)
FN:177,(anonymous_11)
FN:180,(anonymous_12)
FN:184,(anonymous_13)
FN:191,(anonymous_14)
FN:198,(anonymous_15)
FN:202,(anonymous_16)
FN:206,(anonymous_17)
FN:213,(anonymous_18)
FN:217,(anonymous_19)
FN:228,(anonymous_20)
FN:235,(anonymous_21)
FN:239,(anonymous_22)
FN:243,(anonymous_23)
FN:250,(anonymous_24)
FN:254,(anonymous_25)
FN:258,(anonymous_26)
FN:265,(anonymous_27)
FN:269,(anonymous_28)
FN:273,(anonymous_29)
FN:280,(anonymous_30)
FN:284,(anonymous_31)
FN:288,(anonymous_32)
FNF:33
FNH:0
FNDA:0,(anonymous_0)
FNDA:0,(anonymous_1)
FNDA:0,(anonymous_2)
FNDA:0,(anonymous_3)
FNDA:0,(anonymous_4)
FNDA:0,(anonymous_5)
FNDA:0,(anonymous_6)
FNDA:0,(anonymous_7)
FNDA:0,(anonymous_8)
FNDA:0,(anonymous_9)
FNDA:0,(anonymous_10)
FNDA:0,(anonymous_11)
FNDA:0,(anonymous_12)
FNDA:0,(anonymous_13)
FNDA:0,(anonymous_14)
FNDA:0,(anonymous_15)
FNDA:0,(anonymous_16)
FNDA:0,(anonymous_17)
FNDA:0,(anonymous_18)
FNDA:0,(anonymous_19)
FNDA:0,(anonymous_20)
FNDA:0,(anonymous_21)
FNDA:0,(anonymous_22)
FNDA:0,(anonymous_23)
FNDA:0,(anonymous_24)
FNDA:0,(anonymous_25)
FNDA:0,(anonymous_26)
FNDA:0,(anonymous_27)
FNDA:0,(anonymous_28)
FNDA:0,(anonymous_29)
FNDA:0,(anonymous_30)
FNDA:0,(anonymous_31)
FNDA:0,(anonymous_32)
DA:1,0
DA:2,0
DA:3,0
DA:37,0
DA:51,0
DA:54,0
DA:55,0
DA:56,0
DA:57,0
DA:59,0
DA:61,0
DA:66,0
DA:69,0
DA:70,0
DA:71,0
DA:72,0
DA:74,0
DA:76,0
DA:81,0
DA:84,0
DA:85,0
DA:86,0
DA:87,0
DA:89,0
DA:91,0
DA:96,0
DA:99,0
DA:100,0
DA:101,0
DA:102,0
DA:104,0
DA:106,0
DA:111,0
DA:114,0
DA:115,0
DA:116,0
DA:117,0
DA:119,0
DA:121,0
DA:126,0
DA:129,0
DA:130,0
DA:131,0
DA:132,0
DA:134,0
DA:136,0
DA:141,0
DA:144,0
DA:145,0
DA:146,0
DA:147,0
DA:149,0
DA:151,0
DA:156,0
DA:161,0
DA:165,0
DA:169,0
DA:170,0
DA:174,0
DA:179,0
DA:181,0
DA:182,0
DA:185,0
DA:186,0
DA:187,0
DA:188,0
DA:192,0
DA:193,0
DA:197,0
DA:199,0
DA:200,0
DA:203,0
DA:204,0
DA:207,0
DA:208,0
DA:212,0
DA:214,0
DA:215,0
DA:218,0
DA:220,0
DA:222,0
DA:225,0
DA:229,0
DA:230,0
DA:234,0
DA:236,0
DA:237,0
DA:240,0
DA:241,0
DA:244,0
DA:245,0
DA:249,0
DA:251,0
DA:252,0
DA:255,0
DA:256,0
DA:259,0
DA:260,0
DA:264,0
DA:266,0
DA:267,0
DA:270,0
DA:271,0
DA:274,0
DA:275,0
DA:279,0
DA:281,0
DA:282,0
DA:285,0
DA:289,0
DA:290,0
DA:295,0
DA:302,0
LF:113
LH:0
BRDA:56,0,0,0
BRDA:57,1,0,0
BRDA:57,1,1,0
BRDA:71,2,0,0
BRDA:72,3,0,0
BRDA:72,3,1,0
BRDA:83,4,0,0
BRDA:83,5,0,0
BRDA:83,6,0,0
BRDA:86,7,0,0
BRDA:87,8,0,0
BRDA:87,8,1,0
BRDA:101,9,0,0
BRDA:102,10,0,0
BRDA:102,10,1,0
BRDA:113,11,0,0
BRDA:113,12,0,0
BRDA:113,13,0,0
BRDA:116,14,0,0
BRDA:117,15,0,0
BRDA:117,15,1,0
BRDA:131,16,0,0
BRDA:132,17,0,0
BRDA:132,17,1,0
BRDA:146,18,0,0
BRDA:147,19,0,0
BRDA:147,19,1,0
BRDA:187,20,0,0
BRDA:220,21,0,0
BRDA:220,21,1,0
BRF:30
BRH:0
end_of_record
TN:
SF:src\store\slices\userSlice.ts
FN:31,(anonymous_0)
FN:43,(anonymous_1)
FN:55,(anonymous_2)
FN:67,(anonymous_3)
FN:83,(anonymous_4)
FN:91,(anonymous_5)
FN:94,(anonymous_6)
FN:98,(anonymous_7)
FN:103,(anonymous_8)
FN:110,(anonymous_9)
FN:114,(anonymous_10)
FN:119,(anonymous_11)
FN:126,(anonymous_12)
FN:130,(anonymous_13)
FN:136,(anonymous_14)
FN:143,(anonymous_15)
FN:147,(anonymous_16)
FN:153,(anonymous_17)
FNF:18
FNH:0
FNDA:0,(anonymous_0)
FNDA:0,(anonymous_1)
FNDA:0,(anonymous_2)
FNDA:0,(anonymous_3)
FNDA:0,(anonymous_4)
FNDA:0,(anonymous_5)
FNDA:0,(anonymous_6)
FNDA:0,(anonymous_7)
FNDA:0,(anonymous_8)
FNDA:0,(anonymous_9)
FNDA:0,(anonymous_10)
FNDA:0,(anonymous_11)
FNDA:0,(anonymous_12)
FNDA:0,(anonymous_13)
FNDA:0,(anonymous_14)
FNDA:0,(anonymous_15)
FNDA:0,(anonymous_16)
FNDA:0,(anonymous_17)
DA:6,0
DA:7,0
DA:8,0
DA:19,0
DA:29,0
DA:32,0
DA:33,0
DA:34,0
DA:36,0
DA:41,0
DA:44,0
DA:45,0
DA:46,0
DA:48,0
DA:53,0
DA:56,0
DA:57,0
DA:58,0
DA:60,0
DA:65,0
DA:68,0
DA:69,0
DA:71,0
DA:72,0
DA:74,0
DA:79,0
DA:84,0
DA:85,0
DA:86,0
DA:87,0
DA:88,0
DA:93,0
DA:95,0
DA:96,0
DA:99,0
DA:100,0
DA:101,0
DA:104,0
DA:105,0
DA:109,0
DA:111,0
DA:112,0
DA:115,0
DA:116,0
DA:117,0
DA:120,0
DA:121,0
DA:125,0
DA:127,0
DA:128,0
DA:131,0
DA:132,0
DA:133,0
DA:134,0
DA:137,0
DA:138,0
DA:142,0
DA:144,0
DA:145,0
DA:148,0
DA:149,0
DA:150,0
DA:151,0
DA:154,0
DA:155,0
DA:160,0
DA:161,0
LF:67
LH:0
BRF:0
BRH:0
end_of_record
TN:
SF:src\store\slices\walletSlice.ts
FN:48,(anonymous_0)
FN:63,(anonymous_1)
FN:78,(anonymous_2)
FN:93,(anonymous_3)
FN:108,(anonymous_4)
FN:123,(anonymous_5)
FN:140,(anonymous_6)
FN:144,(anonymous_7)
FN:148,(anonymous_8)
FN:152,(anonymous_9)
FN:156,(anonymous_10)
FN:159,(anonymous_11)
FN:163,(anonymous_12)
FN:169,(anonymous_13)
FN:176,(anonymous_14)
FN:180,(anonymous_15)
FN:201,(anonymous_16)
FN:208,(anonymous_17)
FN:212,(anonymous_18)
FN:227,(anonymous_19)
FN:234,(anonymous_20)
FN:238,(anonymous_21)
FN:249,(anonymous_22)
FN:256,(anonymous_23)
FN:260,(anonymous_24)
FN:264,(anonymous_25)
FN:271,(anonymous_26)
FN:275,(anonymous_27)
FN:279,(anonymous_28)
FN:284,(anonymous_29)
FNF:30
FNH:0
FNDA:0,(anonymous_0)
FNDA:0,(anonymous_1)
FNDA:0,(anonymous_2)
FNDA:0,(anonymous_3)
FNDA:0,(anonymous_4)
FNDA:0,(anonymous_5)
FNDA:0,(anonymous_6)
FNDA:0,(anonymous_7)
FNDA:0,(anonymous_8)
FNDA:0,(anonymous_9)
FNDA:0,(anonymous_10)
FNDA:0,(anonymous_11)
FNDA:0,(anonymous_12)
FNDA:0,(anonymous_13)
FNDA:0,(anonymous_14)
FNDA:0,(anonymous_15)
FNDA:0,(anonymous_16)
FNDA:0,(anonymous_17)
FNDA:0,(anonymous_18)
FNDA:0,(anonymous_19)
FNDA:0,(anonymous_20)
FNDA:0,(anonymous_21)
FNDA:0,(anonymous_22)
FNDA:0,(anonymous_23)
FNDA:0,(anonymous_24)
FNDA:0,(anonymous_25)
FNDA:0,(anonymous_26)
FNDA:0,(anonymous_27)
FNDA:0,(anonymous_28)
FNDA:0,(anonymous_29)
DA:1,0
DA:2,0
DA:3,0
DA:31,0
DA:46,0
DA:49,0
DA:50,0
DA:51,0
DA:52,0
DA:54,0
DA:56,0
DA:61,0
DA:64,0
DA:65,0
DA:66,0
DA:67,0
DA:69,0
DA:71,0
DA:76,0
DA:79,0
DA:80,0
DA:81,0
DA:82,0
DA:84,0
DA:86,0
DA:91,0
DA:94,0
DA:95,0
DA:96,0
DA:97,0
DA:99,0
DA:101,0
DA:106,0
DA:109,0
DA:110,0
DA:111,0
DA:112,0
DA:114,0
DA:116,0
DA:121,0
DA:124,0
DA:125,0
DA:126,0
DA:127,0
DA:129,0
DA:131,0
DA:136,0
DA:141,0
DA:145,0
DA:149,0
DA:153,0
DA:158,0
DA:160,0
DA:161,0
DA:164,0
DA:165,0
DA:166,0
DA:167,0
DA:170,0
DA:171,0
DA:175,0
DA:177,0
DA:178,0
DA:181,0
DA:182,0
DA:183,0
DA:191,0
DA:199,0
DA:202,0
DA:203,0
DA:207,0
DA:209,0
DA:210,0
DA:213,0
DA:214,0
DA:217,0
DA:225,0
DA:228,0
DA:229,0
DA:233,0
DA:235,0
DA:236,0
DA:239,0
DA:241,0
DA:243,0
DA:246,0
DA:250,0
DA:251,0
DA:255,0
DA:257,0
DA:258,0
DA:261,0
DA:262,0
DA:265,0
DA:266,0
DA:270,0
DA:272,0
DA:273,0
DA:276,0
DA:279,0
DA:280,0
DA:281,0
DA:285,0
DA:286,0
DA:291,0
DA:298,0
LF:106
LH:0
BRDA:51,0,0,0
BRDA:52,1,0,0
BRDA:52,1,1,0
BRDA:66,2,0,0
BRDA:67,3,0,0
BRDA:67,3,1,0
BRDA:81,4,0,0
BRDA:82,5,0,0
BRDA:82,5,1,0
BRDA:93,6,0,0
BRDA:93,7,0,0
BRDA:93,8,0,0
BRDA:96,9,0,0
BRDA:97,10,0,0
BRDA:97,10,1,0
BRDA:111,11,0,0
BRDA:112,12,0,0
BRDA:112,12,1,0
BRDA:126,13,0,0
BRDA:127,14,0,0
BRDA:127,14,1,0
BRDA:241,15,0,0
BRDA:241,15,1,0
BRDA:280,16,0,0
BRF:24
BRH:0
end_of_record
TN:
SF:src\stores\achievementsStore.ts
FN:73,(anonymous_1)
FN:76,(anonymous_2)
FN:84,(anonymous_3)
FN:97,(anonymous_4)
FN:110,(anonymous_5)
FN:111,(anonymous_6)
FN:116,(anonymous_7)
FN:133,(anonymous_8)
FN:139,(anonymous_9)
FN:140,(anonymous_10)
FN:143,(anonymous_11)
FN:147,(anonymous_12)
FN:152,(anonymous_13)
FN:156,(anonymous_14)
FN:158,(anonymous_15)
FN:165,(anonymous_16)
FN:171,(anonymous_17)
FN:178,(anonymous_18)
FN:179,(anonymous_19)
FN:180,(anonymous_20)
FN:181,(anonymous_21)
FNF:21
FNH:0
FNDA:0,(anonymous_1)
FNDA:0,(anonymous_2)
FNDA:0,(anonymous_3)
FNDA:0,(anonymous_4)
FNDA:0,(anonymous_5)
FNDA:0,(anonymous_6)
FNDA:0,(anonymous_7)
FNDA:0,(anonymous_8)
FNDA:0,(anonymous_9)
FNDA:0,(anonymous_10)
FNDA:0,(anonymous_11)
FNDA:0,(anonymous_12)
FNDA:0,(anonymous_13)
FNDA:0,(anonymous_14)
FNDA:0,(anonymous_15)
FNDA:0,(anonymous_16)
FNDA:0,(anonymous_17)
FNDA:0,(anonymous_18)
FNDA:0,(anonymous_19)
FNDA:0,(anonymous_20)
FNDA:0,(anonymous_21)
DA:6,0
DA:7,0
DA:8,0
DA:9,0
DA:60,0
DA:71,0
DA:73,0
DA:77,0
DA:80,0
DA:81,0
DA:84,0
DA:85,0
DA:86,0
DA:87,0
DA:91,0
DA:92,0
DA:93,0
DA:97,0
DA:107,0
DA:111,0
DA:112,0
DA:114,0
DA:116,0
DA:128,0
DA:129,0
DA:134,0
DA:135,0
DA:136,0
DA:140,0
DA:144,0
DA:148,0
DA:149,0
DA:153,0
DA:157,0
DA:158,0
DA:166,0
DA:171,0
DA:177,0
DA:178,0
DA:179,0
DA:180,0
DA:181,0
LF:42
LH:0
BRDA:80,0,0,0
BRDA:85,1,0,0
BRDA:91,2,0,0
BRDA:91,2,1,0
BRDA:92,3,0,0
BRDA:112,4,0,0
BRDA:128,5,0,0
BRDA:133,6,0,0
BRDA:135,7,0,0
BRDA:135,7,1,0
BRDA:149,8,0,0
BRDA:149,8,1,0
BRDA:161,9,0,0
BRDA:161,9,1,0
BRF:14
BRH:0
end_of_record
TN:
SF:src\stores\challengesStore.ts
FN:95,(anonymous_1)
FN:98,(anonymous_2)
FN:104,(anonymous_3)
FN:108,(anonymous_4)
FN:119,(anonymous_5)
FN:121,(anonymous_6)
FN:133,(anonymous_7)
FN:135,(anonymous_8)
FN:147,(anonymous_9)
FN:150,(anonymous_10)
FN:160,(anonymous_11)
FN:177,(anonymous_12)
FN:183,(anonymous_13)
FN:192,(anonymous_14)
FN:222,(anonymous_15)
FN:235,(anonymous_16)
FN:239,(anonymous_17)
FN:243,(anonymous_18)
FN:248,(anonymous_19)
FN:262,(anonymous_20)
FN:270,(anonymous_21)
FN:275,(anonymous_22)
FN:281,(anonymous_23)
FN:288,(anonymous_24)
FN:289,(anonymous_25)
FN:291,(anonymous_26)
FN:292,(anonymous_27)
FN:294,(anonymous_28)
FN:296,(anonymous_29)
FN:298,(anonymous_30)
FNF:30
FNH:0
FNDA:0,(anonymous_1)
FNDA:0,(anonymous_2)
FNDA:0,(anonymous_3)
FNDA:0,(anonymous_4)
FNDA:0,(anonymous_5)
FNDA:0,(anonymous_6)
FNDA:0,(anonymous_7)
FNDA:0,(anonymous_8)
FNDA:0,(anonymous_9)
FNDA:0,(anonymous_10)
FNDA:0,(anonymous_11)
FNDA:0,(anonymous_12)
FNDA:0,(anonymous_13)
FNDA:0,(anonymous_14)
FNDA:0,(anonymous_15)
FNDA:0,(anonymous_16)
FNDA:0,(anonymous_17)
FNDA:0,(anonymous_18)
FNDA:0,(anonymous_19)
FNDA:0,(anonymous_20)
FNDA:0,(anonymous_21)
FNDA:0,(anonymous_22)
FNDA:0,(anonymous_23)
FNDA:0,(anonymous_24)
FNDA:0,(anonymous_25)
FNDA:0,(anonymous_26)
FNDA:0,(anonymous_27)
FNDA:0,(anonymous_28)
FNDA:0,(anonymous_29)
FNDA:0,(anonymous_30)
DA:6,0
DA:7,0
DA:8,0
DA:9,0
DA:78,0
DA:93,0
DA:95,0
DA:99,0
DA:100,0
DA:103,0
DA:104,0
DA:107,0
DA:108,0
DA:110,0
DA:111,0
DA:114,0
DA:115,0
DA:120,0
DA:121,0
DA:127,0
DA:134,0
DA:135,0
DA:141,0
DA:148,0
DA:149,0
DA:150,0
DA:152,0
DA:153,0
DA:154,0
DA:157,0
DA:158,0
DA:160,0
DA:172,0
DA:173,0
DA:178,0
DA:179,0
DA:180,0
DA:184,0
DA:187,0
DA:188,0
DA:191,0
DA:192,0
DA:194,0
DA:195,0
DA:199,0
DA:200,0
DA:204,0
DA:205,0
DA:206,0
DA:210,0
DA:211,0
DA:212,0
DA:213,0
DA:215,0
DA:216,0
DA:218,0
DA:222,0
DA:232,0
DA:236,0
DA:240,0
DA:244,0
DA:245,0
DA:246,0
DA:248,0
DA:249,0
DA:250,0
DA:251,0
DA:253,0
DA:263,0
DA:265,0
DA:266,0
DA:269,0
DA:270,0
DA:272,0
DA:276,0
DA:281,0
DA:287,0
DA:289,0
DA:292,0
DA:294,0
DA:296,0
DA:298,0
LF:82
LH:0
BRDA:103,0,0,0
BRDA:103,0,1,0
BRDA:107,1,0,0
BRDA:107,1,1,0
BRDA:110,2,0,0
BRDA:114,3,0,0
BRDA:152,4,0,0
BRDA:172,5,0,0
BRDA:177,6,0,0
BRDA:179,7,0,0
BRDA:179,7,1,0
BRDA:187,8,0,0
BRDA:194,9,0,0
BRDA:199,10,0,0
BRDA:205,11,0,0
BRDA:205,12,0,0
BRDA:205,12,1,0
BRDA:211,13,0,0
BRDA:215,14,0,0
BRDA:215,14,1,0
BRDA:215,15,0,0
BRDA:215,15,1,0
BRDA:240,16,0,0
BRDA:240,16,1,0
BRDA:249,17,0,0
BRDA:249,17,1,0
BRDA:265,18,0,0
BRDA:272,19,0,0
BRDA:272,19,1,0
BRF:29
BRH:0
end_of_record
TN:
SF:src\stores\notificationsStore.ts
FN:89,(anonymous_1)
FN:92,(anonymous_2)
FN:96,(anonymous_3)
FN:100,(anonymous_4)
FN:104,(anonymous_5)
FN:112,(anonymous_6)
FN:122,(anonymous_7)
FN:123,(anonymous_8)
FN:124,(anonymous_9)
FN:130,(anonymous_10)
FN:131,(anonymous_11)
FN:132,(anonymous_12)
FN:144,(anonymous_13)
FN:145,(anonymous_14)
FN:146,(anonymous_15)
FN:150,(anonymous_16)
FN:151,(anonymous_17)
FN:154,(anonymous_18)
FN:155,(anonymous_19)
FN:158,(anonymous_20)
FN:162,(anonymous_21)
FN:164,(anonymous_22)
FN:165,(anonymous_23)
FN:169,(anonymous_24)
FN:170,(anonymous_25)
FN:175,(anonymous_26)
FN:176,(anonymous_27)
FN:177,(anonymous_28)
FN:181,(anonymous_29)
FN:185,(anonymous_30)
FN:191,(anonymous_31)
FN:193,(anonymous_32)
FN:204,(anonymous_33)
FN:205,(anonymous_34)
FN:207,(anonymous_35)
FN:208,(anonymous_36)
FN:210,(anonymous_37)
FN:213,(anonymous_38)
FN:216,(anonymous_39)
FNF:39
FNH:0
FNDA:0,(anonymous_1)
FNDA:0,(anonymous_2)
FNDA:0,(anonymous_3)
FNDA:0,(anonymous_4)
FNDA:0,(anonymous_5)
FNDA:0,(anonymous_6)
FNDA:0,(anonymous_7)
FNDA:0,(anonymous_8)
FNDA:0,(anonymous_9)
FNDA:0,(anonymous_10)
FNDA:0,(anonymous_11)
FNDA:0,(anonymous_12)
FNDA:0,(anonymous_13)
FNDA:0,(anonymous_14)
FNDA:0,(anonymous_15)
FNDA:0,(anonymous_16)
FNDA:0,(anonymous_17)
FNDA:0,(anonymous_18)
FNDA:0,(anonymous_19)
FNDA:0,(anonymous_20)
FNDA:0,(anonymous_21)
FNDA:0,(anonymous_22)
FNDA:0,(anonymous_23)
FNDA:0,(anonymous_24)
FNDA:0,(anonymous_25)
FNDA:0,(anonymous_26)
FNDA:0,(anonymous_27)
FNDA:0,(anonymous_28)
FNDA:0,(anonymous_29)
FNDA:0,(anonymous_30)
FNDA:0,(anonymous_31)
FNDA:0,(anonymous_32)
FNDA:0,(anonymous_33)
FNDA:0,(anonymous_34)
FNDA:0,(anonymous_35)
FNDA:0,(anonymous_36)
FNDA:0,(anonymous_37)
FNDA:0,(anonymous_38)
FNDA:0,(anonymous_39)
DA:6,0
DA:7,0
DA:8,0
DA:75,0
DA:87,0
DA:89,0
DA:93,0
DA:97,0
DA:101,0
DA:105,0
DA:112,0
DA:123,0
DA:125,0
DA:131,0
DA:133,0
DA:145,0
DA:146,0
DA:151,0
DA:155,0
DA:159,0
DA:163,0
DA:164,0
DA:165,0
DA:170,0
DA:176,0
DA:177,0
DA:182,0
DA:186,0
DA:191,0
DA:193,0
DA:203,0
DA:205,0
DA:208,0
DA:211,0
DA:214,0
DA:217,0
LF:36
LH:0
BRDA:125,0,0,0
BRDA:125,0,1,0
BRDA:133,1,0,0
BRDA:133,1,1,0
BRDA:162,2,0,0
BRF:5
BRH:0
end_of_record
TN:
SF:src\stores\preferencesStore.ts
FN:150,(anonymous_1)
FN:153,(anonymous_2)
FN:157,(anonymous_3)
FN:161,(anonymous_4)
FN:162,(anonymous_5)
FN:170,(anonymous_6)
FN:171,(anonymous_7)
FN:179,(anonymous_8)
FN:180,(anonymous_9)
FN:188,(anonymous_10)
FN:190,(anonymous_11)
FN:198,(anonymous_12)
FN:199,(anonymous_13)
FN:207,(anonymous_14)
FN:208,(anonymous_15)
FN:216,(anonymous_16)
FN:220,(anonymous_17)
FN:224,(anonymous_18)
FN:228,(anonymous_19)
FN:234,(anonymous_20)
FN:241,(anonymous_21)
FN:242,(anonymous_22)
FN:243,(anonymous_23)
FN:244,(anonymous_24)
FN:245,(anonymous_25)
FN:246,(anonymous_26)
FN:247,(anonymous_27)
FNF:27
FNH:0
FNDA:0,(anonymous_1)
FNDA:0,(anonymous_2)
FNDA:0,(anonymous_3)
FNDA:0,(anonymous_4)
FNDA:0,(anonymous_5)
FNDA:0,(anonymous_6)
FNDA:0,(anonymous_7)
FNDA:0,(anonymous_8)
FNDA:0,(anonymous_9)
FNDA:0,(anonymous_10)
FNDA:0,(anonymous_11)
FNDA:0,(anonymous_12)
FNDA:0,(anonymous_13)
FNDA:0,(anonymous_14)
FNDA:0,(anonymous_15)
FNDA:0,(anonymous_16)
FNDA:0,(anonymous_17)
FNDA:0,(anonymous_18)
FNDA:0,(anonymous_19)
FNDA:0,(anonymous_20)
FNDA:0,(anonymous_21)
FNDA:0,(anonymous_22)
FNDA:0,(anonymous_23)
FNDA:0,(anonymous_24)
FNDA:0,(anonymous_25)
FNDA:0,(anonymous_26)
FNDA:0,(anonymous_27)
DA:6,0
DA:7,0
DA:8,0
DA:103,0
DA:115,0
DA:124,0
DA:131,0
DA:148,0
DA:150,0
DA:154,0
DA:158,0
DA:162,0
DA:171,0
DA:180,0
DA:189,0
DA:190,0
DA:199,0
DA:208,0
DA:217,0
DA:221,0
DA:225,0
DA:229,0
DA:234,0
DA:240,0
DA:241,0
DA:242,0
DA:243,0
DA:244,0
DA:245,0
DA:246,0
DA:247,0
LF:31
LH:0
BRF:0
BRH:0
end_of_record
TN:
SF:src\stores\referralsStore.ts
FN:96,(anonymous_1)
FN:99,(anonymous_2)
FN:113,(anonymous_3)
FN:114,(anonymous_4)
FN:116,(anonymous_5)
FN:129,(anonymous_6)
FN:140,(anonymous_7)
FN:175,(anonymous_8)
FN:176,(anonymous_9)
FN:190,(anonymous_10)
FN:191,(anonymous_11)
FN:199,(anonymous_12)
FN:202,(anonymous_13)
FN:203,(anonymous_14)
FN:206,(anonymous_15)
FN:210,(anonymous_16)
FN:214,(anonymous_17)
FN:220,(anonymous_18)
FN:227,(anonymous_19)
FN:228,(anonymous_20)
FN:229,(anonymous_21)
FN:230,(anonymous_22)
FN:231,(anonymous_23)
FN:232,(anonymous_24)
FN:233,(anonymous_25)
FN:234,(anonymous_26)
FNF:26
FNH:0
FNDA:0,(anonymous_1)
FNDA:0,(anonymous_2)
FNDA:0,(anonymous_3)
FNDA:0,(anonymous_4)
FNDA:0,(anonymous_5)
FNDA:0,(anonymous_6)
FNDA:0,(anonymous_7)
FNDA:0,(anonymous_8)
FNDA:0,(anonymous_9)
FNDA:0,(anonymous_10)
FNDA:0,(anonymous_11)
FNDA:0,(anonymous_12)
FNDA:0,(anonymous_13)
FNDA:0,(anonymous_14)
FNDA:0,(anonymous_15)
FNDA:0,(anonymous_16)
FNDA:0,(anonymous_17)
FNDA:0,(anonymous_18)
FNDA:0,(anonymous_19)
FNDA:0,(anonymous_20)
FNDA:0,(anonymous_21)
FNDA:0,(anonymous_22)
FNDA:0,(anonymous_23)
FNDA:0,(anonymous_24)
FNDA:0,(anonymous_25)
FNDA:0,(anonymous_26)
DA:7,0
DA:8,0
DA:9,0
DA:10,0
DA:77,0
DA:94,0
DA:96,0
DA:100,0
DA:102,0
DA:104,0
DA:106,0
DA:113,0
DA:114,0
DA:116,0
DA:122,0
DA:130,0
DA:131,0
DA:132,0
DA:133,0
DA:135,0
DA:136,0
DA:141,0
DA:143,0
DA:144,0
DA:146,0
DA:148,0
DA:150,0
DA:151,0
DA:153,0
DA:157,0
DA:163,0
DA:164,0
DA:168,0
DA:176,0
DA:177,0
DA:179,0
DA:191,0
DA:200,0
DA:201,0
DA:202,0
DA:203,0
DA:207,0
DA:211,0
DA:215,0
DA:220,0
DA:226,0
DA:227,0
DA:228,0
DA:229,0
DA:230,0
DA:231,0
DA:232,0
DA:233,0
DA:234,0
LF:54
LH:0
BRDA:114,0,0,0
BRDA:114,0,1,0
BRDA:115,1,0,0
BRDA:115,1,1,0
BRDA:146,2,0,0
BRDA:146,2,1,0
BRDA:154,3,0,0
BRDA:154,3,1,0
BRDA:177,4,0,0
BRDA:177,4,1,0
BRDA:177,5,0,0
BRDA:177,5,1,0
BRDA:203,6,0,0
BRDA:203,6,1,0
BRF:14
BRH:0
end_of_record
TN:
SF:src\styles\colors.ts
FNF:0
FNH:0
DA:1,0
DA:63,0
LF:2
LH:0
BRF:0
BRH:0
end_of_record
TN:
SF:src\styles\darkTheme.ts
FNF:0
FNH:0
DA:6,0
LF:1
LH:0
BRF:0
BRH:0
end_of_record
TN:
SF:src\styles\designSystem.ts
FNF:0
FNH:0
DA:1,0
LF:1
LH:0
BRF:0
BRH:0
end_of_record
TN:
SF:src\styles\fonts.ts
FNF:0
FNH:0
DA:1,0
LF:1
LH:0
BRF:0
BRH:0
end_of_record
TN:
SF:src\styles\theme.ts
FNF:0
FNH:0
DA:2,0
DA:4,0
DA:7,0
DA:152,0
DA:205,0
DA:224,0
DA:238,0
DA:291,0
DA:306,0
DA:325,0
DA:338,0
DA:391,0
DA:404,0
LF:13
LH:0
BRF:0
BRH:0
end_of_record
TN:
SF:src\types\achievements.ts
FNF:0
FNH:0
DA:63,0
LF:1
LH:0
BRF:0
BRH:0
end_of_record
TN:
SF:src\types\challenges.ts
FN:230,getRandomDailyChallenges
FN:231,(anonymous_1)
FN:236,getRandomWeeklyChallenges
FN:237,(anonymous_3)
FN:242,isChallengeExpired
FN:247,getTimeRemaining
FN:269,formatTimeRemaining
FNF:7
FNH:0
FNDA:0,getRandomDailyChallenges
FNDA:0,(anonymous_1)
FNDA:0,getRandomWeeklyChallenges
FNDA:0,(anonymous_3)
FNDA:0,isChallengeExpired
FNDA:0,getTimeRemaining
FNDA:0,formatTimeRemaining
DA:56,0
DA:137,0
DA:230,0
DA:231,0
DA:232,0
DA:236,0
DA:237,0
DA:238,0
DA:242,0
DA:243,0
DA:247,0
DA:253,0
DA:254,0
DA:255,0
DA:257,0
DA:258,0
DA:261,0
DA:262,0
DA:263,0
DA:265,0
DA:269,0
DA:270,0
DA:272,0
DA:273,0
DA:274,0
DA:275,0
DA:277,0
DA:278,0
LF:28
LH:0
BRDA:230,0,0,0
BRDA:236,1,0,0
BRDA:257,2,0,0
BRDA:272,3,0,0
BRDA:273,4,0,0
BRDA:275,5,0,0
BRDA:275,5,1,0
BRDA:277,6,0,0
BRF:8
BRH:0
end_of_record
TN:
SF:src\types\clans.ts
FN:277,getClanRoleName
FN:292,getClanPrivacyName
FN:306,canManageClan
FN:313,canInviteMembers
FN:320,canKickMembers
FN:327,formatMemberCount
FN:334,calculateClanLevel
FN:341,getXPForNextLevel
FNF:8
FNH:0
FNDA:0,getClanRoleName
FNDA:0,getClanPrivacyName
FNDA:0,canManageClan
FNDA:0,canInviteMembers
FNDA:0,canKickMembers
FNDA:0,formatMemberCount
FNDA:0,calculateClanLevel
FNDA:0,getXPForNextLevel
DA:145,0
DA:229,0
DA:277,0
DA:278,0
DA:280,0
DA:282,0
DA:285,0
DA:292,0
DA:293,0
DA:295,0
DA:297,0
DA:299,0
DA:306,0
DA:307,0
DA:313,0
DA:314,0
DA:320,0
DA:321,0
DA:327,0
DA:328,0
DA:334,0
DA:335,0
DA:341,0
DA:342,0
LF:24
LH:0
BRDA:278,0,0,0
BRDA:278,0,1,0
BRDA:278,0,2,0
BRDA:278,0,3,0
BRDA:293,1,0,0
BRDA:293,1,1,0
BRDA:293,1,2,0
BRDA:307,2,0,0
BRDA:307,2,1,0
BRDA:314,3,0,0
BRDA:314,3,1,0
BRDA:321,4,0,0
BRDA:321,4,1,0
BRF:13
BRH:0
end_of_record
TN:
SF:src\types\errors.ts
FN:37,(anonymous_0)
FN:44,(anonymous_1)
FN:54,(anonymous_2)
FNF:3
FNH:2
FNDA:1,(anonymous_0)
FNDA:1,(anonymous_1)
FNDA:0,(anonymous_2)
DA:37,1
DA:38,1
DA:44,1
DA:45,1
DA:46,1
DA:47,1
DA:48,0
DA:54,1
DA:55,0
DA:56,0
DA:57,0
LF:11
LH:7
BRDA:38,0,0,1
BRDA:38,0,1,1
BRDA:38,0,2,1
BRDA:38,0,3,0
BRDA:44,1,0,0
BRDA:45,2,0,0
BRDA:46,3,0,0
BRDA:47,4,0,1
BRDA:54,5,0,0
BRDA:55,6,0,0
BRDA:56,7,0,0
BRDA:56,8,0,0
BRDA:56,8,1,0
BRF:13
BRH:4
end_of_record
TN:
SF:src\utils\animations.ts
FN:11,(anonymous_9)
FN:12,(anonymous_10)
FN:13,(anonymous_11)
FN:14,(anonymous_12)
FN:15,(anonymous_13)
FN:16,(anonymous_14)
FN:22,(anonymous_15)
FN:40,(anonymous_16)
FN:66,(anonymous_17)
FN:87,(anonymous_18)
FN:95,(anonymous_19)
FN:103,(anonymous_20)
FN:114,(anonymous_21)
FN:131,(anonymous_22)
FN:143,(anonymous_23)
FN:152,(anonymous_24)
FN:161,(anonymous_25)
FN:164,(anonymous_26)
FN:186,(anonymous_27)
FN:191,(anonymous_28)
FN:196,(anonymous_29)
FN:201,(anonymous_30)
FN:207,(anonymous_31)
FN:212,(anonymous_32)
FN:215,(anonymous_33)
FN:222,(anonymous_34)
FN:225,(anonymous_35)
FNF:27
FNH:0
FNDA:0,(anonymous_9)
FNDA:0,(anonymous_10)
FNDA:0,(anonymous_11)
FNDA:0,(anonymous_12)
FNDA:0,(anonymous_13)
FNDA:0,(anonymous_14)
FNDA:0,(anonymous_15)
FNDA:0,(anonymous_16)
FNDA:0,(anonymous_17)
FNDA:0,(anonymous_18)
FNDA:0,(anonymous_19)
FNDA:0,(anonymous_20)
FNDA:0,(anonymous_21)
FNDA:0,(anonymous_22)
FNDA:0,(anonymous_23)
FNDA:0,(anonymous_24)
FNDA:0,(anonymous_25)
FNDA:0,(anonymous_26)
FNDA:0,(anonymous_27)
FNDA:0,(anonymous_28)
FNDA:0,(anonymous_29)
FNDA:0,(anonymous_30)
FNDA:0,(anonymous_31)
FNDA:0,(anonymous_32)
FNDA:0,(anonymous_33)
FNDA:0,(anonymous_34)
FNDA:0,(anonymous_35)
DA:1,0
DA:2,0
DA:10,0
DA:11,0
DA:12,0
DA:13,0
DA:14,0
DA:15,0
DA:16,0
DA:20,0
DA:23,0
DA:41,0
DA:67,0
DA:88,0
DA:96,0
DA:104,0
DA:115,0
DA:132,0
DA:144,0
DA:153,0
DA:162,0
DA:165,0
DA:185,0
DA:187,0
DA:188,0
DA:192,0
DA:193,0
DA:197,0
DA:198,0
DA:202,0
DA:207,0
DA:208,0
DA:209,0
DA:212,0
DA:215,0
DA:216,0
DA:219,0
DA:222,0
DA:225,0
DA:226,0
DA:229,0
DA:233,0
DA:242,0
LF:43
LH:0
BRDA:66,0,0,0
BRDA:87,1,0,0
BRDA:95,2,0,0
BRDA:103,3,0,0
BRDA:207,4,0,0
BRF:5
BRH:0
end_of_record
TN:
SF:src\utils\errorMessages.ts
FN:15,(anonymous_0)
FNF:1
FNH:1
FNDA:13,(anonymous_0)
DA:1,1
DA:15,1
DA:17,13
DA:18,3
DA:22,10
DA:23,1
DA:27,9
DA:28,7
DA:32,2
DA:33,1
DA:37,1
DA:38,1
DA:42,0
DA:43,0
DA:47,0
LF:15
LH:12
BRDA:17,0,0,3
BRDA:17,1,0,13
BRDA:17,1,1,11
BRDA:17,1,2,3
BRDA:22,2,0,1
BRDA:27,3,0,7
BRDA:32,4,0,1
BRDA:37,5,0,1
BRDA:42,6,0,0
BRDA:42,7,0,0
BRDA:42,7,1,0
BRF:11
BRH:8
end_of_record
TN:
SF:src\utils\testUtils.ts
FN:12,(anonymous_1)
FN:24,(anonymous_2)
FN:29,(anonymous_3)
FN:30,(anonymous_4)
FN:37,(anonymous_5)
FN:42,(anonymous_6)
FN:43,(anonymous_7)
FN:50,(anonymous_8)
FN:59,(anonymous_9)
FN:60,(anonymous_10)
FN:71,(anonymous_11)
FN:78,(anonymous_12)
FN:87,(anonymous_13)
FN:98,(anonymous_14)
FN:110,(anonymous_15)
FN:121,(anonymous_16)
FN:133,(anonymous_17)
FN:133,(anonymous_18)
FN:138,(anonymous_19)
FN:144,(anonymous_20)
FN:155,(anonymous_21)
FN:165,(anonymous_22)
FN:166,(anonymous_23)
FN:167,(anonymous_24)
FNF:24
FNH:0
FNDA:0,(anonymous_1)
FNDA:0,(anonymous_2)
FNDA:0,(anonymous_3)
FNDA:0,(anonymous_4)
FNDA:0,(anonymous_5)
FNDA:0,(anonymous_6)
FNDA:0,(anonymous_7)
FNDA:0,(anonymous_8)
FNDA:0,(anonymous_9)
FNDA:0,(anonymous_10)
FNDA:0,(anonymous_11)
FNDA:0,(anonymous_12)
FNDA:0,(anonymous_13)
FNDA:0,(anonymous_14)
FNDA:0,(anonymous_15)
FNDA:0,(anonymous_16)
FNDA:0,(anonymous_17)
FNDA:0,(anonymous_18)
FNDA:0,(anonymous_19)
FNDA:0,(anonymous_20)
FNDA:0,(anonymous_21)
FNDA:0,(anonymous_22)
FNDA:0,(anonymous_23)
FNDA:0,(anonymous_24)
DA:6,0
DA:7,0
DA:12,0
DA:13,0
DA:14,0
DA:15,0
DA:16,0
DA:17,0
DA:18,0
DA:24,0
DA:25,0
DA:29,0
DA:30,0
DA:37,0
DA:38,0
DA:42,0
DA:43,0
DA:50,0
DA:51,0
DA:59,0
DA:60,0
DA:61,0
DA:62,0
DA:64,0
DA:71,0
DA:72,0
DA:78,0
DA:87,0
DA:98,0
DA:110,0
DA:121,0
DA:133,0
DA:138,0
DA:144,0
DA:155,0
DA:156,0
DA:165,0
DA:166,0
DA:167,0
LF:39
LH:0
BRDA:24,0,0,0
BRDA:37,1,0,0
BRDA:61,2,0,0
BRDA:78,3,0,0
BRDA:81,4,0,0
BRDA:81,4,1,0
BRDA:87,5,0,0
BRDA:98,6,0,0
BRDA:110,7,0,0
BRDA:138,8,0,0
BRDA:144,9,0,0
BRF:11
BRH:0
end_of_record
TN:
SF:src\utils\userHelpers.ts
FN:6,(anonymous_0)
FN:23,(anonymous_1)
FN:44,(anonymous_2)
FN:53,(anonymous_3)
FN:64,(anonymous_4)
FNF:5
FNH:0
FNDA:0,(anonymous_0)
FNDA:0,(anonymous_1)
FNDA:0,(anonymous_2)
FNDA:0,(anonymous_3)
FNDA:0,(anonymous_4)
DA:6,0
DA:7,0
DA:10,0
DA:11,0
DA:12,0
DA:14,0
DA:17,0
DA:23,0
DA:24,0
DA:27,0
DA:28,0
DA:32,0
DA:33,0
DA:34,0
DA:38,0
DA:44,0
DA:45,0
DA:46,0
DA:53,0
DA:54,0
DA:57,0
DA:64,0
DA:65,0
DA:67,0
LF:24
LH:0
BRDA:7,0,0,0
BRDA:10,1,0,0
BRDA:11,2,0,0
BRDA:12,3,0,0
BRDA:27,4,0,0
BRDA:27,5,0,0
BRDA:27,5,1,0
BRDA:33,6,0,0
BRDA:45,7,0,0
BRDA:46,8,0,0
BRDA:46,8,1,0
BRDA:54,9,0,0
BRDA:57,10,0,0
BRDA:57,10,1,0
BRDA:57,10,2,0
BRDA:65,11,0,0
BRDA:67,12,0,0
BRDA:67,12,1,0
BRF:18
BRH:0
end_of_record
